[2026-03-28T18:21:03.816+0000] {processor.py:157} INFO - Started process (PID=185) to work on /opt/airflow/dags/dbt_dag.py
[2026-03-28T18:21:03.819+0000] {processor.py:829} INFO - Processing file /opt/airflow/dags/dbt_dag.py for tasks to queue
[2026-03-28T18:21:03.823+0000] {logging_mixin.py:151} INFO - [2026-03-28T18:21:03.822+0000] {dagbag.py:539} INFO - Filling up the DagBag from /opt/airflow/dags/dbt_dag.py
[2026-03-28T18:21:03.840+0000] {processor.py:839} INFO - DAG(s) dict_keys(['dbt_transform_daily']) retrieved from /opt/airflow/dags/dbt_dag.py
[2026-03-28T18:21:03.856+0000] {logging_mixin.py:151} INFO - [2026-03-28T18:21:03.855+0000] {dag.py:2915} INFO - Sync 1 DAGs
[2026-03-28T18:21:03.876+0000] {logging_mixin.py:151} INFO - [2026-03-28T18:21:03.875+0000] {dag.py:3696} INFO - Setting next_dagrun for dbt_transform_daily to 2026-03-27T03:00:00+00:00, run_after=2026-03-28T03:00:00+00:00
[2026-03-28T18:21:03.896+0000] {processor.py:179} INFO - Processing /opt/airflow/dags/dbt_dag.py took 0.083 seconds
[2026-03-28T18:21:35.295+0000] {processor.py:157} INFO - Started process (PID=207) to work on /opt/airflow/dags/dbt_dag.py
[2026-03-28T18:21:35.297+0000] {processor.py:829} INFO - Processing file /opt/airflow/dags/dbt_dag.py for tasks to queue
[2026-03-28T18:21:35.299+0000] {logging_mixin.py:151} INFO - [2026-03-28T18:21:35.298+0000] {dagbag.py:539} INFO - Filling up the DagBag from /opt/airflow/dags/dbt_dag.py
[2026-03-28T18:21:35.335+0000] {processor.py:839} INFO - DAG(s) dict_keys(['dbt_transform_daily']) retrieved from /opt/airflow/dags/dbt_dag.py
[2026-03-28T18:21:35.364+0000] {logging_mixin.py:151} INFO - [2026-03-28T18:21:35.364+0000] {dag.py:2915} INFO - Sync 1 DAGs
[2026-03-28T18:21:35.388+0000] {logging_mixin.py:151} INFO - [2026-03-28T18:21:35.387+0000] {dag.py:3696} INFO - Setting next_dagrun for dbt_transform_daily to 2026-03-27T03:00:00+00:00, run_after=2026-03-28T03:00:00+00:00
[2026-03-28T18:21:35.401+0000] {processor.py:179} INFO - Processing /opt/airflow/dags/dbt_dag.py took 0.107 seconds
[2026-03-28T18:22:07.048+0000] {processor.py:157} INFO - Started process (PID=229) to work on /opt/airflow/dags/dbt_dag.py
[2026-03-28T18:22:07.049+0000] {processor.py:829} INFO - Processing file /opt/airflow/dags/dbt_dag.py for tasks to queue
[2026-03-28T18:22:07.050+0000] {logging_mixin.py:151} INFO - [2026-03-28T18:22:07.050+0000] {dagbag.py:539} INFO - Filling up the DagBag from /opt/airflow/dags/dbt_dag.py
[2026-03-28T18:22:07.060+0000] {processor.py:839} INFO - DAG(s) dict_keys(['dbt_transform_daily']) retrieved from /opt/airflow/dags/dbt_dag.py
[2026-03-28T18:22:07.088+0000] {logging_mixin.py:151} INFO - [2026-03-28T18:22:07.088+0000] {dag.py:2915} INFO - Sync 1 DAGs
[2026-03-28T18:22:07.102+0000] {logging_mixin.py:151} INFO - [2026-03-28T18:22:07.102+0000] {dag.py:3696} INFO - Setting next_dagrun for dbt_transform_daily to 2026-03-27T03:00:00+00:00, run_after=2026-03-28T03:00:00+00:00
[2026-03-28T18:22:07.109+0000] {processor.py:179} INFO - Processing /opt/airflow/dags/dbt_dag.py took 0.063 seconds
[2026-03-28T18:22:38.093+0000] {processor.py:157} INFO - Started process (PID=251) to work on /opt/airflow/dags/dbt_dag.py
[2026-03-28T18:22:38.093+0000] {processor.py:829} INFO - Processing file /opt/airflow/dags/dbt_dag.py for tasks to queue
[2026-03-28T18:22:38.094+0000] {logging_mixin.py:151} INFO - [2026-03-28T18:22:38.093+0000] {dagbag.py:539} INFO - Filling up the DagBag from /opt/airflow/dags/dbt_dag.py
[2026-03-28T18:22:38.100+0000] {processor.py:839} INFO - DAG(s) dict_keys(['dbt_transform_daily']) retrieved from /opt/airflow/dags/dbt_dag.py
[2026-03-28T18:22:38.120+0000] {logging_mixin.py:151} INFO - [2026-03-28T18:22:38.119+0000] {dag.py:2915} INFO - Sync 1 DAGs
[2026-03-28T18:22:38.133+0000] {logging_mixin.py:151} INFO - [2026-03-28T18:22:38.133+0000] {dag.py:3696} INFO - Setting next_dagrun for dbt_transform_daily to 2026-03-27T03:00:00+00:00, run_after=2026-03-28T03:00:00+00:00
[2026-03-28T18:22:38.139+0000] {processor.py:179} INFO - Processing /opt/airflow/dags/dbt_dag.py took 0.049 seconds
[2026-03-28T18:23:09.141+0000] {processor.py:157} INFO - Started process (PID=273) to work on /opt/airflow/dags/dbt_dag.py
[2026-03-28T18:23:09.141+0000] {processor.py:829} INFO - Processing file /opt/airflow/dags/dbt_dag.py for tasks to queue
[2026-03-28T18:23:09.142+0000] {logging_mixin.py:151} INFO - [2026-03-28T18:23:09.142+0000] {dagbag.py:539} INFO - Filling up the DagBag from /opt/airflow/dags/dbt_dag.py
[2026-03-28T18:23:09.152+0000] {processor.py:839} INFO - DAG(s) dict_keys(['dbt_transform_daily']) retrieved from /opt/airflow/dags/dbt_dag.py
[2026-03-28T18:23:09.165+0000] {logging_mixin.py:151} INFO - [2026-03-28T18:23:09.165+0000] {dag.py:2915} INFO - Sync 1 DAGs
[2026-03-28T18:23:09.175+0000] {logging_mixin.py:151} INFO - [2026-03-28T18:23:09.175+0000] {dag.py:3696} INFO - Setting next_dagrun for dbt_transform_daily to 2026-03-27T03:00:00+00:00, run_after=2026-03-28T03:00:00+00:00
[2026-03-28T18:23:09.182+0000] {processor.py:179} INFO - Processing /opt/airflow/dags/dbt_dag.py took 0.043 seconds
[2026-03-28T18:23:40.225+0000] {processor.py:157} INFO - Started process (PID=295) to work on /opt/airflow/dags/dbt_dag.py
[2026-03-28T18:23:40.226+0000] {processor.py:829} INFO - Processing file /opt/airflow/dags/dbt_dag.py for tasks to queue
[2026-03-28T18:23:40.229+0000] {logging_mixin.py:151} INFO - [2026-03-28T18:23:40.229+0000] {dagbag.py:539} INFO - Filling up the DagBag from /opt/airflow/dags/dbt_dag.py
[2026-03-28T18:23:40.240+0000] {processor.py:839} INFO - DAG(s) dict_keys(['dbt_transform_daily']) retrieved from /opt/airflow/dags/dbt_dag.py
[2026-03-28T18:23:40.256+0000] {logging_mixin.py:151} INFO - [2026-03-28T18:23:40.256+0000] {dag.py:2915} INFO - Sync 1 DAGs
[2026-03-28T18:23:40.266+0000] {logging_mixin.py:151} INFO - [2026-03-28T18:23:40.266+0000] {dag.py:3696} INFO - Setting next_dagrun for dbt_transform_daily to 2026-03-27T03:00:00+00:00, run_after=2026-03-28T03:00:00+00:00
[2026-03-28T18:23:40.356+0000] {processor.py:179} INFO - Processing /opt/airflow/dags/dbt_dag.py took 0.132 seconds
[2026-03-28T18:24:11.765+0000] {processor.py:157} INFO - Started process (PID=317) to work on /opt/airflow/dags/dbt_dag.py
[2026-03-28T18:24:11.766+0000] {processor.py:829} INFO - Processing file /opt/airflow/dags/dbt_dag.py for tasks to queue
[2026-03-28T18:24:11.770+0000] {logging_mixin.py:151} INFO - [2026-03-28T18:24:11.770+0000] {dagbag.py:539} INFO - Filling up the DagBag from /opt/airflow/dags/dbt_dag.py
[2026-03-28T18:24:11.782+0000] {processor.py:839} INFO - DAG(s) dict_keys(['dbt_transform_daily']) retrieved from /opt/airflow/dags/dbt_dag.py
[2026-03-28T18:24:11.804+0000] {logging_mixin.py:151} INFO - [2026-03-28T18:24:11.804+0000] {dag.py:2915} INFO - Sync 1 DAGs
[2026-03-28T18:24:11.886+0000] {logging_mixin.py:151} INFO - [2026-03-28T18:24:11.886+0000] {dag.py:3696} INFO - Setting next_dagrun for dbt_transform_daily to 2026-03-27T03:00:00+00:00, run_after=2026-03-28T03:00:00+00:00
[2026-03-28T18:24:11.893+0000] {processor.py:179} INFO - Processing /opt/airflow/dags/dbt_dag.py took 0.130 seconds
[2026-03-28T18:24:43.042+0000] {processor.py:157} INFO - Started process (PID=339) to work on /opt/airflow/dags/dbt_dag.py
[2026-03-28T18:24:43.045+0000] {processor.py:829} INFO - Processing file /opt/airflow/dags/dbt_dag.py for tasks to queue
[2026-03-28T18:24:43.047+0000] {logging_mixin.py:151} INFO - [2026-03-28T18:24:43.047+0000] {dagbag.py:539} INFO - Filling up the DagBag from /opt/airflow/dags/dbt_dag.py
[2026-03-28T18:24:43.064+0000] {processor.py:839} INFO - DAG(s) dict_keys(['dbt_transform_daily']) retrieved from /opt/airflow/dags/dbt_dag.py
[2026-03-28T18:24:43.095+0000] {logging_mixin.py:151} INFO - [2026-03-28T18:24:43.095+0000] {dag.py:2915} INFO - Sync 1 DAGs
[2026-03-28T18:24:43.196+0000] {logging_mixin.py:151} INFO - [2026-03-28T18:24:43.196+0000] {dag.py:3696} INFO - Setting next_dagrun for dbt_transform_daily to 2026-03-27T03:00:00+00:00, run_after=2026-03-28T03:00:00+00:00
[2026-03-28T18:24:43.203+0000] {processor.py:179} INFO - Processing /opt/airflow/dags/dbt_dag.py took 0.167 seconds
[2026-03-28T18:25:14.052+0000] {processor.py:157} INFO - Started process (PID=361) to work on /opt/airflow/dags/dbt_dag.py
[2026-03-28T18:25:14.054+0000] {processor.py:829} INFO - Processing file /opt/airflow/dags/dbt_dag.py for tasks to queue
[2026-03-28T18:25:14.054+0000] {logging_mixin.py:151} INFO - [2026-03-28T18:25:14.054+0000] {dagbag.py:539} INFO - Filling up the DagBag from /opt/airflow/dags/dbt_dag.py
[2026-03-28T18:25:14.065+0000] {processor.py:839} INFO - DAG(s) dict_keys(['dbt_transform_daily']) retrieved from /opt/airflow/dags/dbt_dag.py
[2026-03-28T18:25:14.152+0000] {logging_mixin.py:151} INFO - [2026-03-28T18:25:14.152+0000] {dag.py:2915} INFO - Sync 1 DAGs
[2026-03-28T18:25:14.160+0000] {logging_mixin.py:151} INFO - [2026-03-28T18:25:14.160+0000] {dag.py:3696} INFO - Setting next_dagrun for dbt_transform_daily to 2026-03-27T03:00:00+00:00, run_after=2026-03-28T03:00:00+00:00
[2026-03-28T18:25:14.167+0000] {processor.py:179} INFO - Processing /opt/airflow/dags/dbt_dag.py took 0.117 seconds
[2026-03-28T18:25:45.143+0000] {processor.py:157} INFO - Started process (PID=383) to work on /opt/airflow/dags/dbt_dag.py
[2026-03-28T18:25:45.143+0000] {processor.py:829} INFO - Processing file /opt/airflow/dags/dbt_dag.py for tasks to queue
[2026-03-28T18:25:45.144+0000] {logging_mixin.py:151} INFO - [2026-03-28T18:25:45.143+0000] {dagbag.py:539} INFO - Filling up the DagBag from /opt/airflow/dags/dbt_dag.py
[2026-03-28T18:25:45.152+0000] {processor.py:839} INFO - DAG(s) dict_keys(['dbt_transform_daily']) retrieved from /opt/airflow/dags/dbt_dag.py
[2026-03-28T18:25:45.174+0000] {logging_mixin.py:151} INFO - [2026-03-28T18:25:45.174+0000] {dag.py:2915} INFO - Sync 1 DAGs
[2026-03-28T18:25:45.185+0000] {logging_mixin.py:151} INFO - [2026-03-28T18:25:45.185+0000] {dag.py:3696} INFO - Setting next_dagrun for dbt_transform_daily to 2026-03-27T03:00:00+00:00, run_after=2026-03-28T03:00:00+00:00
[2026-03-28T18:25:45.192+0000] {processor.py:179} INFO - Processing /opt/airflow/dags/dbt_dag.py took 0.050 seconds
[2026-03-28T18:26:16.055+0000] {processor.py:157} INFO - Started process (PID=405) to work on /opt/airflow/dags/dbt_dag.py
[2026-03-28T18:26:16.057+0000] {processor.py:829} INFO - Processing file /opt/airflow/dags/dbt_dag.py for tasks to queue
[2026-03-28T18:26:16.057+0000] {logging_mixin.py:151} INFO - [2026-03-28T18:26:16.057+0000] {dagbag.py:539} INFO - Filling up the DagBag from /opt/airflow/dags/dbt_dag.py
[2026-03-28T18:26:16.066+0000] {processor.py:839} INFO - DAG(s) dict_keys(['dbt_transform_daily']) retrieved from /opt/airflow/dags/dbt_dag.py
[2026-03-28T18:26:16.083+0000] {logging_mixin.py:151} INFO - [2026-03-28T18:26:16.083+0000] {dag.py:2915} INFO - Sync 1 DAGs
[2026-03-28T18:26:16.093+0000] {logging_mixin.py:151} INFO - [2026-03-28T18:26:16.093+0000] {dag.py:3696} INFO - Setting next_dagrun for dbt_transform_daily to 2026-03-27T03:00:00+00:00, run_after=2026-03-28T03:00:00+00:00
[2026-03-28T18:26:16.098+0000] {processor.py:179} INFO - Processing /opt/airflow/dags/dbt_dag.py took 0.045 seconds
[2026-03-28T18:26:46.629+0000] {processor.py:157} INFO - Started process (PID=427) to work on /opt/airflow/dags/dbt_dag.py
[2026-03-28T18:26:46.630+0000] {processor.py:829} INFO - Processing file /opt/airflow/dags/dbt_dag.py for tasks to queue
[2026-03-28T18:26:46.630+0000] {logging_mixin.py:151} INFO - [2026-03-28T18:26:46.630+0000] {dagbag.py:539} INFO - Filling up the DagBag from /opt/airflow/dags/dbt_dag.py
[2026-03-28T18:26:46.636+0000] {processor.py:839} INFO - DAG(s) dict_keys(['dbt_transform_daily']) retrieved from /opt/airflow/dags/dbt_dag.py
[2026-03-28T18:26:46.658+0000] {logging_mixin.py:151} INFO - [2026-03-28T18:26:46.658+0000] {dag.py:2915} INFO - Sync 1 DAGs
[2026-03-28T18:26:46.669+0000] {logging_mixin.py:151} INFO - [2026-03-28T18:26:46.669+0000] {dag.py:3696} INFO - Setting next_dagrun for dbt_transform_daily to 2026-03-27T03:00:00+00:00, run_after=2026-03-28T03:00:00+00:00
[2026-03-28T18:26:46.675+0000] {processor.py:179} INFO - Processing /opt/airflow/dags/dbt_dag.py took 0.047 seconds
[2026-03-28T18:27:17.465+0000] {processor.py:157} INFO - Started process (PID=449) to work on /opt/airflow/dags/dbt_dag.py
[2026-03-28T18:27:17.465+0000] {processor.py:829} INFO - Processing file /opt/airflow/dags/dbt_dag.py for tasks to queue
[2026-03-28T18:27:17.466+0000] {logging_mixin.py:151} INFO - [2026-03-28T18:27:17.466+0000] {dagbag.py:539} INFO - Filling up the DagBag from /opt/airflow/dags/dbt_dag.py
[2026-03-28T18:27:17.472+0000] {processor.py:839} INFO - DAG(s) dict_keys(['dbt_transform_daily']) retrieved from /opt/airflow/dags/dbt_dag.py
[2026-03-28T18:27:17.494+0000] {logging_mixin.py:151} INFO - [2026-03-28T18:27:17.494+0000] {dag.py:2915} INFO - Sync 1 DAGs
[2026-03-28T18:27:17.506+0000] {logging_mixin.py:151} INFO - [2026-03-28T18:27:17.506+0000] {dag.py:3696} INFO - Setting next_dagrun for dbt_transform_daily to 2026-03-27T03:00:00+00:00, run_after=2026-03-28T03:00:00+00:00
[2026-03-28T18:27:17.513+0000] {processor.py:179} INFO - Processing /opt/airflow/dags/dbt_dag.py took 0.049 seconds
[2026-03-28T18:27:48.659+0000] {processor.py:157} INFO - Started process (PID=471) to work on /opt/airflow/dags/dbt_dag.py
[2026-03-28T18:27:48.661+0000] {processor.py:829} INFO - Processing file /opt/airflow/dags/dbt_dag.py for tasks to queue
[2026-03-28T18:27:48.663+0000] {logging_mixin.py:151} INFO - [2026-03-28T18:27:48.663+0000] {dagbag.py:539} INFO - Filling up the DagBag from /opt/airflow/dags/dbt_dag.py
[2026-03-28T18:27:48.701+0000] {processor.py:839} INFO - DAG(s) dict_keys(['dbt_transform_daily']) retrieved from /opt/airflow/dags/dbt_dag.py
[2026-03-28T18:27:48.748+0000] {logging_mixin.py:151} INFO - [2026-03-28T18:27:48.748+0000] {dag.py:2915} INFO - Sync 1 DAGs
[2026-03-28T18:27:48.762+0000] {logging_mixin.py:151} INFO - [2026-03-28T18:27:48.762+0000] {dag.py:3696} INFO - Setting next_dagrun for dbt_transform_daily to 2026-03-27T03:00:00+00:00, run_after=2026-03-28T03:00:00+00:00
[2026-03-28T18:27:48.771+0000] {processor.py:179} INFO - Processing /opt/airflow/dags/dbt_dag.py took 0.133 seconds
[2026-03-28T18:28:19.219+0000] {processor.py:157} INFO - Started process (PID=493) to work on /opt/airflow/dags/dbt_dag.py
[2026-03-28T18:28:19.219+0000] {processor.py:829} INFO - Processing file /opt/airflow/dags/dbt_dag.py for tasks to queue
[2026-03-28T18:28:19.220+0000] {logging_mixin.py:151} INFO - [2026-03-28T18:28:19.219+0000] {dagbag.py:539} INFO - Filling up the DagBag from /opt/airflow/dags/dbt_dag.py
[2026-03-28T18:28:19.230+0000] {processor.py:839} INFO - DAG(s) dict_keys(['dbt_transform_daily']) retrieved from /opt/airflow/dags/dbt_dag.py
[2026-03-28T18:28:19.247+0000] {logging_mixin.py:151} INFO - [2026-03-28T18:28:19.247+0000] {dag.py:2915} INFO - Sync 1 DAGs
[2026-03-28T18:28:19.256+0000] {logging_mixin.py:151} INFO - [2026-03-28T18:28:19.256+0000] {dag.py:3696} INFO - Setting next_dagrun for dbt_transform_daily to 2026-03-27T03:00:00+00:00, run_after=2026-03-28T03:00:00+00:00
[2026-03-28T18:28:19.263+0000] {processor.py:179} INFO - Processing /opt/airflow/dags/dbt_dag.py took 0.046 seconds
[2026-03-28T18:28:50.221+0000] {processor.py:157} INFO - Started process (PID=515) to work on /opt/airflow/dags/dbt_dag.py
[2026-03-28T18:28:50.222+0000] {processor.py:829} INFO - Processing file /opt/airflow/dags/dbt_dag.py for tasks to queue
[2026-03-28T18:28:50.226+0000] {logging_mixin.py:151} INFO - [2026-03-28T18:28:50.226+0000] {dagbag.py:539} INFO - Filling up the DagBag from /opt/airflow/dags/dbt_dag.py
[2026-03-28T18:28:50.236+0000] {processor.py:839} INFO - DAG(s) dict_keys(['dbt_transform_daily']) retrieved from /opt/airflow/dags/dbt_dag.py
[2026-03-28T18:28:50.259+0000] {logging_mixin.py:151} INFO - [2026-03-28T18:28:50.259+0000] {dag.py:2915} INFO - Sync 1 DAGs
[2026-03-28T18:28:50.272+0000] {logging_mixin.py:151} INFO - [2026-03-28T18:28:50.271+0000] {dag.py:3696} INFO - Setting next_dagrun for dbt_transform_daily to 2026-03-27T03:00:00+00:00, run_after=2026-03-28T03:00:00+00:00
[2026-03-28T18:28:50.284+0000] {processor.py:179} INFO - Processing /opt/airflow/dags/dbt_dag.py took 0.065 seconds
[2026-03-28T18:29:21.025+0000] {processor.py:157} INFO - Started process (PID=537) to work on /opt/airflow/dags/dbt_dag.py
[2026-03-28T18:29:21.026+0000] {processor.py:829} INFO - Processing file /opt/airflow/dags/dbt_dag.py for tasks to queue
[2026-03-28T18:29:21.027+0000] {logging_mixin.py:151} INFO - [2026-03-28T18:29:21.027+0000] {dagbag.py:539} INFO - Filling up the DagBag from /opt/airflow/dags/dbt_dag.py
[2026-03-28T18:29:21.041+0000] {processor.py:839} INFO - DAG(s) dict_keys(['dbt_transform_daily']) retrieved from /opt/airflow/dags/dbt_dag.py
[2026-03-28T18:29:21.059+0000] {logging_mixin.py:151} INFO - [2026-03-28T18:29:21.059+0000] {dag.py:2915} INFO - Sync 1 DAGs
[2026-03-28T18:29:21.068+0000] {logging_mixin.py:151} INFO - [2026-03-28T18:29:21.068+0000] {dag.py:3696} INFO - Setting next_dagrun for dbt_transform_daily to 2026-03-27T03:00:00+00:00, run_after=2026-03-28T03:00:00+00:00
[2026-03-28T18:29:21.076+0000] {processor.py:179} INFO - Processing /opt/airflow/dags/dbt_dag.py took 0.052 seconds
[2026-03-28T18:29:51.581+0000] {processor.py:157} INFO - Started process (PID=559) to work on /opt/airflow/dags/dbt_dag.py
[2026-03-28T18:29:51.581+0000] {processor.py:829} INFO - Processing file /opt/airflow/dags/dbt_dag.py for tasks to queue
[2026-03-28T18:29:51.581+0000] {logging_mixin.py:151} INFO - [2026-03-28T18:29:51.581+0000] {dagbag.py:539} INFO - Filling up the DagBag from /opt/airflow/dags/dbt_dag.py
[2026-03-28T18:29:51.588+0000] {processor.py:839} INFO - DAG(s) dict_keys(['dbt_transform_daily']) retrieved from /opt/airflow/dags/dbt_dag.py
[2026-03-28T18:29:51.606+0000] {logging_mixin.py:151} INFO - [2026-03-28T18:29:51.606+0000] {dag.py:2915} INFO - Sync 1 DAGs
[2026-03-28T18:29:51.615+0000] {logging_mixin.py:151} INFO - [2026-03-28T18:29:51.615+0000] {dag.py:3696} INFO - Setting next_dagrun for dbt_transform_daily to 2026-03-27T03:00:00+00:00, run_after=2026-03-28T03:00:00+00:00
[2026-03-28T18:29:51.622+0000] {processor.py:179} INFO - Processing /opt/airflow/dags/dbt_dag.py took 0.043 seconds
[2026-03-28T18:30:22.425+0000] {processor.py:157} INFO - Started process (PID=581) to work on /opt/airflow/dags/dbt_dag.py
[2026-03-28T18:30:22.426+0000] {processor.py:829} INFO - Processing file /opt/airflow/dags/dbt_dag.py for tasks to queue
[2026-03-28T18:30:22.427+0000] {logging_mixin.py:151} INFO - [2026-03-28T18:30:22.426+0000] {dagbag.py:539} INFO - Filling up the DagBag from /opt/airflow/dags/dbt_dag.py
[2026-03-28T18:30:22.438+0000] {processor.py:839} INFO - DAG(s) dict_keys(['dbt_transform_daily']) retrieved from /opt/airflow/dags/dbt_dag.py
[2026-03-28T18:30:22.453+0000] {logging_mixin.py:151} INFO - [2026-03-28T18:30:22.453+0000] {dag.py:2915} INFO - Sync 1 DAGs
[2026-03-28T18:30:22.462+0000] {logging_mixin.py:151} INFO - [2026-03-28T18:30:22.462+0000] {dag.py:3696} INFO - Setting next_dagrun for dbt_transform_daily to 2026-03-27T03:00:00+00:00, run_after=2026-03-28T03:00:00+00:00
[2026-03-28T18:30:22.468+0000] {processor.py:179} INFO - Processing /opt/airflow/dags/dbt_dag.py took 0.046 seconds
[2026-03-28T18:30:53.574+0000] {processor.py:157} INFO - Started process (PID=603) to work on /opt/airflow/dags/dbt_dag.py
[2026-03-28T18:30:53.575+0000] {processor.py:829} INFO - Processing file /opt/airflow/dags/dbt_dag.py for tasks to queue
[2026-03-28T18:30:53.576+0000] {logging_mixin.py:151} INFO - [2026-03-28T18:30:53.576+0000] {dagbag.py:539} INFO - Filling up the DagBag from /opt/airflow/dags/dbt_dag.py
[2026-03-28T18:30:53.592+0000] {processor.py:839} INFO - DAG(s) dict_keys(['dbt_transform_daily']) retrieved from /opt/airflow/dags/dbt_dag.py
[2026-03-28T18:30:53.619+0000] {logging_mixin.py:151} INFO - [2026-03-28T18:30:53.619+0000] {dag.py:2915} INFO - Sync 1 DAGs
[2026-03-28T18:30:53.637+0000] {logging_mixin.py:151} INFO - [2026-03-28T18:30:53.637+0000] {dag.py:3696} INFO - Setting next_dagrun for dbt_transform_daily to 2026-03-27T03:00:00+00:00, run_after=2026-03-28T03:00:00+00:00
[2026-03-28T18:30:53.649+0000] {processor.py:179} INFO - Processing /opt/airflow/dags/dbt_dag.py took 0.077 seconds
[2026-03-28T18:31:24.491+0000] {processor.py:157} INFO - Started process (PID=625) to work on /opt/airflow/dags/dbt_dag.py
[2026-03-28T18:31:24.492+0000] {processor.py:829} INFO - Processing file /opt/airflow/dags/dbt_dag.py for tasks to queue
[2026-03-28T18:31:24.492+0000] {logging_mixin.py:151} INFO - [2026-03-28T18:31:24.492+0000] {dagbag.py:539} INFO - Filling up the DagBag from /opt/airflow/dags/dbt_dag.py
[2026-03-28T18:31:24.505+0000] {processor.py:839} INFO - DAG(s) dict_keys(['dbt_transform_daily']) retrieved from /opt/airflow/dags/dbt_dag.py
[2026-03-28T18:31:24.518+0000] {logging_mixin.py:151} INFO - [2026-03-28T18:31:24.518+0000] {dag.py:2915} INFO - Sync 1 DAGs
[2026-03-28T18:31:24.528+0000] {logging_mixin.py:151} INFO - [2026-03-28T18:31:24.527+0000] {dag.py:3696} INFO - Setting next_dagrun for dbt_transform_daily to 2026-03-27T03:00:00+00:00, run_after=2026-03-28T03:00:00+00:00
[2026-03-28T18:31:24.534+0000] {processor.py:179} INFO - Processing /opt/airflow/dags/dbt_dag.py took 0.044 seconds
[2026-03-28T18:31:55.166+0000] {processor.py:157} INFO - Started process (PID=647) to work on /opt/airflow/dags/dbt_dag.py
[2026-03-28T18:31:55.167+0000] {processor.py:829} INFO - Processing file /opt/airflow/dags/dbt_dag.py for tasks to queue
[2026-03-28T18:31:55.167+0000] {logging_mixin.py:151} INFO - [2026-03-28T18:31:55.167+0000] {dagbag.py:539} INFO - Filling up the DagBag from /opt/airflow/dags/dbt_dag.py
[2026-03-28T18:31:55.174+0000] {processor.py:839} INFO - DAG(s) dict_keys(['dbt_transform_daily']) retrieved from /opt/airflow/dags/dbt_dag.py
[2026-03-28T18:31:55.193+0000] {logging_mixin.py:151} INFO - [2026-03-28T18:31:55.193+0000] {dag.py:2915} INFO - Sync 1 DAGs
[2026-03-28T18:31:55.208+0000] {logging_mixin.py:151} INFO - [2026-03-28T18:31:55.207+0000] {dag.py:3696} INFO - Setting next_dagrun for dbt_transform_daily to 2026-03-27T03:00:00+00:00, run_after=2026-03-28T03:00:00+00:00
[2026-03-28T18:31:55.217+0000] {processor.py:179} INFO - Processing /opt/airflow/dags/dbt_dag.py took 0.052 seconds
[2026-03-28T18:32:26.133+0000] {processor.py:157} INFO - Started process (PID=669) to work on /opt/airflow/dags/dbt_dag.py
[2026-03-28T18:32:26.134+0000] {processor.py:829} INFO - Processing file /opt/airflow/dags/dbt_dag.py for tasks to queue
[2026-03-28T18:32:26.135+0000] {logging_mixin.py:151} INFO - [2026-03-28T18:32:26.135+0000] {dagbag.py:539} INFO - Filling up the DagBag from /opt/airflow/dags/dbt_dag.py
[2026-03-28T18:32:26.148+0000] {processor.py:839} INFO - DAG(s) dict_keys(['dbt_transform_daily']) retrieved from /opt/airflow/dags/dbt_dag.py
[2026-03-28T18:32:26.166+0000] {logging_mixin.py:151} INFO - [2026-03-28T18:32:26.166+0000] {dag.py:2915} INFO - Sync 1 DAGs
[2026-03-28T18:32:26.176+0000] {logging_mixin.py:151} INFO - [2026-03-28T18:32:26.176+0000] {dag.py:3696} INFO - Setting next_dagrun for dbt_transform_daily to 2026-03-27T03:00:00+00:00, run_after=2026-03-28T03:00:00+00:00
[2026-03-28T18:32:26.183+0000] {processor.py:179} INFO - Processing /opt/airflow/dags/dbt_dag.py took 0.053 seconds
[2026-03-28T18:32:56.979+0000] {processor.py:157} INFO - Started process (PID=691) to work on /opt/airflow/dags/dbt_dag.py
[2026-03-28T18:32:56.981+0000] {processor.py:829} INFO - Processing file /opt/airflow/dags/dbt_dag.py for tasks to queue
[2026-03-28T18:32:56.981+0000] {logging_mixin.py:151} INFO - [2026-03-28T18:32:56.981+0000] {dagbag.py:539} INFO - Filling up the DagBag from /opt/airflow/dags/dbt_dag.py
[2026-03-28T18:32:56.989+0000] {processor.py:839} INFO - DAG(s) dict_keys(['dbt_transform_daily']) retrieved from /opt/airflow/dags/dbt_dag.py
[2026-03-28T18:32:57.007+0000] {logging_mixin.py:151} INFO - [2026-03-28T18:32:57.007+0000] {dag.py:2915} INFO - Sync 1 DAGs
[2026-03-28T18:32:57.016+0000] {logging_mixin.py:151} INFO - [2026-03-28T18:32:57.016+0000] {dag.py:3696} INFO - Setting next_dagrun for dbt_transform_daily to 2026-03-27T03:00:00+00:00, run_after=2026-03-28T03:00:00+00:00
[2026-03-28T18:32:57.023+0000] {processor.py:179} INFO - Processing /opt/airflow/dags/dbt_dag.py took 0.049 seconds
[2026-03-28T18:33:27.831+0000] {processor.py:157} INFO - Started process (PID=713) to work on /opt/airflow/dags/dbt_dag.py
[2026-03-28T18:33:27.833+0000] {processor.py:829} INFO - Processing file /opt/airflow/dags/dbt_dag.py for tasks to queue
[2026-03-28T18:33:27.833+0000] {logging_mixin.py:151} INFO - [2026-03-28T18:33:27.833+0000] {dagbag.py:539} INFO - Filling up the DagBag from /opt/airflow/dags/dbt_dag.py
[2026-03-28T18:33:27.848+0000] {processor.py:839} INFO - DAG(s) dict_keys(['dbt_transform_daily']) retrieved from /opt/airflow/dags/dbt_dag.py
[2026-03-28T18:33:27.861+0000] {logging_mixin.py:151} INFO - [2026-03-28T18:33:27.861+0000] {dag.py:2915} INFO - Sync 1 DAGs
[2026-03-28T18:33:27.872+0000] {logging_mixin.py:151} INFO - [2026-03-28T18:33:27.872+0000] {dag.py:3696} INFO - Setting next_dagrun for dbt_transform_daily to 2026-03-27T03:00:00+00:00, run_after=2026-03-28T03:00:00+00:00
[2026-03-28T18:33:27.879+0000] {processor.py:179} INFO - Processing /opt/airflow/dags/dbt_dag.py took 0.054 seconds
[2026-03-28T18:33:58.674+0000] {processor.py:157} INFO - Started process (PID=735) to work on /opt/airflow/dags/dbt_dag.py
[2026-03-28T18:33:58.675+0000] {processor.py:829} INFO - Processing file /opt/airflow/dags/dbt_dag.py for tasks to queue
[2026-03-28T18:33:58.676+0000] {logging_mixin.py:151} INFO - [2026-03-28T18:33:58.676+0000] {dagbag.py:539} INFO - Filling up the DagBag from /opt/airflow/dags/dbt_dag.py
[2026-03-28T18:33:58.685+0000] {processor.py:839} INFO - DAG(s) dict_keys(['dbt_transform_daily']) retrieved from /opt/airflow/dags/dbt_dag.py
[2026-03-28T18:33:58.708+0000] {logging_mixin.py:151} INFO - [2026-03-28T18:33:58.707+0000] {dag.py:2915} INFO - Sync 1 DAGs
[2026-03-28T18:33:58.722+0000] {logging_mixin.py:151} INFO - [2026-03-28T18:33:58.722+0000] {dag.py:3696} INFO - Setting next_dagrun for dbt_transform_daily to 2026-03-27T03:00:00+00:00, run_after=2026-03-28T03:00:00+00:00
[2026-03-28T18:33:58.729+0000] {processor.py:179} INFO - Processing /opt/airflow/dags/dbt_dag.py took 0.058 seconds
[2026-03-28T18:34:29.635+0000] {processor.py:157} INFO - Started process (PID=757) to work on /opt/airflow/dags/dbt_dag.py
[2026-03-28T18:34:29.636+0000] {processor.py:829} INFO - Processing file /opt/airflow/dags/dbt_dag.py for tasks to queue
[2026-03-28T18:34:29.637+0000] {logging_mixin.py:151} INFO - [2026-03-28T18:34:29.637+0000] {dagbag.py:539} INFO - Filling up the DagBag from /opt/airflow/dags/dbt_dag.py
[2026-03-28T18:34:29.646+0000] {processor.py:839} INFO - DAG(s) dict_keys(['dbt_transform_daily']) retrieved from /opt/airflow/dags/dbt_dag.py
[2026-03-28T18:34:29.669+0000] {logging_mixin.py:151} INFO - [2026-03-28T18:34:29.669+0000] {dag.py:2915} INFO - Sync 1 DAGs
[2026-03-28T18:34:29.680+0000] {logging_mixin.py:151} INFO - [2026-03-28T18:34:29.680+0000] {dag.py:3696} INFO - Setting next_dagrun for dbt_transform_daily to 2026-03-27T03:00:00+00:00, run_after=2026-03-28T03:00:00+00:00
[2026-03-28T18:34:29.688+0000] {processor.py:179} INFO - Processing /opt/airflow/dags/dbt_dag.py took 0.057 seconds
[2026-03-28T18:35:00.641+0000] {processor.py:157} INFO - Started process (PID=779) to work on /opt/airflow/dags/dbt_dag.py
[2026-03-28T18:35:00.642+0000] {processor.py:829} INFO - Processing file /opt/airflow/dags/dbt_dag.py for tasks to queue
[2026-03-28T18:35:00.643+0000] {logging_mixin.py:151} INFO - [2026-03-28T18:35:00.642+0000] {dagbag.py:539} INFO - Filling up the DagBag from /opt/airflow/dags/dbt_dag.py
[2026-03-28T18:35:00.658+0000] {processor.py:839} INFO - DAG(s) dict_keys(['dbt_transform_daily']) retrieved from /opt/airflow/dags/dbt_dag.py
[2026-03-28T18:35:00.672+0000] {logging_mixin.py:151} INFO - [2026-03-28T18:35:00.672+0000] {dag.py:2915} INFO - Sync 1 DAGs
[2026-03-28T18:35:00.681+0000] {logging_mixin.py:151} INFO - [2026-03-28T18:35:00.681+0000] {dag.py:3696} INFO - Setting next_dagrun for dbt_transform_daily to 2026-03-27T03:00:00+00:00, run_after=2026-03-28T03:00:00+00:00
[2026-03-28T18:35:00.687+0000] {processor.py:179} INFO - Processing /opt/airflow/dags/dbt_dag.py took 0.048 seconds
[2026-03-28T18:35:31.414+0000] {processor.py:157} INFO - Started process (PID=801) to work on /opt/airflow/dags/dbt_dag.py
[2026-03-28T18:35:31.415+0000] {processor.py:829} INFO - Processing file /opt/airflow/dags/dbt_dag.py for tasks to queue
[2026-03-28T18:35:31.418+0000] {logging_mixin.py:151} INFO - [2026-03-28T18:35:31.418+0000] {dagbag.py:539} INFO - Filling up the DagBag from /opt/airflow/dags/dbt_dag.py
[2026-03-28T18:35:31.429+0000] {processor.py:839} INFO - DAG(s) dict_keys(['dbt_transform_daily']) retrieved from /opt/airflow/dags/dbt_dag.py
[2026-03-28T18:35:31.446+0000] {logging_mixin.py:151} INFO - [2026-03-28T18:35:31.446+0000] {dag.py:2915} INFO - Sync 1 DAGs
[2026-03-28T18:35:31.456+0000] {logging_mixin.py:151} INFO - [2026-03-28T18:35:31.456+0000] {dag.py:3696} INFO - Setting next_dagrun for dbt_transform_daily to 2026-03-27T03:00:00+00:00, run_after=2026-03-28T03:00:00+00:00
[2026-03-28T18:35:31.464+0000] {processor.py:179} INFO - Processing /opt/airflow/dags/dbt_dag.py took 0.054 seconds
[2026-03-28T18:36:03.744+0000] {processor.py:157} INFO - Started process (PID=823) to work on /opt/airflow/dags/dbt_dag.py
[2026-03-28T18:36:03.746+0000] {processor.py:829} INFO - Processing file /opt/airflow/dags/dbt_dag.py for tasks to queue
[2026-03-28T18:36:03.748+0000] {logging_mixin.py:151} INFO - [2026-03-28T18:36:03.748+0000] {dagbag.py:539} INFO - Filling up the DagBag from /opt/airflow/dags/dbt_dag.py
[2026-03-28T18:36:03.775+0000] {processor.py:839} INFO - DAG(s) dict_keys(['dbt_transform_daily']) retrieved from /opt/airflow/dags/dbt_dag.py
[2026-03-28T18:36:03.800+0000] {logging_mixin.py:151} INFO - [2026-03-28T18:36:03.800+0000] {dag.py:2915} INFO - Sync 1 DAGs
[2026-03-28T18:36:03.813+0000] {logging_mixin.py:151} INFO - [2026-03-28T18:36:03.813+0000] {dag.py:3696} INFO - Setting next_dagrun for dbt_transform_daily to 2026-03-27T03:00:00+00:00, run_after=2026-03-28T03:00:00+00:00
[2026-03-28T18:36:03.825+0000] {processor.py:179} INFO - Processing /opt/airflow/dags/dbt_dag.py took 0.084 seconds
[2026-03-28T18:36:35.163+0000] {processor.py:157} INFO - Started process (PID=845) to work on /opt/airflow/dags/dbt_dag.py
[2026-03-28T18:36:35.164+0000] {processor.py:829} INFO - Processing file /opt/airflow/dags/dbt_dag.py for tasks to queue
[2026-03-28T18:36:35.165+0000] {logging_mixin.py:151} INFO - [2026-03-28T18:36:35.164+0000] {dagbag.py:539} INFO - Filling up the DagBag from /opt/airflow/dags/dbt_dag.py
[2026-03-28T18:36:35.186+0000] {processor.py:839} INFO - DAG(s) dict_keys(['dbt_transform_daily']) retrieved from /opt/airflow/dags/dbt_dag.py
[2026-03-28T18:36:35.206+0000] {logging_mixin.py:151} INFO - [2026-03-28T18:36:35.206+0000] {dag.py:2915} INFO - Sync 1 DAGs
[2026-03-28T18:36:35.218+0000] {logging_mixin.py:151} INFO - [2026-03-28T18:36:35.218+0000] {dag.py:3696} INFO - Setting next_dagrun for dbt_transform_daily to 2026-03-27T03:00:00+00:00, run_after=2026-03-28T03:00:00+00:00
[2026-03-28T18:36:35.225+0000] {processor.py:179} INFO - Processing /opt/airflow/dags/dbt_dag.py took 0.065 seconds
[2026-03-28T18:37:07.269+0000] {processor.py:157} INFO - Started process (PID=867) to work on /opt/airflow/dags/dbt_dag.py
[2026-03-28T18:37:07.271+0000] {processor.py:829} INFO - Processing file /opt/airflow/dags/dbt_dag.py for tasks to queue
[2026-03-28T18:37:07.272+0000] {logging_mixin.py:151} INFO - [2026-03-28T18:37:07.271+0000] {dagbag.py:539} INFO - Filling up the DagBag from /opt/airflow/dags/dbt_dag.py
[2026-03-28T18:37:07.288+0000] {processor.py:839} INFO - DAG(s) dict_keys(['dbt_transform_daily']) retrieved from /opt/airflow/dags/dbt_dag.py
[2026-03-28T18:37:07.321+0000] {logging_mixin.py:151} INFO - [2026-03-28T18:37:07.321+0000] {dag.py:2915} INFO - Sync 1 DAGs
[2026-03-28T18:37:07.335+0000] {logging_mixin.py:151} INFO - [2026-03-28T18:37:07.335+0000] {dag.py:3696} INFO - Setting next_dagrun for dbt_transform_daily to 2026-03-27T03:00:00+00:00, run_after=2026-03-28T03:00:00+00:00
[2026-03-28T18:37:07.347+0000] {processor.py:179} INFO - Processing /opt/airflow/dags/dbt_dag.py took 0.084 seconds
[2026-03-28T18:37:38.740+0000] {processor.py:157} INFO - Started process (PID=889) to work on /opt/airflow/dags/dbt_dag.py
[2026-03-28T18:37:38.742+0000] {processor.py:829} INFO - Processing file /opt/airflow/dags/dbt_dag.py for tasks to queue
[2026-03-28T18:37:38.742+0000] {logging_mixin.py:151} INFO - [2026-03-28T18:37:38.742+0000] {dagbag.py:539} INFO - Filling up the DagBag from /opt/airflow/dags/dbt_dag.py
[2026-03-28T18:37:38.753+0000] {processor.py:839} INFO - DAG(s) dict_keys(['dbt_transform_daily']) retrieved from /opt/airflow/dags/dbt_dag.py
[2026-03-28T18:37:38.772+0000] {logging_mixin.py:151} INFO - [2026-03-28T18:37:38.772+0000] {dag.py:2915} INFO - Sync 1 DAGs
[2026-03-28T18:37:38.786+0000] {logging_mixin.py:151} INFO - [2026-03-28T18:37:38.786+0000] {dag.py:3696} INFO - Setting next_dagrun for dbt_transform_daily to 2026-03-27T03:00:00+00:00, run_after=2026-03-28T03:00:00+00:00
[2026-03-28T18:37:38.794+0000] {processor.py:179} INFO - Processing /opt/airflow/dags/dbt_dag.py took 0.055 seconds
[2026-03-28T18:38:09.523+0000] {processor.py:157} INFO - Started process (PID=911) to work on /opt/airflow/dags/dbt_dag.py
[2026-03-28T18:38:09.523+0000] {processor.py:829} INFO - Processing file /opt/airflow/dags/dbt_dag.py for tasks to queue
[2026-03-28T18:38:09.524+0000] {logging_mixin.py:151} INFO - [2026-03-28T18:38:09.523+0000] {dagbag.py:539} INFO - Filling up the DagBag from /opt/airflow/dags/dbt_dag.py
[2026-03-28T18:38:09.533+0000] {processor.py:839} INFO - DAG(s) dict_keys(['dbt_transform_daily']) retrieved from /opt/airflow/dags/dbt_dag.py
[2026-03-28T18:38:09.556+0000] {logging_mixin.py:151} INFO - [2026-03-28T18:38:09.556+0000] {dag.py:2915} INFO - Sync 1 DAGs
[2026-03-28T18:38:09.566+0000] {logging_mixin.py:151} INFO - [2026-03-28T18:38:09.566+0000] {dag.py:3696} INFO - Setting next_dagrun for dbt_transform_daily to 2026-03-27T03:00:00+00:00, run_after=2026-03-28T03:00:00+00:00
[2026-03-28T18:38:09.573+0000] {processor.py:179} INFO - Processing /opt/airflow/dags/dbt_dag.py took 0.052 seconds
[2026-03-28T18:38:40.518+0000] {processor.py:157} INFO - Started process (PID=933) to work on /opt/airflow/dags/dbt_dag.py
[2026-03-28T18:38:40.518+0000] {processor.py:829} INFO - Processing file /opt/airflow/dags/dbt_dag.py for tasks to queue
[2026-03-28T18:38:40.519+0000] {logging_mixin.py:151} INFO - [2026-03-28T18:38:40.519+0000] {dagbag.py:539} INFO - Filling up the DagBag from /opt/airflow/dags/dbt_dag.py
[2026-03-28T18:38:40.530+0000] {processor.py:839} INFO - DAG(s) dict_keys(['dbt_transform_daily']) retrieved from /opt/airflow/dags/dbt_dag.py
[2026-03-28T18:38:40.551+0000] {logging_mixin.py:151} INFO - [2026-03-28T18:38:40.551+0000] {dag.py:2915} INFO - Sync 1 DAGs
[2026-03-28T18:38:40.563+0000] {logging_mixin.py:151} INFO - [2026-03-28T18:38:40.563+0000] {dag.py:3696} INFO - Setting next_dagrun for dbt_transform_daily to 2026-03-27T03:00:00+00:00, run_after=2026-03-28T03:00:00+00:00
[2026-03-28T18:38:40.571+0000] {processor.py:179} INFO - Processing /opt/airflow/dags/dbt_dag.py took 0.056 seconds
[2026-03-28T18:39:11.294+0000] {processor.py:157} INFO - Started process (PID=955) to work on /opt/airflow/dags/dbt_dag.py
[2026-03-28T18:39:11.295+0000] {processor.py:829} INFO - Processing file /opt/airflow/dags/dbt_dag.py for tasks to queue
[2026-03-28T18:39:11.296+0000] {logging_mixin.py:151} INFO - [2026-03-28T18:39:11.296+0000] {dagbag.py:539} INFO - Filling up the DagBag from /opt/airflow/dags/dbt_dag.py
[2026-03-28T18:39:11.314+0000] {processor.py:839} INFO - DAG(s) dict_keys(['dbt_transform_daily']) retrieved from /opt/airflow/dags/dbt_dag.py
[2026-03-28T18:39:11.336+0000] {logging_mixin.py:151} INFO - [2026-03-28T18:39:11.336+0000] {dag.py:2915} INFO - Sync 1 DAGs
[2026-03-28T18:39:11.349+0000] {logging_mixin.py:151} INFO - [2026-03-28T18:39:11.349+0000] {dag.py:3696} INFO - Setting next_dagrun for dbt_transform_daily to 2026-03-27T03:00:00+00:00, run_after=2026-03-28T03:00:00+00:00
[2026-03-28T18:39:11.394+0000] {processor.py:179} INFO - Processing /opt/airflow/dags/dbt_dag.py took 0.104 seconds
[2026-03-28T18:39:42.388+0000] {processor.py:157} INFO - Started process (PID=977) to work on /opt/airflow/dags/dbt_dag.py
[2026-03-28T18:39:42.389+0000] {processor.py:829} INFO - Processing file /opt/airflow/dags/dbt_dag.py for tasks to queue
[2026-03-28T18:39:42.390+0000] {logging_mixin.py:151} INFO - [2026-03-28T18:39:42.390+0000] {dagbag.py:539} INFO - Filling up the DagBag from /opt/airflow/dags/dbt_dag.py
[2026-03-28T18:39:42.403+0000] {processor.py:839} INFO - DAG(s) dict_keys(['dbt_transform_daily']) retrieved from /opt/airflow/dags/dbt_dag.py
[2026-03-28T18:39:42.421+0000] {logging_mixin.py:151} INFO - [2026-03-28T18:39:42.421+0000] {dag.py:2915} INFO - Sync 1 DAGs
[2026-03-28T18:39:42.431+0000] {logging_mixin.py:151} INFO - [2026-03-28T18:39:42.431+0000] {dag.py:3696} INFO - Setting next_dagrun for dbt_transform_daily to 2026-03-27T03:00:00+00:00, run_after=2026-03-28T03:00:00+00:00
[2026-03-28T18:39:42.437+0000] {processor.py:179} INFO - Processing /opt/airflow/dags/dbt_dag.py took 0.051 seconds
[2026-03-28T18:40:13.752+0000] {processor.py:157} INFO - Started process (PID=999) to work on /opt/airflow/dags/dbt_dag.py
[2026-03-28T18:40:13.753+0000] {processor.py:829} INFO - Processing file /opt/airflow/dags/dbt_dag.py for tasks to queue
[2026-03-28T18:40:13.757+0000] {logging_mixin.py:151} INFO - [2026-03-28T18:40:13.757+0000] {dagbag.py:539} INFO - Filling up the DagBag from /opt/airflow/dags/dbt_dag.py
[2026-03-28T18:40:13.768+0000] {processor.py:839} INFO - DAG(s) dict_keys(['dbt_transform_daily']) retrieved from /opt/airflow/dags/dbt_dag.py
[2026-03-28T18:40:13.785+0000] {logging_mixin.py:151} INFO - [2026-03-28T18:40:13.785+0000] {dag.py:2915} INFO - Sync 1 DAGs
[2026-03-28T18:40:13.795+0000] {logging_mixin.py:151} INFO - [2026-03-28T18:40:13.795+0000] {dag.py:3696} INFO - Setting next_dagrun for dbt_transform_daily to 2026-03-27T03:00:00+00:00, run_after=2026-03-28T03:00:00+00:00
[2026-03-28T18:40:13.803+0000] {processor.py:179} INFO - Processing /opt/airflow/dags/dbt_dag.py took 0.053 seconds
[2026-03-28T18:40:44.534+0000] {processor.py:157} INFO - Started process (PID=1021) to work on /opt/airflow/dags/dbt_dag.py
[2026-03-28T18:40:44.535+0000] {processor.py:829} INFO - Processing file /opt/airflow/dags/dbt_dag.py for tasks to queue
[2026-03-28T18:40:44.536+0000] {logging_mixin.py:151} INFO - [2026-03-28T18:40:44.536+0000] {dagbag.py:539} INFO - Filling up the DagBag from /opt/airflow/dags/dbt_dag.py
[2026-03-28T18:40:44.544+0000] {processor.py:839} INFO - DAG(s) dict_keys(['dbt_transform_daily']) retrieved from /opt/airflow/dags/dbt_dag.py
[2026-03-28T18:40:44.565+0000] {logging_mixin.py:151} INFO - [2026-03-28T18:40:44.564+0000] {dag.py:2915} INFO - Sync 1 DAGs
[2026-03-28T18:40:44.576+0000] {logging_mixin.py:151} INFO - [2026-03-28T18:40:44.576+0000] {dag.py:3696} INFO - Setting next_dagrun for dbt_transform_daily to 2026-03-27T03:00:00+00:00, run_after=2026-03-28T03:00:00+00:00
[2026-03-28T18:40:44.585+0000] {processor.py:179} INFO - Processing /opt/airflow/dags/dbt_dag.py took 0.052 seconds
[2026-03-28T18:41:15.296+0000] {processor.py:157} INFO - Started process (PID=1043) to work on /opt/airflow/dags/dbt_dag.py
[2026-03-28T18:41:15.298+0000] {processor.py:829} INFO - Processing file /opt/airflow/dags/dbt_dag.py for tasks to queue
[2026-03-28T18:41:15.298+0000] {logging_mixin.py:151} INFO - [2026-03-28T18:41:15.298+0000] {dagbag.py:539} INFO - Filling up the DagBag from /opt/airflow/dags/dbt_dag.py
[2026-03-28T18:41:15.306+0000] {processor.py:839} INFO - DAG(s) dict_keys(['dbt_transform_daily']) retrieved from /opt/airflow/dags/dbt_dag.py
[2026-03-28T18:41:15.327+0000] {logging_mixin.py:151} INFO - [2026-03-28T18:41:15.326+0000] {dag.py:2915} INFO - Sync 1 DAGs
[2026-03-28T18:41:15.338+0000] {logging_mixin.py:151} INFO - [2026-03-28T18:41:15.338+0000] {dag.py:3696} INFO - Setting next_dagrun for dbt_transform_daily to 2026-03-27T03:00:00+00:00, run_after=2026-03-28T03:00:00+00:00
[2026-03-28T18:41:15.346+0000] {processor.py:179} INFO - Processing /opt/airflow/dags/dbt_dag.py took 0.051 seconds
[2026-03-28T18:41:46.157+0000] {processor.py:157} INFO - Started process (PID=1065) to work on /opt/airflow/dags/dbt_dag.py
[2026-03-28T18:41:46.158+0000] {processor.py:829} INFO - Processing file /opt/airflow/dags/dbt_dag.py for tasks to queue
[2026-03-28T18:41:46.160+0000] {logging_mixin.py:151} INFO - [2026-03-28T18:41:46.160+0000] {dagbag.py:539} INFO - Filling up the DagBag from /opt/airflow/dags/dbt_dag.py
[2026-03-28T18:41:46.168+0000] {processor.py:839} INFO - DAG(s) dict_keys(['dbt_transform_daily']) retrieved from /opt/airflow/dags/dbt_dag.py
[2026-03-28T18:41:46.182+0000] {logging_mixin.py:151} INFO - [2026-03-28T18:41:46.182+0000] {dag.py:2915} INFO - Sync 1 DAGs
[2026-03-28T18:41:46.191+0000] {logging_mixin.py:151} INFO - [2026-03-28T18:41:46.191+0000] {dag.py:3696} INFO - Setting next_dagrun for dbt_transform_daily to 2026-03-27T03:00:00+00:00, run_after=2026-03-28T03:00:00+00:00
[2026-03-28T18:41:46.198+0000] {processor.py:179} INFO - Processing /opt/airflow/dags/dbt_dag.py took 0.043 seconds
[2026-03-28T18:42:17.091+0000] {processor.py:157} INFO - Started process (PID=1087) to work on /opt/airflow/dags/dbt_dag.py
[2026-03-28T18:42:17.092+0000] {processor.py:829} INFO - Processing file /opt/airflow/dags/dbt_dag.py for tasks to queue
[2026-03-28T18:42:17.092+0000] {logging_mixin.py:151} INFO - [2026-03-28T18:42:17.092+0000] {dagbag.py:539} INFO - Filling up the DagBag from /opt/airflow/dags/dbt_dag.py
[2026-03-28T18:42:17.105+0000] {processor.py:839} INFO - DAG(s) dict_keys(['dbt_transform_daily']) retrieved from /opt/airflow/dags/dbt_dag.py
[2026-03-28T18:42:17.126+0000] {logging_mixin.py:151} INFO - [2026-03-28T18:42:17.125+0000] {dag.py:2915} INFO - Sync 1 DAGs
[2026-03-28T18:42:17.134+0000] {logging_mixin.py:151} INFO - [2026-03-28T18:42:17.134+0000] {dag.py:3696} INFO - Setting next_dagrun for dbt_transform_daily to 2026-03-27T03:00:00+00:00, run_after=2026-03-28T03:00:00+00:00
[2026-03-28T18:42:17.140+0000] {processor.py:179} INFO - Processing /opt/airflow/dags/dbt_dag.py took 0.051 seconds
[2026-03-28T18:42:48.130+0000] {processor.py:157} INFO - Started process (PID=1109) to work on /opt/airflow/dags/dbt_dag.py
[2026-03-28T18:42:48.131+0000] {processor.py:829} INFO - Processing file /opt/airflow/dags/dbt_dag.py for tasks to queue
[2026-03-28T18:42:48.131+0000] {logging_mixin.py:151} INFO - [2026-03-28T18:42:48.131+0000] {dagbag.py:539} INFO - Filling up the DagBag from /opt/airflow/dags/dbt_dag.py
[2026-03-28T18:42:48.139+0000] {processor.py:839} INFO - DAG(s) dict_keys(['dbt_transform_daily']) retrieved from /opt/airflow/dags/dbt_dag.py
[2026-03-28T18:42:48.160+0000] {logging_mixin.py:151} INFO - [2026-03-28T18:42:48.160+0000] {dag.py:2915} INFO - Sync 1 DAGs
[2026-03-28T18:42:48.171+0000] {logging_mixin.py:151} INFO - [2026-03-28T18:42:48.171+0000] {dag.py:3696} INFO - Setting next_dagrun for dbt_transform_daily to 2026-03-27T03:00:00+00:00, run_after=2026-03-28T03:00:00+00:00
[2026-03-28T18:42:48.178+0000] {processor.py:179} INFO - Processing /opt/airflow/dags/dbt_dag.py took 0.049 seconds
[2026-03-28T18:43:19.236+0000] {processor.py:157} INFO - Started process (PID=1131) to work on /opt/airflow/dags/dbt_dag.py
[2026-03-28T18:43:19.240+0000] {processor.py:829} INFO - Processing file /opt/airflow/dags/dbt_dag.py for tasks to queue
[2026-03-28T18:43:19.242+0000] {logging_mixin.py:151} INFO - [2026-03-28T18:43:19.241+0000] {dagbag.py:539} INFO - Filling up the DagBag from /opt/airflow/dags/dbt_dag.py
[2026-03-28T18:43:19.254+0000] {processor.py:839} INFO - DAG(s) dict_keys(['dbt_transform_daily']) retrieved from /opt/airflow/dags/dbt_dag.py
[2026-03-28T18:43:19.273+0000] {logging_mixin.py:151} INFO - [2026-03-28T18:43:19.273+0000] {dag.py:2915} INFO - Sync 1 DAGs
[2026-03-28T18:43:19.290+0000] {logging_mixin.py:151} INFO - [2026-03-28T18:43:19.290+0000] {dag.py:3696} INFO - Setting next_dagrun for dbt_transform_daily to 2026-03-27T03:00:00+00:00, run_after=2026-03-28T03:00:00+00:00
[2026-03-28T18:43:19.303+0000] {processor.py:179} INFO - Processing /opt/airflow/dags/dbt_dag.py took 0.069 seconds
[2026-03-28T18:43:50.199+0000] {processor.py:157} INFO - Started process (PID=1153) to work on /opt/airflow/dags/dbt_dag.py
[2026-03-28T18:43:50.200+0000] {processor.py:829} INFO - Processing file /opt/airflow/dags/dbt_dag.py for tasks to queue
[2026-03-28T18:43:50.200+0000] {logging_mixin.py:151} INFO - [2026-03-28T18:43:50.200+0000] {dagbag.py:539} INFO - Filling up the DagBag from /opt/airflow/dags/dbt_dag.py
[2026-03-28T18:43:50.206+0000] {processor.py:839} INFO - DAG(s) dict_keys(['dbt_transform_daily']) retrieved from /opt/airflow/dags/dbt_dag.py
[2026-03-28T18:43:50.222+0000] {logging_mixin.py:151} INFO - [2026-03-28T18:43:50.222+0000] {dag.py:2915} INFO - Sync 1 DAGs
[2026-03-28T18:43:50.234+0000] {logging_mixin.py:151} INFO - [2026-03-28T18:43:50.234+0000] {dag.py:3696} INFO - Setting next_dagrun for dbt_transform_daily to 2026-03-27T03:00:00+00:00, run_after=2026-03-28T03:00:00+00:00
[2026-03-28T18:43:50.242+0000] {processor.py:179} INFO - Processing /opt/airflow/dags/dbt_dag.py took 0.044 seconds
[2026-03-28T18:44:21.302+0000] {processor.py:157} INFO - Started process (PID=1175) to work on /opt/airflow/dags/dbt_dag.py
[2026-03-28T18:44:21.303+0000] {processor.py:829} INFO - Processing file /opt/airflow/dags/dbt_dag.py for tasks to queue
[2026-03-28T18:44:21.305+0000] {logging_mixin.py:151} INFO - [2026-03-28T18:44:21.305+0000] {dagbag.py:539} INFO - Filling up the DagBag from /opt/airflow/dags/dbt_dag.py
[2026-03-28T18:44:21.316+0000] {processor.py:839} INFO - DAG(s) dict_keys(['dbt_transform_daily']) retrieved from /opt/airflow/dags/dbt_dag.py
[2026-03-28T18:44:21.332+0000] {logging_mixin.py:151} INFO - [2026-03-28T18:44:21.332+0000] {dag.py:2915} INFO - Sync 1 DAGs
[2026-03-28T18:44:21.341+0000] {logging_mixin.py:151} INFO - [2026-03-28T18:44:21.341+0000] {dag.py:3696} INFO - Setting next_dagrun for dbt_transform_daily to 2026-03-27T03:00:00+00:00, run_after=2026-03-28T03:00:00+00:00
[2026-03-28T18:44:21.348+0000] {processor.py:179} INFO - Processing /opt/airflow/dags/dbt_dag.py took 0.052 seconds
[2026-03-28T18:44:52.497+0000] {processor.py:157} INFO - Started process (PID=1197) to work on /opt/airflow/dags/dbt_dag.py
[2026-03-28T18:44:52.499+0000] {processor.py:829} INFO - Processing file /opt/airflow/dags/dbt_dag.py for tasks to queue
[2026-03-28T18:44:52.504+0000] {logging_mixin.py:151} INFO - [2026-03-28T18:44:52.503+0000] {dagbag.py:539} INFO - Filling up the DagBag from /opt/airflow/dags/dbt_dag.py
[2026-03-28T18:44:52.517+0000] {processor.py:839} INFO - DAG(s) dict_keys(['dbt_transform_daily']) retrieved from /opt/airflow/dags/dbt_dag.py
[2026-03-28T18:44:52.534+0000] {logging_mixin.py:151} INFO - [2026-03-28T18:44:52.534+0000] {dag.py:2915} INFO - Sync 1 DAGs
[2026-03-28T18:44:52.543+0000] {logging_mixin.py:151} INFO - [2026-03-28T18:44:52.543+0000] {dag.py:3696} INFO - Setting next_dagrun for dbt_transform_daily to 2026-03-27T03:00:00+00:00, run_after=2026-03-28T03:00:00+00:00
[2026-03-28T18:44:52.549+0000] {processor.py:179} INFO - Processing /opt/airflow/dags/dbt_dag.py took 0.054 seconds
[2026-03-28T18:45:23.169+0000] {processor.py:157} INFO - Started process (PID=1219) to work on /opt/airflow/dags/dbt_dag.py
[2026-03-28T18:45:23.169+0000] {processor.py:829} INFO - Processing file /opt/airflow/dags/dbt_dag.py for tasks to queue
[2026-03-28T18:45:23.170+0000] {logging_mixin.py:151} INFO - [2026-03-28T18:45:23.170+0000] {dagbag.py:539} INFO - Filling up the DagBag from /opt/airflow/dags/dbt_dag.py
[2026-03-28T18:45:23.182+0000] {processor.py:839} INFO - DAG(s) dict_keys(['dbt_transform_daily']) retrieved from /opt/airflow/dags/dbt_dag.py
[2026-03-28T18:45:23.203+0000] {logging_mixin.py:151} INFO - [2026-03-28T18:45:23.203+0000] {dag.py:2915} INFO - Sync 1 DAGs
[2026-03-28T18:45:23.215+0000] {logging_mixin.py:151} INFO - [2026-03-28T18:45:23.215+0000] {dag.py:3696} INFO - Setting next_dagrun for dbt_transform_daily to 2026-03-27T03:00:00+00:00, run_after=2026-03-28T03:00:00+00:00
[2026-03-28T18:45:23.227+0000] {processor.py:179} INFO - Processing /opt/airflow/dags/dbt_dag.py took 0.060 seconds
[2026-03-28T18:45:54.211+0000] {processor.py:157} INFO - Started process (PID=1241) to work on /opt/airflow/dags/dbt_dag.py
[2026-03-28T18:45:54.213+0000] {processor.py:829} INFO - Processing file /opt/airflow/dags/dbt_dag.py for tasks to queue
[2026-03-28T18:45:54.215+0000] {logging_mixin.py:151} INFO - [2026-03-28T18:45:54.215+0000] {dagbag.py:539} INFO - Filling up the DagBag from /opt/airflow/dags/dbt_dag.py
[2026-03-28T18:45:54.248+0000] {processor.py:839} INFO - DAG(s) dict_keys(['dbt_transform_daily']) retrieved from /opt/airflow/dags/dbt_dag.py
[2026-03-28T18:45:54.272+0000] {logging_mixin.py:151} INFO - [2026-03-28T18:45:54.272+0000] {dag.py:2915} INFO - Sync 1 DAGs
[2026-03-28T18:45:54.282+0000] {logging_mixin.py:151} INFO - [2026-03-28T18:45:54.282+0000] {dag.py:3696} INFO - Setting next_dagrun for dbt_transform_daily to 2026-03-27T03:00:00+00:00, run_after=2026-03-28T03:00:00+00:00
[2026-03-28T18:45:54.291+0000] {processor.py:179} INFO - Processing /opt/airflow/dags/dbt_dag.py took 0.082 seconds
[2026-03-28T18:46:25.314+0000] {processor.py:157} INFO - Started process (PID=1263) to work on /opt/airflow/dags/dbt_dag.py
[2026-03-28T18:46:25.315+0000] {processor.py:829} INFO - Processing file /opt/airflow/dags/dbt_dag.py for tasks to queue
[2026-03-28T18:46:25.316+0000] {logging_mixin.py:151} INFO - [2026-03-28T18:46:25.316+0000] {dagbag.py:539} INFO - Filling up the DagBag from /opt/airflow/dags/dbt_dag.py
[2026-03-28T18:46:25.329+0000] {processor.py:839} INFO - DAG(s) dict_keys(['dbt_transform_daily']) retrieved from /opt/airflow/dags/dbt_dag.py
[2026-03-28T18:46:25.345+0000] {logging_mixin.py:151} INFO - [2026-03-28T18:46:25.345+0000] {dag.py:2915} INFO - Sync 1 DAGs
[2026-03-28T18:46:25.355+0000] {logging_mixin.py:151} INFO - [2026-03-28T18:46:25.355+0000] {dag.py:3696} INFO - Setting next_dagrun for dbt_transform_daily to 2026-03-27T03:00:00+00:00, run_after=2026-03-28T03:00:00+00:00
[2026-03-28T18:46:25.363+0000] {processor.py:179} INFO - Processing /opt/airflow/dags/dbt_dag.py took 0.055 seconds
[2026-03-28T18:46:56.294+0000] {processor.py:157} INFO - Started process (PID=1285) to work on /opt/airflow/dags/dbt_dag.py
[2026-03-28T18:46:56.295+0000] {processor.py:829} INFO - Processing file /opt/airflow/dags/dbt_dag.py for tasks to queue
[2026-03-28T18:46:56.297+0000] {logging_mixin.py:151} INFO - [2026-03-28T18:46:56.297+0000] {dagbag.py:539} INFO - Filling up the DagBag from /opt/airflow/dags/dbt_dag.py
[2026-03-28T18:46:56.312+0000] {processor.py:839} INFO - DAG(s) dict_keys(['dbt_transform_daily']) retrieved from /opt/airflow/dags/dbt_dag.py
[2026-03-28T18:46:56.335+0000] {logging_mixin.py:151} INFO - [2026-03-28T18:46:56.334+0000] {dag.py:2915} INFO - Sync 1 DAGs
[2026-03-28T18:46:56.344+0000] {logging_mixin.py:151} INFO - [2026-03-28T18:46:56.344+0000] {dag.py:3696} INFO - Setting next_dagrun for dbt_transform_daily to 2026-03-27T03:00:00+00:00, run_after=2026-03-28T03:00:00+00:00
[2026-03-28T18:46:56.351+0000] {processor.py:179} INFO - Processing /opt/airflow/dags/dbt_dag.py took 0.058 seconds
[2026-03-28T18:47:27.211+0000] {processor.py:157} INFO - Started process (PID=1307) to work on /opt/airflow/dags/dbt_dag.py
[2026-03-28T18:47:27.212+0000] {processor.py:829} INFO - Processing file /opt/airflow/dags/dbt_dag.py for tasks to queue
[2026-03-28T18:47:27.213+0000] {logging_mixin.py:151} INFO - [2026-03-28T18:47:27.213+0000] {dagbag.py:539} INFO - Filling up the DagBag from /opt/airflow/dags/dbt_dag.py
[2026-03-28T18:47:27.226+0000] {processor.py:839} INFO - DAG(s) dict_keys(['dbt_transform_daily']) retrieved from /opt/airflow/dags/dbt_dag.py
[2026-03-28T18:47:27.245+0000] {logging_mixin.py:151} INFO - [2026-03-28T18:47:27.245+0000] {dag.py:2915} INFO - Sync 1 DAGs
[2026-03-28T18:47:27.256+0000] {logging_mixin.py:151} INFO - [2026-03-28T18:47:27.256+0000] {dag.py:3696} INFO - Setting next_dagrun for dbt_transform_daily to 2026-03-27T03:00:00+00:00, run_after=2026-03-28T03:00:00+00:00
[2026-03-28T18:47:27.264+0000] {processor.py:179} INFO - Processing /opt/airflow/dags/dbt_dag.py took 0.057 seconds
[2026-03-28T18:47:58.649+0000] {processor.py:157} INFO - Started process (PID=1329) to work on /opt/airflow/dags/dbt_dag.py
[2026-03-28T18:47:58.652+0000] {processor.py:829} INFO - Processing file /opt/airflow/dags/dbt_dag.py for tasks to queue
[2026-03-28T18:47:58.652+0000] {logging_mixin.py:151} INFO - [2026-03-28T18:47:58.652+0000] {dagbag.py:539} INFO - Filling up the DagBag from /opt/airflow/dags/dbt_dag.py
[2026-03-28T18:47:58.673+0000] {processor.py:839} INFO - DAG(s) dict_keys(['dbt_transform_daily']) retrieved from /opt/airflow/dags/dbt_dag.py
[2026-03-28T18:47:58.689+0000] {logging_mixin.py:151} INFO - [2026-03-28T18:47:58.688+0000] {dag.py:2915} INFO - Sync 1 DAGs
[2026-03-28T18:47:58.700+0000] {logging_mixin.py:151} INFO - [2026-03-28T18:47:58.700+0000] {dag.py:3696} INFO - Setting next_dagrun for dbt_transform_daily to 2026-03-27T03:00:00+00:00, run_after=2026-03-28T03:00:00+00:00
[2026-03-28T18:47:58.708+0000] {processor.py:179} INFO - Processing /opt/airflow/dags/dbt_dag.py took 0.063 seconds
[2026-03-28T18:48:29.588+0000] {processor.py:157} INFO - Started process (PID=1351) to work on /opt/airflow/dags/dbt_dag.py
[2026-03-28T18:48:29.592+0000] {processor.py:829} INFO - Processing file /opt/airflow/dags/dbt_dag.py for tasks to queue
[2026-03-28T18:48:29.596+0000] {logging_mixin.py:151} INFO - [2026-03-28T18:48:29.596+0000] {dagbag.py:539} INFO - Filling up the DagBag from /opt/airflow/dags/dbt_dag.py
[2026-03-28T18:48:29.608+0000] {processor.py:839} INFO - DAG(s) dict_keys(['dbt_transform_daily']) retrieved from /opt/airflow/dags/dbt_dag.py
[2026-03-28T18:48:29.623+0000] {logging_mixin.py:151} INFO - [2026-03-28T18:48:29.623+0000] {dag.py:2915} INFO - Sync 1 DAGs
[2026-03-28T18:48:29.637+0000] {logging_mixin.py:151} INFO - [2026-03-28T18:48:29.637+0000] {dag.py:3696} INFO - Setting next_dagrun for dbt_transform_daily to 2026-03-27T03:00:00+00:00, run_after=2026-03-28T03:00:00+00:00
[2026-03-28T18:48:29.647+0000] {processor.py:179} INFO - Processing /opt/airflow/dags/dbt_dag.py took 0.061 seconds
[2026-03-28T18:49:00.405+0000] {processor.py:157} INFO - Started process (PID=1373) to work on /opt/airflow/dags/dbt_dag.py
[2026-03-28T18:49:00.406+0000] {processor.py:829} INFO - Processing file /opt/airflow/dags/dbt_dag.py for tasks to queue
[2026-03-28T18:49:00.407+0000] {logging_mixin.py:151} INFO - [2026-03-28T18:49:00.406+0000] {dagbag.py:539} INFO - Filling up the DagBag from /opt/airflow/dags/dbt_dag.py
[2026-03-28T18:49:00.424+0000] {processor.py:839} INFO - DAG(s) dict_keys(['dbt_transform_daily']) retrieved from /opt/airflow/dags/dbt_dag.py
[2026-03-28T18:49:00.444+0000] {logging_mixin.py:151} INFO - [2026-03-28T18:49:00.444+0000] {dag.py:2915} INFO - Sync 1 DAGs
[2026-03-28T18:49:00.456+0000] {logging_mixin.py:151} INFO - [2026-03-28T18:49:00.456+0000] {dag.py:3696} INFO - Setting next_dagrun for dbt_transform_daily to 2026-03-27T03:00:00+00:00, run_after=2026-03-28T03:00:00+00:00
[2026-03-28T18:49:00.464+0000] {processor.py:179} INFO - Processing /opt/airflow/dags/dbt_dag.py took 0.061 seconds
[2026-03-28T18:49:31.186+0000] {processor.py:157} INFO - Started process (PID=1395) to work on /opt/airflow/dags/dbt_dag.py
[2026-03-28T18:49:31.187+0000] {processor.py:829} INFO - Processing file /opt/airflow/dags/dbt_dag.py for tasks to queue
[2026-03-28T18:49:31.187+0000] {logging_mixin.py:151} INFO - [2026-03-28T18:49:31.187+0000] {dagbag.py:539} INFO - Filling up the DagBag from /opt/airflow/dags/dbt_dag.py
[2026-03-28T18:49:31.199+0000] {processor.py:839} INFO - DAG(s) dict_keys(['dbt_transform_daily']) retrieved from /opt/airflow/dags/dbt_dag.py
[2026-03-28T18:49:31.224+0000] {logging_mixin.py:151} INFO - [2026-03-28T18:49:31.224+0000] {dag.py:2915} INFO - Sync 1 DAGs
[2026-03-28T18:49:31.234+0000] {logging_mixin.py:151} INFO - [2026-03-28T18:49:31.234+0000] {dag.py:3696} INFO - Setting next_dagrun for dbt_transform_daily to 2026-03-27T03:00:00+00:00, run_after=2026-03-28T03:00:00+00:00
[2026-03-28T18:49:31.240+0000] {processor.py:179} INFO - Processing /opt/airflow/dags/dbt_dag.py took 0.056 seconds
[2026-03-28T18:50:02.147+0000] {processor.py:157} INFO - Started process (PID=1417) to work on /opt/airflow/dags/dbt_dag.py
[2026-03-28T18:50:02.149+0000] {processor.py:829} INFO - Processing file /opt/airflow/dags/dbt_dag.py for tasks to queue
[2026-03-28T18:50:02.149+0000] {logging_mixin.py:151} INFO - [2026-03-28T18:50:02.149+0000] {dagbag.py:539} INFO - Filling up the DagBag from /opt/airflow/dags/dbt_dag.py
[2026-03-28T18:50:02.158+0000] {processor.py:839} INFO - DAG(s) dict_keys(['dbt_transform_daily']) retrieved from /opt/airflow/dags/dbt_dag.py
[2026-03-28T18:50:02.177+0000] {logging_mixin.py:151} INFO - [2026-03-28T18:50:02.177+0000] {dag.py:2915} INFO - Sync 1 DAGs
[2026-03-28T18:50:02.187+0000] {logging_mixin.py:151} INFO - [2026-03-28T18:50:02.187+0000] {dag.py:3696} INFO - Setting next_dagrun for dbt_transform_daily to 2026-03-27T03:00:00+00:00, run_after=2026-03-28T03:00:00+00:00
[2026-03-28T18:50:02.195+0000] {processor.py:179} INFO - Processing /opt/airflow/dags/dbt_dag.py took 0.051 seconds
