[2026-03-28T18:21:03.240+0000] {processor.py:157} INFO - Started process (PID=179) to work on /opt/airflow/dags/hourly_batch_data.py
[2026-03-28T18:21:03.241+0000] {processor.py:829} INFO - Processing file /opt/airflow/dags/hourly_batch_data.py for tasks to queue
[2026-03-28T18:21:03.242+0000] {logging_mixin.py:151} INFO - [2026-03-28T18:21:03.242+0000] {dagbag.py:539} INFO - Filling up the DagBag from /opt/airflow/dags/hourly_batch_data.py
[2026-03-28T18:21:03.804+0000] {processor.py:839} INFO - DAG(s) dict_keys(['hourly_batch_load_silver']) retrieved from /opt/airflow/dags/hourly_batch_data.py
[2026-03-28T18:21:03.816+0000] {logging_mixin.py:151} INFO - [2026-03-28T18:21:03.815+0000] {dag.py:2915} INFO - Sync 1 DAGs
[2026-03-28T18:21:03.845+0000] {logging_mixin.py:151} INFO - [2026-03-28T18:21:03.845+0000] {dag.py:3696} INFO - Setting next_dagrun for hourly_batch_load_silver to 2026-03-28T17:00:00+00:00, run_after=2026-03-28T18:00:00+00:00
[2026-03-28T18:21:03.868+0000] {processor.py:179} INFO - Processing /opt/airflow/dags/hourly_batch_data.py took 0.630 seconds
[2026-03-28T18:21:34.268+0000] {processor.py:157} INFO - Started process (PID=201) to work on /opt/airflow/dags/hourly_batch_data.py
[2026-03-28T18:21:34.268+0000] {processor.py:829} INFO - Processing file /opt/airflow/dags/hourly_batch_data.py for tasks to queue
[2026-03-28T18:21:34.269+0000] {logging_mixin.py:151} INFO - [2026-03-28T18:21:34.269+0000] {dagbag.py:539} INFO - Filling up the DagBag from /opt/airflow/dags/hourly_batch_data.py
[2026-03-28T18:21:35.182+0000] {processor.py:839} INFO - DAG(s) dict_keys(['hourly_batch_load_silver']) retrieved from /opt/airflow/dags/hourly_batch_data.py
[2026-03-28T18:21:35.232+0000] {logging_mixin.py:151} INFO - [2026-03-28T18:21:35.232+0000] {dag.py:2915} INFO - Sync 1 DAGs
[2026-03-28T18:21:35.260+0000] {logging_mixin.py:151} INFO - [2026-03-28T18:21:35.260+0000] {dag.py:3696} INFO - Setting next_dagrun for hourly_batch_load_silver to 2026-03-28T17:00:00+00:00, run_after=2026-03-28T18:00:00+00:00
[2026-03-28T18:21:35.272+0000] {processor.py:179} INFO - Processing /opt/airflow/dags/hourly_batch_data.py took 1.007 seconds
[2026-03-28T18:22:05.720+0000] {processor.py:157} INFO - Started process (PID=222) to work on /opt/airflow/dags/hourly_batch_data.py
[2026-03-28T18:22:05.722+0000] {processor.py:829} INFO - Processing file /opt/airflow/dags/hourly_batch_data.py for tasks to queue
[2026-03-28T18:22:05.724+0000] {logging_mixin.py:151} INFO - [2026-03-28T18:22:05.724+0000] {dagbag.py:539} INFO - Filling up the DagBag from /opt/airflow/dags/hourly_batch_data.py
[2026-03-28T18:22:06.898+0000] {processor.py:839} INFO - DAG(s) dict_keys(['hourly_batch_load_silver']) retrieved from /opt/airflow/dags/hourly_batch_data.py
[2026-03-28T18:22:07.043+0000] {logging_mixin.py:151} INFO - [2026-03-28T18:22:07.043+0000] {security.py:708} INFO - Not syncing DAG-level permissions for DAG 'DAG:hourly_batch_load_silver' as access control is unset.
[2026-03-28T18:22:07.044+0000] {logging_mixin.py:151} INFO - [2026-03-28T18:22:07.043+0000] {dag.py:2915} INFO - Sync 1 DAGs
[2026-03-28T18:22:07.053+0000] {logging_mixin.py:151} INFO - [2026-03-28T18:22:07.053+0000] {dag.py:3696} INFO - Setting next_dagrun for hourly_batch_load_silver to 2026-03-28T17:00:00+00:00, run_after=2026-03-28T18:00:00+00:00
[2026-03-28T18:22:07.067+0000] {processor.py:179} INFO - Processing /opt/airflow/dags/hourly_batch_data.py took 1.350 seconds
[2026-03-28T18:22:37.477+0000] {processor.py:157} INFO - Started process (PID=244) to work on /opt/airflow/dags/hourly_batch_data.py
[2026-03-28T18:22:37.482+0000] {processor.py:829} INFO - Processing file /opt/airflow/dags/hourly_batch_data.py for tasks to queue
[2026-03-28T18:22:37.486+0000] {logging_mixin.py:151} INFO - [2026-03-28T18:22:37.485+0000] {dagbag.py:539} INFO - Filling up the DagBag from /opt/airflow/dags/hourly_batch_data.py
[2026-03-28T18:22:38.026+0000] {processor.py:839} INFO - DAG(s) dict_keys(['hourly_batch_load_silver']) retrieved from /opt/airflow/dags/hourly_batch_data.py
[2026-03-28T18:22:38.051+0000] {logging_mixin.py:151} INFO - [2026-03-28T18:22:38.050+0000] {dag.py:2915} INFO - Sync 1 DAGs
[2026-03-28T18:22:38.065+0000] {logging_mixin.py:151} INFO - [2026-03-28T18:22:38.065+0000] {dag.py:3696} INFO - Setting next_dagrun for hourly_batch_load_silver to 2026-03-28T17:00:00+00:00, run_after=2026-03-28T18:00:00+00:00
[2026-03-28T18:22:38.076+0000] {processor.py:179} INFO - Processing /opt/airflow/dags/hourly_batch_data.py took 0.606 seconds
[2026-03-28T18:23:08.447+0000] {processor.py:157} INFO - Started process (PID=266) to work on /opt/airflow/dags/hourly_batch_data.py
[2026-03-28T18:23:08.449+0000] {processor.py:829} INFO - Processing file /opt/airflow/dags/hourly_batch_data.py for tasks to queue
[2026-03-28T18:23:08.451+0000] {logging_mixin.py:151} INFO - [2026-03-28T18:23:08.451+0000] {dagbag.py:539} INFO - Filling up the DagBag from /opt/airflow/dags/hourly_batch_data.py
[2026-03-28T18:23:08.975+0000] {processor.py:839} INFO - DAG(s) dict_keys(['hourly_batch_load_silver']) retrieved from /opt/airflow/dags/hourly_batch_data.py
[2026-03-28T18:23:09.057+0000] {logging_mixin.py:151} INFO - [2026-03-28T18:23:09.056+0000] {security.py:708} INFO - Not syncing DAG-level permissions for DAG 'DAG:hourly_batch_load_silver' as access control is unset.
[2026-03-28T18:23:09.058+0000] {logging_mixin.py:151} INFO - [2026-03-28T18:23:09.057+0000] {dag.py:2915} INFO - Sync 1 DAGs
[2026-03-28T18:23:09.071+0000] {logging_mixin.py:151} INFO - [2026-03-28T18:23:09.071+0000] {dag.py:3696} INFO - Setting next_dagrun for hourly_batch_load_silver to 2026-03-28T17:00:00+00:00, run_after=2026-03-28T18:00:00+00:00
[2026-03-28T18:23:09.112+0000] {processor.py:179} INFO - Processing /opt/airflow/dags/hourly_batch_data.py took 0.669 seconds
[2026-03-28T18:23:39.583+0000] {processor.py:157} INFO - Started process (PID=287) to work on /opt/airflow/dags/hourly_batch_data.py
[2026-03-28T18:23:39.587+0000] {processor.py:829} INFO - Processing file /opt/airflow/dags/hourly_batch_data.py for tasks to queue
[2026-03-28T18:23:39.590+0000] {logging_mixin.py:151} INFO - [2026-03-28T18:23:39.590+0000] {dagbag.py:539} INFO - Filling up the DagBag from /opt/airflow/dags/hourly_batch_data.py
[2026-03-28T18:23:40.154+0000] {processor.py:839} INFO - DAG(s) dict_keys(['hourly_batch_load_silver']) retrieved from /opt/airflow/dags/hourly_batch_data.py
[2026-03-28T18:23:40.182+0000] {logging_mixin.py:151} INFO - [2026-03-28T18:23:40.181+0000] {dag.py:2915} INFO - Sync 1 DAGs
[2026-03-28T18:23:40.200+0000] {logging_mixin.py:151} INFO - [2026-03-28T18:23:40.200+0000] {dag.py:3696} INFO - Setting next_dagrun for hourly_batch_load_silver to 2026-03-28T17:00:00+00:00, run_after=2026-03-28T18:00:00+00:00
[2026-03-28T18:23:40.212+0000] {processor.py:179} INFO - Processing /opt/airflow/dags/hourly_batch_data.py took 0.646 seconds
[2026-03-28T18:24:10.797+0000] {processor.py:157} INFO - Started process (PID=310) to work on /opt/airflow/dags/hourly_batch_data.py
[2026-03-28T18:24:10.803+0000] {processor.py:829} INFO - Processing file /opt/airflow/dags/hourly_batch_data.py for tasks to queue
[2026-03-28T18:24:10.805+0000] {logging_mixin.py:151} INFO - [2026-03-28T18:24:10.805+0000] {dagbag.py:539} INFO - Filling up the DagBag from /opt/airflow/dags/hourly_batch_data.py
[2026-03-28T18:24:11.699+0000] {processor.py:839} INFO - DAG(s) dict_keys(['hourly_batch_load_silver']) retrieved from /opt/airflow/dags/hourly_batch_data.py
[2026-03-28T18:24:11.764+0000] {logging_mixin.py:151} INFO - [2026-03-28T18:24:11.764+0000] {security.py:708} INFO - Not syncing DAG-level permissions for DAG 'DAG:hourly_batch_load_silver' as access control is unset.
[2026-03-28T18:24:11.765+0000] {logging_mixin.py:151} INFO - [2026-03-28T18:24:11.765+0000] {dag.py:2915} INFO - Sync 1 DAGs
[2026-03-28T18:24:11.782+0000] {logging_mixin.py:151} INFO - [2026-03-28T18:24:11.782+0000] {dag.py:3696} INFO - Setting next_dagrun for hourly_batch_load_silver to 2026-03-28T17:00:00+00:00, run_after=2026-03-28T18:00:00+00:00
[2026-03-28T18:24:11.799+0000] {processor.py:179} INFO - Processing /opt/airflow/dags/hourly_batch_data.py took 1.015 seconds
[2026-03-28T18:24:42.260+0000] {processor.py:157} INFO - Started process (PID=332) to work on /opt/airflow/dags/hourly_batch_data.py
[2026-03-28T18:24:42.264+0000] {processor.py:829} INFO - Processing file /opt/airflow/dags/hourly_batch_data.py for tasks to queue
[2026-03-28T18:24:42.264+0000] {logging_mixin.py:151} INFO - [2026-03-28T18:24:42.264+0000] {dagbag.py:539} INFO - Filling up the DagBag from /opt/airflow/dags/hourly_batch_data.py
[2026-03-28T18:24:42.973+0000] {processor.py:839} INFO - DAG(s) dict_keys(['hourly_batch_load_silver']) retrieved from /opt/airflow/dags/hourly_batch_data.py
[2026-03-28T18:24:42.997+0000] {logging_mixin.py:151} INFO - [2026-03-28T18:24:42.997+0000] {dag.py:2915} INFO - Sync 1 DAGs
[2026-03-28T18:24:43.011+0000] {logging_mixin.py:151} INFO - [2026-03-28T18:24:43.011+0000] {dag.py:3696} INFO - Setting next_dagrun for hourly_batch_load_silver to 2026-03-28T17:00:00+00:00, run_after=2026-03-28T18:00:00+00:00
[2026-03-28T18:24:43.021+0000] {processor.py:179} INFO - Processing /opt/airflow/dags/hourly_batch_data.py took 0.765 seconds
[2026-03-28T18:25:13.479+0000] {processor.py:157} INFO - Started process (PID=354) to work on /opt/airflow/dags/hourly_batch_data.py
[2026-03-28T18:25:13.480+0000] {processor.py:829} INFO - Processing file /opt/airflow/dags/hourly_batch_data.py for tasks to queue
[2026-03-28T18:25:13.481+0000] {logging_mixin.py:151} INFO - [2026-03-28T18:25:13.481+0000] {dagbag.py:539} INFO - Filling up the DagBag from /opt/airflow/dags/hourly_batch_data.py
[2026-03-28T18:25:13.998+0000] {processor.py:839} INFO - DAG(s) dict_keys(['hourly_batch_load_silver']) retrieved from /opt/airflow/dags/hourly_batch_data.py
[2026-03-28T18:25:14.051+0000] {logging_mixin.py:151} INFO - [2026-03-28T18:25:14.051+0000] {security.py:708} INFO - Not syncing DAG-level permissions for DAG 'DAG:hourly_batch_load_silver' as access control is unset.
[2026-03-28T18:25:14.052+0000] {logging_mixin.py:151} INFO - [2026-03-28T18:25:14.051+0000] {dag.py:2915} INFO - Sync 1 DAGs
[2026-03-28T18:25:14.066+0000] {logging_mixin.py:151} INFO - [2026-03-28T18:25:14.065+0000] {dag.py:3696} INFO - Setting next_dagrun for hourly_batch_load_silver to 2026-03-28T17:00:00+00:00, run_after=2026-03-28T18:00:00+00:00
[2026-03-28T18:25:14.081+0000] {processor.py:179} INFO - Processing /opt/airflow/dags/hourly_batch_data.py took 0.605 seconds
[2026-03-28T18:25:44.707+0000] {processor.py:157} INFO - Started process (PID=376) to work on /opt/airflow/dags/hourly_batch_data.py
[2026-03-28T18:25:44.710+0000] {processor.py:829} INFO - Processing file /opt/airflow/dags/hourly_batch_data.py for tasks to queue
[2026-03-28T18:25:44.712+0000] {logging_mixin.py:151} INFO - [2026-03-28T18:25:44.711+0000] {dagbag.py:539} INFO - Filling up the DagBag from /opt/airflow/dags/hourly_batch_data.py
[2026-03-28T18:25:45.091+0000] {processor.py:839} INFO - DAG(s) dict_keys(['hourly_batch_load_silver']) retrieved from /opt/airflow/dags/hourly_batch_data.py
[2026-03-28T18:25:45.105+0000] {logging_mixin.py:151} INFO - [2026-03-28T18:25:45.105+0000] {dag.py:2915} INFO - Sync 1 DAGs
[2026-03-28T18:25:45.120+0000] {logging_mixin.py:151} INFO - [2026-03-28T18:25:45.120+0000] {dag.py:3696} INFO - Setting next_dagrun for hourly_batch_load_silver to 2026-03-28T17:00:00+00:00, run_after=2026-03-28T18:00:00+00:00
[2026-03-28T18:25:45.128+0000] {processor.py:179} INFO - Processing /opt/airflow/dags/hourly_batch_data.py took 0.429 seconds
[2026-03-28T18:26:15.530+0000] {processor.py:157} INFO - Started process (PID=398) to work on /opt/airflow/dags/hourly_batch_data.py
[2026-03-28T18:26:15.532+0000] {processor.py:829} INFO - Processing file /opt/airflow/dags/hourly_batch_data.py for tasks to queue
[2026-03-28T18:26:15.535+0000] {logging_mixin.py:151} INFO - [2026-03-28T18:26:15.535+0000] {dagbag.py:539} INFO - Filling up the DagBag from /opt/airflow/dags/hourly_batch_data.py
[2026-03-28T18:26:15.997+0000] {processor.py:839} INFO - DAG(s) dict_keys(['hourly_batch_load_silver']) retrieved from /opt/airflow/dags/hourly_batch_data.py
[2026-03-28T18:26:16.054+0000] {logging_mixin.py:151} INFO - [2026-03-28T18:26:16.054+0000] {security.py:708} INFO - Not syncing DAG-level permissions for DAG 'DAG:hourly_batch_load_silver' as access control is unset.
[2026-03-28T18:26:16.055+0000] {logging_mixin.py:151} INFO - [2026-03-28T18:26:16.055+0000] {dag.py:2915} INFO - Sync 1 DAGs
[2026-03-28T18:26:16.069+0000] {logging_mixin.py:151} INFO - [2026-03-28T18:26:16.069+0000] {dag.py:3696} INFO - Setting next_dagrun for hourly_batch_load_silver to 2026-03-28T17:00:00+00:00, run_after=2026-03-28T18:00:00+00:00
[2026-03-28T18:26:16.082+0000] {processor.py:179} INFO - Processing /opt/airflow/dags/hourly_batch_data.py took 0.555 seconds
[2026-03-28T18:26:46.336+0000] {processor.py:157} INFO - Started process (PID=420) to work on /opt/airflow/dags/hourly_batch_data.py
[2026-03-28T18:26:46.338+0000] {processor.py:829} INFO - Processing file /opt/airflow/dags/hourly_batch_data.py for tasks to queue
[2026-03-28T18:26:46.339+0000] {logging_mixin.py:151} INFO - [2026-03-28T18:26:46.338+0000] {dagbag.py:539} INFO - Filling up the DagBag from /opt/airflow/dags/hourly_batch_data.py
[2026-03-28T18:26:46.581+0000] {processor.py:839} INFO - DAG(s) dict_keys(['hourly_batch_load_silver']) retrieved from /opt/airflow/dags/hourly_batch_data.py
[2026-03-28T18:26:46.596+0000] {logging_mixin.py:151} INFO - [2026-03-28T18:26:46.595+0000] {dag.py:2915} INFO - Sync 1 DAGs
[2026-03-28T18:26:46.609+0000] {logging_mixin.py:151} INFO - [2026-03-28T18:26:46.608+0000] {dag.py:3696} INFO - Setting next_dagrun for hourly_batch_load_silver to 2026-03-28T17:00:00+00:00, run_after=2026-03-28T18:00:00+00:00
[2026-03-28T18:26:46.616+0000] {processor.py:179} INFO - Processing /opt/airflow/dags/hourly_batch_data.py took 0.283 seconds
[2026-03-28T18:27:17.015+0000] {processor.py:157} INFO - Started process (PID=442) to work on /opt/airflow/dags/hourly_batch_data.py
[2026-03-28T18:27:17.017+0000] {processor.py:829} INFO - Processing file /opt/airflow/dags/hourly_batch_data.py for tasks to queue
[2026-03-28T18:27:17.018+0000] {logging_mixin.py:151} INFO - [2026-03-28T18:27:17.018+0000] {dagbag.py:539} INFO - Filling up the DagBag from /opt/airflow/dags/hourly_batch_data.py
[2026-03-28T18:27:17.400+0000] {processor.py:839} INFO - DAG(s) dict_keys(['hourly_batch_load_silver']) retrieved from /opt/airflow/dags/hourly_batch_data.py
[2026-03-28T18:27:17.471+0000] {logging_mixin.py:151} INFO - [2026-03-28T18:27:17.471+0000] {security.py:708} INFO - Not syncing DAG-level permissions for DAG 'DAG:hourly_batch_load_silver' as access control is unset.
[2026-03-28T18:27:17.472+0000] {logging_mixin.py:151} INFO - [2026-03-28T18:27:17.471+0000] {dag.py:2915} INFO - Sync 1 DAGs
[2026-03-28T18:27:17.483+0000] {logging_mixin.py:151} INFO - [2026-03-28T18:27:17.483+0000] {dag.py:3696} INFO - Setting next_dagrun for hourly_batch_load_silver to 2026-03-28T17:00:00+00:00, run_after=2026-03-28T18:00:00+00:00
[2026-03-28T18:27:17.500+0000] {processor.py:179} INFO - Processing /opt/airflow/dags/hourly_batch_data.py took 0.488 seconds
[2026-03-28T18:27:47.773+0000] {processor.py:157} INFO - Started process (PID=464) to work on /opt/airflow/dags/hourly_batch_data.py
[2026-03-28T18:27:47.774+0000] {processor.py:829} INFO - Processing file /opt/airflow/dags/hourly_batch_data.py for tasks to queue
[2026-03-28T18:27:47.775+0000] {logging_mixin.py:151} INFO - [2026-03-28T18:27:47.775+0000] {dagbag.py:539} INFO - Filling up the DagBag from /opt/airflow/dags/hourly_batch_data.py
[2026-03-28T18:27:48.495+0000] {processor.py:839} INFO - DAG(s) dict_keys(['hourly_batch_load_silver']) retrieved from /opt/airflow/dags/hourly_batch_data.py
[2026-03-28T18:27:48.527+0000] {logging_mixin.py:151} INFO - [2026-03-28T18:27:48.527+0000] {dag.py:2915} INFO - Sync 1 DAGs
[2026-03-28T18:27:48.572+0000] {logging_mixin.py:151} INFO - [2026-03-28T18:27:48.572+0000] {dag.py:3696} INFO - Setting next_dagrun for hourly_batch_load_silver to 2026-03-28T17:00:00+00:00, run_after=2026-03-28T18:00:00+00:00
[2026-03-28T18:27:48.604+0000] {processor.py:179} INFO - Processing /opt/airflow/dags/hourly_batch_data.py took 0.832 seconds
[2026-03-28T18:28:18.925+0000] {processor.py:157} INFO - Started process (PID=486) to work on /opt/airflow/dags/hourly_batch_data.py
[2026-03-28T18:28:18.927+0000] {processor.py:829} INFO - Processing file /opt/airflow/dags/hourly_batch_data.py for tasks to queue
[2026-03-28T18:28:18.928+0000] {logging_mixin.py:151} INFO - [2026-03-28T18:28:18.928+0000] {dagbag.py:539} INFO - Filling up the DagBag from /opt/airflow/dags/hourly_batch_data.py
[2026-03-28T18:28:19.172+0000] {processor.py:839} INFO - DAG(s) dict_keys(['hourly_batch_load_silver']) retrieved from /opt/airflow/dags/hourly_batch_data.py
[2026-03-28T18:28:19.223+0000] {logging_mixin.py:151} INFO - [2026-03-28T18:28:19.223+0000] {security.py:708} INFO - Not syncing DAG-level permissions for DAG 'DAG:hourly_batch_load_silver' as access control is unset.
[2026-03-28T18:28:19.223+0000] {logging_mixin.py:151} INFO - [2026-03-28T18:28:19.223+0000] {dag.py:2915} INFO - Sync 1 DAGs
[2026-03-28T18:28:19.234+0000] {logging_mixin.py:151} INFO - [2026-03-28T18:28:19.234+0000] {dag.py:3696} INFO - Setting next_dagrun for hourly_batch_load_silver to 2026-03-28T17:00:00+00:00, run_after=2026-03-28T18:00:00+00:00
[2026-03-28T18:28:19.249+0000] {processor.py:179} INFO - Processing /opt/airflow/dags/hourly_batch_data.py took 0.326 seconds
[2026-03-28T18:28:49.763+0000] {processor.py:157} INFO - Started process (PID=508) to work on /opt/airflow/dags/hourly_batch_data.py
[2026-03-28T18:28:49.768+0000] {processor.py:829} INFO - Processing file /opt/airflow/dags/hourly_batch_data.py for tasks to queue
[2026-03-28T18:28:49.768+0000] {logging_mixin.py:151} INFO - [2026-03-28T18:28:49.768+0000] {dagbag.py:539} INFO - Filling up the DagBag from /opt/airflow/dags/hourly_batch_data.py
[2026-03-28T18:28:50.139+0000] {processor.py:839} INFO - DAG(s) dict_keys(['hourly_batch_load_silver']) retrieved from /opt/airflow/dags/hourly_batch_data.py
[2026-03-28T18:28:50.169+0000] {logging_mixin.py:151} INFO - [2026-03-28T18:28:50.169+0000] {dag.py:2915} INFO - Sync 1 DAGs
[2026-03-28T18:28:50.190+0000] {logging_mixin.py:151} INFO - [2026-03-28T18:28:50.190+0000] {dag.py:3696} INFO - Setting next_dagrun for hourly_batch_load_silver to 2026-03-28T17:00:00+00:00, run_after=2026-03-28T18:00:00+00:00
[2026-03-28T18:28:50.201+0000] {processor.py:179} INFO - Processing /opt/airflow/dags/hourly_batch_data.py took 0.446 seconds
[2026-03-28T18:29:20.688+0000] {processor.py:157} INFO - Started process (PID=530) to work on /opt/airflow/dags/hourly_batch_data.py
[2026-03-28T18:29:20.690+0000] {processor.py:829} INFO - Processing file /opt/airflow/dags/hourly_batch_data.py for tasks to queue
[2026-03-28T18:29:20.692+0000] {logging_mixin.py:151} INFO - [2026-03-28T18:29:20.692+0000] {dagbag.py:539} INFO - Filling up the DagBag from /opt/airflow/dags/hourly_batch_data.py
[2026-03-28T18:29:20.970+0000] {processor.py:839} INFO - DAG(s) dict_keys(['hourly_batch_load_silver']) retrieved from /opt/airflow/dags/hourly_batch_data.py
[2026-03-28T18:29:21.030+0000] {logging_mixin.py:151} INFO - [2026-03-28T18:29:21.029+0000] {security.py:708} INFO - Not syncing DAG-level permissions for DAG 'DAG:hourly_batch_load_silver' as access control is unset.
[2026-03-28T18:29:21.030+0000] {logging_mixin.py:151} INFO - [2026-03-28T18:29:21.030+0000] {dag.py:2915} INFO - Sync 1 DAGs
[2026-03-28T18:29:21.041+0000] {logging_mixin.py:151} INFO - [2026-03-28T18:29:21.041+0000] {dag.py:3696} INFO - Setting next_dagrun for hourly_batch_load_silver to 2026-03-28T17:00:00+00:00, run_after=2026-03-28T18:00:00+00:00
[2026-03-28T18:29:21.055+0000] {processor.py:179} INFO - Processing /opt/airflow/dags/hourly_batch_data.py took 0.370 seconds
[2026-03-28T18:29:51.281+0000] {processor.py:157} INFO - Started process (PID=552) to work on /opt/airflow/dags/hourly_batch_data.py
[2026-03-28T18:29:51.282+0000] {processor.py:829} INFO - Processing file /opt/airflow/dags/hourly_batch_data.py for tasks to queue
[2026-03-28T18:29:51.283+0000] {logging_mixin.py:151} INFO - [2026-03-28T18:29:51.283+0000] {dagbag.py:539} INFO - Filling up the DagBag from /opt/airflow/dags/hourly_batch_data.py
[2026-03-28T18:29:51.524+0000] {processor.py:839} INFO - DAG(s) dict_keys(['hourly_batch_load_silver']) retrieved from /opt/airflow/dags/hourly_batch_data.py
[2026-03-28T18:29:51.541+0000] {logging_mixin.py:151} INFO - [2026-03-28T18:29:51.541+0000] {dag.py:2915} INFO - Sync 1 DAGs
[2026-03-28T18:29:51.559+0000] {logging_mixin.py:151} INFO - [2026-03-28T18:29:51.559+0000] {dag.py:3696} INFO - Setting next_dagrun for hourly_batch_load_silver to 2026-03-28T17:00:00+00:00, run_after=2026-03-28T18:00:00+00:00
[2026-03-28T18:29:51.567+0000] {processor.py:179} INFO - Processing /opt/airflow/dags/hourly_batch_data.py took 0.291 seconds
[2026-03-28T18:30:21.976+0000] {processor.py:157} INFO - Started process (PID=574) to work on /opt/airflow/dags/hourly_batch_data.py
[2026-03-28T18:30:21.977+0000] {processor.py:829} INFO - Processing file /opt/airflow/dags/hourly_batch_data.py for tasks to queue
[2026-03-28T18:30:21.979+0000] {logging_mixin.py:151} INFO - [2026-03-28T18:30:21.978+0000] {dagbag.py:539} INFO - Filling up the DagBag from /opt/airflow/dags/hourly_batch_data.py
[2026-03-28T18:30:22.356+0000] {processor.py:839} INFO - DAG(s) dict_keys(['hourly_batch_load_silver']) retrieved from /opt/airflow/dags/hourly_batch_data.py
[2026-03-28T18:30:22.423+0000] {logging_mixin.py:151} INFO - [2026-03-28T18:30:22.423+0000] {security.py:708} INFO - Not syncing DAG-level permissions for DAG 'DAG:hourly_batch_load_silver' as access control is unset.
[2026-03-28T18:30:22.424+0000] {logging_mixin.py:151} INFO - [2026-03-28T18:30:22.424+0000] {dag.py:2915} INFO - Sync 1 DAGs
[2026-03-28T18:30:22.435+0000] {logging_mixin.py:151} INFO - [2026-03-28T18:30:22.435+0000] {dag.py:3696} INFO - Setting next_dagrun for hourly_batch_load_silver to 2026-03-28T17:00:00+00:00, run_after=2026-03-28T18:00:00+00:00
[2026-03-28T18:30:22.445+0000] {processor.py:179} INFO - Processing /opt/airflow/dags/hourly_batch_data.py took 0.473 seconds
[2026-03-28T18:30:52.770+0000] {processor.py:157} INFO - Started process (PID=596) to work on /opt/airflow/dags/hourly_batch_data.py
[2026-03-28T18:30:52.773+0000] {processor.py:829} INFO - Processing file /opt/airflow/dags/hourly_batch_data.py for tasks to queue
[2026-03-28T18:30:52.775+0000] {logging_mixin.py:151} INFO - [2026-03-28T18:30:52.774+0000] {dagbag.py:539} INFO - Filling up the DagBag from /opt/airflow/dags/hourly_batch_data.py
[2026-03-28T18:30:53.485+0000] {processor.py:839} INFO - DAG(s) dict_keys(['hourly_batch_load_silver']) retrieved from /opt/airflow/dags/hourly_batch_data.py
[2026-03-28T18:30:53.511+0000] {logging_mixin.py:151} INFO - [2026-03-28T18:30:53.511+0000] {dag.py:2915} INFO - Sync 1 DAGs
[2026-03-28T18:30:53.532+0000] {logging_mixin.py:151} INFO - [2026-03-28T18:30:53.532+0000] {dag.py:3696} INFO - Setting next_dagrun for hourly_batch_load_silver to 2026-03-28T17:00:00+00:00, run_after=2026-03-28T18:00:00+00:00
[2026-03-28T18:30:53.546+0000] {processor.py:179} INFO - Processing /opt/airflow/dags/hourly_batch_data.py took 0.780 seconds
[2026-03-28T18:31:24.066+0000] {processor.py:157} INFO - Started process (PID=618) to work on /opt/airflow/dags/hourly_batch_data.py
[2026-03-28T18:31:24.069+0000] {processor.py:829} INFO - Processing file /opt/airflow/dags/hourly_batch_data.py for tasks to queue
[2026-03-28T18:31:24.073+0000] {logging_mixin.py:151} INFO - [2026-03-28T18:31:24.073+0000] {dagbag.py:539} INFO - Filling up the DagBag from /opt/airflow/dags/hourly_batch_data.py
[2026-03-28T18:31:24.418+0000] {processor.py:839} INFO - DAG(s) dict_keys(['hourly_batch_load_silver']) retrieved from /opt/airflow/dags/hourly_batch_data.py
[2026-03-28T18:31:24.488+0000] {logging_mixin.py:151} INFO - [2026-03-28T18:31:24.488+0000] {security.py:708} INFO - Not syncing DAG-level permissions for DAG 'DAG:hourly_batch_load_silver' as access control is unset.
[2026-03-28T18:31:24.488+0000] {logging_mixin.py:151} INFO - [2026-03-28T18:31:24.488+0000] {dag.py:2915} INFO - Sync 1 DAGs
[2026-03-28T18:31:24.499+0000] {logging_mixin.py:151} INFO - [2026-03-28T18:31:24.499+0000] {dag.py:3696} INFO - Setting next_dagrun for hourly_batch_load_silver to 2026-03-28T17:00:00+00:00, run_after=2026-03-28T18:00:00+00:00
[2026-03-28T18:31:24.510+0000] {processor.py:179} INFO - Processing /opt/airflow/dags/hourly_batch_data.py took 0.451 seconds
[2026-03-28T18:31:54.804+0000] {processor.py:157} INFO - Started process (PID=640) to work on /opt/airflow/dags/hourly_batch_data.py
[2026-03-28T18:31:54.805+0000] {processor.py:829} INFO - Processing file /opt/airflow/dags/hourly_batch_data.py for tasks to queue
[2026-03-28T18:31:54.809+0000] {logging_mixin.py:151} INFO - [2026-03-28T18:31:54.808+0000] {dagbag.py:539} INFO - Filling up the DagBag from /opt/airflow/dags/hourly_batch_data.py
[2026-03-28T18:31:55.100+0000] {processor.py:839} INFO - DAG(s) dict_keys(['hourly_batch_load_silver']) retrieved from /opt/airflow/dags/hourly_batch_data.py
[2026-03-28T18:31:55.123+0000] {logging_mixin.py:151} INFO - [2026-03-28T18:31:55.123+0000] {dag.py:2915} INFO - Sync 1 DAGs
[2026-03-28T18:31:55.143+0000] {logging_mixin.py:151} INFO - [2026-03-28T18:31:55.143+0000] {dag.py:3696} INFO - Setting next_dagrun for hourly_batch_load_silver to 2026-03-28T17:00:00+00:00, run_after=2026-03-28T18:00:00+00:00
[2026-03-28T18:31:55.151+0000] {processor.py:179} INFO - Processing /opt/airflow/dags/hourly_batch_data.py took 0.351 seconds
[2026-03-28T18:32:25.641+0000] {processor.py:157} INFO - Started process (PID=662) to work on /opt/airflow/dags/hourly_batch_data.py
[2026-03-28T18:32:25.644+0000] {processor.py:829} INFO - Processing file /opt/airflow/dags/hourly_batch_data.py for tasks to queue
[2026-03-28T18:32:25.644+0000] {logging_mixin.py:151} INFO - [2026-03-28T18:32:25.644+0000] {dagbag.py:539} INFO - Filling up the DagBag from /opt/airflow/dags/hourly_batch_data.py
[2026-03-28T18:32:26.052+0000] {processor.py:839} INFO - DAG(s) dict_keys(['hourly_batch_load_silver']) retrieved from /opt/airflow/dags/hourly_batch_data.py
[2026-03-28T18:32:26.129+0000] {logging_mixin.py:151} INFO - [2026-03-28T18:32:26.129+0000] {security.py:708} INFO - Not syncing DAG-level permissions for DAG 'DAG:hourly_batch_load_silver' as access control is unset.
[2026-03-28T18:32:26.130+0000] {logging_mixin.py:151} INFO - [2026-03-28T18:32:26.129+0000] {dag.py:2915} INFO - Sync 1 DAGs
[2026-03-28T18:32:26.145+0000] {logging_mixin.py:151} INFO - [2026-03-28T18:32:26.145+0000] {dag.py:3696} INFO - Setting next_dagrun for hourly_batch_load_silver to 2026-03-28T17:00:00+00:00, run_after=2026-03-28T18:00:00+00:00
[2026-03-28T18:32:26.156+0000] {processor.py:179} INFO - Processing /opt/airflow/dags/hourly_batch_data.py took 0.518 seconds
[2026-03-28T18:32:56.595+0000] {processor.py:157} INFO - Started process (PID=684) to work on /opt/airflow/dags/hourly_batch_data.py
[2026-03-28T18:32:56.596+0000] {processor.py:829} INFO - Processing file /opt/airflow/dags/hourly_batch_data.py for tasks to queue
[2026-03-28T18:32:56.597+0000] {logging_mixin.py:151} INFO - [2026-03-28T18:32:56.597+0000] {dagbag.py:539} INFO - Filling up the DagBag from /opt/airflow/dags/hourly_batch_data.py
[2026-03-28T18:32:56.897+0000] {processor.py:839} INFO - DAG(s) dict_keys(['hourly_batch_load_silver']) retrieved from /opt/airflow/dags/hourly_batch_data.py
[2026-03-28T18:32:56.914+0000] {logging_mixin.py:151} INFO - [2026-03-28T18:32:56.913+0000] {dag.py:2915} INFO - Sync 1 DAGs
[2026-03-28T18:32:56.934+0000] {logging_mixin.py:151} INFO - [2026-03-28T18:32:56.934+0000] {dag.py:3696} INFO - Setting next_dagrun for hourly_batch_load_silver to 2026-03-28T17:00:00+00:00, run_after=2026-03-28T18:00:00+00:00
[2026-03-28T18:32:56.950+0000] {processor.py:179} INFO - Processing /opt/airflow/dags/hourly_batch_data.py took 0.363 seconds
[2026-03-28T18:33:27.428+0000] {processor.py:157} INFO - Started process (PID=706) to work on /opt/airflow/dags/hourly_batch_data.py
[2026-03-28T18:33:27.438+0000] {processor.py:829} INFO - Processing file /opt/airflow/dags/hourly_batch_data.py for tasks to queue
[2026-03-28T18:33:27.439+0000] {logging_mixin.py:151} INFO - [2026-03-28T18:33:27.439+0000] {dagbag.py:539} INFO - Filling up the DagBag from /opt/airflow/dags/hourly_batch_data.py
[2026-03-28T18:33:27.746+0000] {processor.py:839} INFO - DAG(s) dict_keys(['hourly_batch_load_silver']) retrieved from /opt/airflow/dags/hourly_batch_data.py
[2026-03-28T18:33:27.824+0000] {logging_mixin.py:151} INFO - [2026-03-28T18:33:27.824+0000] {security.py:708} INFO - Not syncing DAG-level permissions for DAG 'DAG:hourly_batch_load_silver' as access control is unset.
[2026-03-28T18:33:27.825+0000] {logging_mixin.py:151} INFO - [2026-03-28T18:33:27.825+0000] {dag.py:2915} INFO - Sync 1 DAGs
[2026-03-28T18:33:27.836+0000] {logging_mixin.py:151} INFO - [2026-03-28T18:33:27.836+0000] {dag.py:3696} INFO - Setting next_dagrun for hourly_batch_load_silver to 2026-03-28T17:00:00+00:00, run_after=2026-03-28T18:00:00+00:00
[2026-03-28T18:33:27.849+0000] {processor.py:179} INFO - Processing /opt/airflow/dags/hourly_batch_data.py took 0.452 seconds
[2026-03-28T18:33:58.252+0000] {processor.py:157} INFO - Started process (PID=728) to work on /opt/airflow/dags/hourly_batch_data.py
[2026-03-28T18:33:58.254+0000] {processor.py:829} INFO - Processing file /opt/airflow/dags/hourly_batch_data.py for tasks to queue
[2026-03-28T18:33:58.256+0000] {logging_mixin.py:151} INFO - [2026-03-28T18:33:58.256+0000] {dagbag.py:539} INFO - Filling up the DagBag from /opt/airflow/dags/hourly_batch_data.py
[2026-03-28T18:33:58.607+0000] {processor.py:839} INFO - DAG(s) dict_keys(['hourly_batch_load_silver']) retrieved from /opt/airflow/dags/hourly_batch_data.py
[2026-03-28T18:33:58.629+0000] {logging_mixin.py:151} INFO - [2026-03-28T18:33:58.629+0000] {dag.py:2915} INFO - Sync 1 DAGs
[2026-03-28T18:33:58.646+0000] {logging_mixin.py:151} INFO - [2026-03-28T18:33:58.646+0000] {dag.py:3696} INFO - Setting next_dagrun for hourly_batch_load_silver to 2026-03-28T17:00:00+00:00, run_after=2026-03-28T18:00:00+00:00
[2026-03-28T18:33:58.656+0000] {processor.py:179} INFO - Processing /opt/airflow/dags/hourly_batch_data.py took 0.409 seconds
[2026-03-28T18:34:29.143+0000] {processor.py:157} INFO - Started process (PID=750) to work on /opt/airflow/dags/hourly_batch_data.py
[2026-03-28T18:34:29.145+0000] {processor.py:829} INFO - Processing file /opt/airflow/dags/hourly_batch_data.py for tasks to queue
[2026-03-28T18:34:29.147+0000] {logging_mixin.py:151} INFO - [2026-03-28T18:34:29.147+0000] {dagbag.py:539} INFO - Filling up the DagBag from /opt/airflow/dags/hourly_batch_data.py
[2026-03-28T18:34:29.546+0000] {processor.py:839} INFO - DAG(s) dict_keys(['hourly_batch_load_silver']) retrieved from /opt/airflow/dags/hourly_batch_data.py
[2026-03-28T18:34:29.633+0000] {logging_mixin.py:151} INFO - [2026-03-28T18:34:29.632+0000] {security.py:708} INFO - Not syncing DAG-level permissions for DAG 'DAG:hourly_batch_load_silver' as access control is unset.
[2026-03-28T18:34:29.633+0000] {logging_mixin.py:151} INFO - [2026-03-28T18:34:29.633+0000] {dag.py:2915} INFO - Sync 1 DAGs
[2026-03-28T18:34:29.648+0000] {logging_mixin.py:151} INFO - [2026-03-28T18:34:29.648+0000] {dag.py:3696} INFO - Setting next_dagrun for hourly_batch_load_silver to 2026-03-28T17:00:00+00:00, run_after=2026-03-28T18:00:00+00:00
[2026-03-28T18:34:29.664+0000] {processor.py:179} INFO - Processing /opt/airflow/dags/hourly_batch_data.py took 0.525 seconds
[2026-03-28T18:35:00.168+0000] {processor.py:157} INFO - Started process (PID=772) to work on /opt/airflow/dags/hourly_batch_data.py
[2026-03-28T18:35:00.169+0000] {processor.py:829} INFO - Processing file /opt/airflow/dags/hourly_batch_data.py for tasks to queue
[2026-03-28T18:35:00.170+0000] {logging_mixin.py:151} INFO - [2026-03-28T18:35:00.170+0000] {dagbag.py:539} INFO - Filling up the DagBag from /opt/airflow/dags/hourly_batch_data.py
[2026-03-28T18:35:00.573+0000] {processor.py:839} INFO - DAG(s) dict_keys(['hourly_batch_load_silver']) retrieved from /opt/airflow/dags/hourly_batch_data.py
[2026-03-28T18:35:00.592+0000] {logging_mixin.py:151} INFO - [2026-03-28T18:35:00.592+0000] {dag.py:2915} INFO - Sync 1 DAGs
[2026-03-28T18:35:00.605+0000] {logging_mixin.py:151} INFO - [2026-03-28T18:35:00.605+0000] {dag.py:3696} INFO - Setting next_dagrun for hourly_batch_load_silver to 2026-03-28T17:00:00+00:00, run_after=2026-03-28T18:00:00+00:00
[2026-03-28T18:35:00.614+0000] {processor.py:179} INFO - Processing /opt/airflow/dags/hourly_batch_data.py took 0.454 seconds
[2026-03-28T18:35:31.016+0000] {processor.py:157} INFO - Started process (PID=794) to work on /opt/airflow/dags/hourly_batch_data.py
[2026-03-28T18:35:31.019+0000] {processor.py:829} INFO - Processing file /opt/airflow/dags/hourly_batch_data.py for tasks to queue
[2026-03-28T18:35:31.019+0000] {logging_mixin.py:151} INFO - [2026-03-28T18:35:31.019+0000] {dagbag.py:539} INFO - Filling up the DagBag from /opt/airflow/dags/hourly_batch_data.py
[2026-03-28T18:35:31.335+0000] {processor.py:839} INFO - DAG(s) dict_keys(['hourly_batch_load_silver']) retrieved from /opt/airflow/dags/hourly_batch_data.py
[2026-03-28T18:35:31.424+0000] {logging_mixin.py:151} INFO - [2026-03-28T18:35:31.424+0000] {security.py:708} INFO - Not syncing DAG-level permissions for DAG 'DAG:hourly_batch_load_silver' as access control is unset.
[2026-03-28T18:35:31.426+0000] {logging_mixin.py:151} INFO - [2026-03-28T18:35:31.425+0000] {dag.py:2915} INFO - Sync 1 DAGs
[2026-03-28T18:35:31.437+0000] {logging_mixin.py:151} INFO - [2026-03-28T18:35:31.437+0000] {dag.py:3696} INFO - Setting next_dagrun for hourly_batch_load_silver to 2026-03-28T17:00:00+00:00, run_after=2026-03-28T18:00:00+00:00
[2026-03-28T18:35:31.454+0000] {processor.py:179} INFO - Processing /opt/airflow/dags/hourly_batch_data.py took 0.442 seconds
[2026-03-28T18:36:02.015+0000] {processor.py:157} INFO - Started process (PID=816) to work on /opt/airflow/dags/hourly_batch_data.py
[2026-03-28T18:36:02.026+0000] {processor.py:829} INFO - Processing file /opt/airflow/dags/hourly_batch_data.py for tasks to queue
[2026-03-28T18:36:02.034+0000] {logging_mixin.py:151} INFO - [2026-03-28T18:36:02.031+0000] {dagbag.py:539} INFO - Filling up the DagBag from /opt/airflow/dags/hourly_batch_data.py
[2026-03-28T18:36:03.597+0000] {processor.py:839} INFO - DAG(s) dict_keys(['hourly_batch_load_silver']) retrieved from /opt/airflow/dags/hourly_batch_data.py
[2026-03-28T18:36:03.654+0000] {logging_mixin.py:151} INFO - [2026-03-28T18:36:03.653+0000] {dag.py:2915} INFO - Sync 1 DAGs
[2026-03-28T18:36:03.681+0000] {logging_mixin.py:151} INFO - [2026-03-28T18:36:03.681+0000] {dag.py:3696} INFO - Setting next_dagrun for hourly_batch_load_silver to 2026-03-28T17:00:00+00:00, run_after=2026-03-28T18:00:00+00:00
[2026-03-28T18:36:03.705+0000] {processor.py:179} INFO - Processing /opt/airflow/dags/hourly_batch_data.py took 1.712 seconds
[2026-03-28T18:36:34.126+0000] {processor.py:157} INFO - Started process (PID=838) to work on /opt/airflow/dags/hourly_batch_data.py
[2026-03-28T18:36:34.127+0000] {processor.py:829} INFO - Processing file /opt/airflow/dags/hourly_batch_data.py for tasks to queue
[2026-03-28T18:36:34.128+0000] {logging_mixin.py:151} INFO - [2026-03-28T18:36:34.128+0000] {dagbag.py:539} INFO - Filling up the DagBag from /opt/airflow/dags/hourly_batch_data.py
[2026-03-28T18:36:35.035+0000] {processor.py:839} INFO - DAG(s) dict_keys(['hourly_batch_load_silver']) retrieved from /opt/airflow/dags/hourly_batch_data.py
[2026-03-28T18:36:35.157+0000] {logging_mixin.py:151} INFO - [2026-03-28T18:36:35.156+0000] {security.py:708} INFO - Not syncing DAG-level permissions for DAG 'DAG:hourly_batch_load_silver' as access control is unset.
[2026-03-28T18:36:35.157+0000] {logging_mixin.py:151} INFO - [2026-03-28T18:36:35.157+0000] {dag.py:2915} INFO - Sync 1 DAGs
[2026-03-28T18:36:35.174+0000] {logging_mixin.py:151} INFO - [2026-03-28T18:36:35.173+0000] {dag.py:3696} INFO - Setting next_dagrun for hourly_batch_load_silver to 2026-03-28T17:00:00+00:00, run_after=2026-03-28T18:00:00+00:00
[2026-03-28T18:36:35.193+0000] {processor.py:179} INFO - Processing /opt/airflow/dags/hourly_batch_data.py took 1.071 seconds
[2026-03-28T18:37:05.955+0000] {processor.py:157} INFO - Started process (PID=860) to work on /opt/airflow/dags/hourly_batch_data.py
[2026-03-28T18:37:05.961+0000] {processor.py:829} INFO - Processing file /opt/airflow/dags/hourly_batch_data.py for tasks to queue
[2026-03-28T18:37:05.963+0000] {logging_mixin.py:151} INFO - [2026-03-28T18:37:05.963+0000] {dagbag.py:539} INFO - Filling up the DagBag from /opt/airflow/dags/hourly_batch_data.py
[2026-03-28T18:37:07.056+0000] {processor.py:839} INFO - DAG(s) dict_keys(['hourly_batch_load_silver']) retrieved from /opt/airflow/dags/hourly_batch_data.py
[2026-03-28T18:37:07.183+0000] {logging_mixin.py:151} INFO - [2026-03-28T18:37:07.182+0000] {dag.py:2915} INFO - Sync 1 DAGs
[2026-03-28T18:37:07.212+0000] {logging_mixin.py:151} INFO - [2026-03-28T18:37:07.212+0000] {dag.py:3696} INFO - Setting next_dagrun for hourly_batch_load_silver to 2026-03-28T17:00:00+00:00, run_after=2026-03-28T18:00:00+00:00
[2026-03-28T18:37:07.227+0000] {processor.py:179} INFO - Processing /opt/airflow/dags/hourly_batch_data.py took 1.279 seconds
[2026-03-28T18:37:38.106+0000] {processor.py:157} INFO - Started process (PID=882) to work on /opt/airflow/dags/hourly_batch_data.py
[2026-03-28T18:37:38.109+0000] {processor.py:829} INFO - Processing file /opt/airflow/dags/hourly_batch_data.py for tasks to queue
[2026-03-28T18:37:38.110+0000] {logging_mixin.py:151} INFO - [2026-03-28T18:37:38.109+0000] {dagbag.py:539} INFO - Filling up the DagBag from /opt/airflow/dags/hourly_batch_data.py
[2026-03-28T18:37:38.650+0000] {processor.py:839} INFO - DAG(s) dict_keys(['hourly_batch_load_silver']) retrieved from /opt/airflow/dags/hourly_batch_data.py
[2026-03-28T18:37:38.740+0000] {logging_mixin.py:151} INFO - [2026-03-28T18:37:38.740+0000] {security.py:708} INFO - Not syncing DAG-level permissions for DAG 'DAG:hourly_batch_load_silver' as access control is unset.
[2026-03-28T18:37:38.741+0000] {logging_mixin.py:151} INFO - [2026-03-28T18:37:38.740+0000] {dag.py:2915} INFO - Sync 1 DAGs
[2026-03-28T18:37:38.758+0000] {logging_mixin.py:151} INFO - [2026-03-28T18:37:38.758+0000] {dag.py:3696} INFO - Setting next_dagrun for hourly_batch_load_silver to 2026-03-28T17:00:00+00:00, run_after=2026-03-28T18:00:00+00:00
[2026-03-28T18:37:38.773+0000] {processor.py:179} INFO - Processing /opt/airflow/dags/hourly_batch_data.py took 0.673 seconds
[2026-03-28T18:38:09.129+0000] {processor.py:157} INFO - Started process (PID=904) to work on /opt/airflow/dags/hourly_batch_data.py
[2026-03-28T18:38:09.131+0000] {processor.py:829} INFO - Processing file /opt/airflow/dags/hourly_batch_data.py for tasks to queue
[2026-03-28T18:38:09.133+0000] {logging_mixin.py:151} INFO - [2026-03-28T18:38:09.133+0000] {dagbag.py:539} INFO - Filling up the DagBag from /opt/airflow/dags/hourly_batch_data.py
[2026-03-28T18:38:09.466+0000] {processor.py:839} INFO - DAG(s) dict_keys(['hourly_batch_load_silver']) retrieved from /opt/airflow/dags/hourly_batch_data.py
[2026-03-28T18:38:09.484+0000] {logging_mixin.py:151} INFO - [2026-03-28T18:38:09.483+0000] {dag.py:2915} INFO - Sync 1 DAGs
[2026-03-28T18:38:09.500+0000] {logging_mixin.py:151} INFO - [2026-03-28T18:38:09.500+0000] {dag.py:3696} INFO - Setting next_dagrun for hourly_batch_load_silver to 2026-03-28T17:00:00+00:00, run_after=2026-03-28T18:00:00+00:00
[2026-03-28T18:38:09.508+0000] {processor.py:179} INFO - Processing /opt/airflow/dags/hourly_batch_data.py took 0.385 seconds
[2026-03-28T18:38:40.016+0000] {processor.py:157} INFO - Started process (PID=926) to work on /opt/airflow/dags/hourly_batch_data.py
[2026-03-28T18:38:40.017+0000] {processor.py:829} INFO - Processing file /opt/airflow/dags/hourly_batch_data.py for tasks to queue
[2026-03-28T18:38:40.018+0000] {logging_mixin.py:151} INFO - [2026-03-28T18:38:40.017+0000] {dagbag.py:539} INFO - Filling up the DagBag from /opt/airflow/dags/hourly_batch_data.py
[2026-03-28T18:38:40.444+0000] {processor.py:839} INFO - DAG(s) dict_keys(['hourly_batch_load_silver']) retrieved from /opt/airflow/dags/hourly_batch_data.py
[2026-03-28T18:38:40.518+0000] {logging_mixin.py:151} INFO - [2026-03-28T18:38:40.518+0000] {security.py:708} INFO - Not syncing DAG-level permissions for DAG 'DAG:hourly_batch_load_silver' as access control is unset.
[2026-03-28T18:38:40.520+0000] {logging_mixin.py:151} INFO - [2026-03-28T18:38:40.519+0000] {dag.py:2915} INFO - Sync 1 DAGs
[2026-03-28T18:38:40.535+0000] {logging_mixin.py:151} INFO - [2026-03-28T18:38:40.535+0000] {dag.py:3696} INFO - Setting next_dagrun for hourly_batch_load_silver to 2026-03-28T17:00:00+00:00, run_after=2026-03-28T18:00:00+00:00
[2026-03-28T18:38:40.549+0000] {processor.py:179} INFO - Processing /opt/airflow/dags/hourly_batch_data.py took 0.541 seconds
[2026-03-28T18:39:10.852+0000] {processor.py:157} INFO - Started process (PID=948) to work on /opt/airflow/dags/hourly_batch_data.py
[2026-03-28T18:39:10.853+0000] {processor.py:829} INFO - Processing file /opt/airflow/dags/hourly_batch_data.py for tasks to queue
[2026-03-28T18:39:10.854+0000] {logging_mixin.py:151} INFO - [2026-03-28T18:39:10.854+0000] {dagbag.py:539} INFO - Filling up the DagBag from /opt/airflow/dags/hourly_batch_data.py
[2026-03-28T18:39:11.227+0000] {processor.py:839} INFO - DAG(s) dict_keys(['hourly_batch_load_silver']) retrieved from /opt/airflow/dags/hourly_batch_data.py
[2026-03-28T18:39:11.248+0000] {logging_mixin.py:151} INFO - [2026-03-28T18:39:11.248+0000] {dag.py:2915} INFO - Sync 1 DAGs
[2026-03-28T18:39:11.262+0000] {logging_mixin.py:151} INFO - [2026-03-28T18:39:11.262+0000] {dag.py:3696} INFO - Setting next_dagrun for hourly_batch_load_silver to 2026-03-28T17:00:00+00:00, run_after=2026-03-28T18:00:00+00:00
[2026-03-28T18:39:11.272+0000] {processor.py:179} INFO - Processing /opt/airflow/dags/hourly_batch_data.py took 0.422 seconds
[2026-03-28T18:39:41.890+0000] {processor.py:157} INFO - Started process (PID=969) to work on /opt/airflow/dags/hourly_batch_data.py
[2026-03-28T18:39:41.892+0000] {processor.py:829} INFO - Processing file /opt/airflow/dags/hourly_batch_data.py for tasks to queue
[2026-03-28T18:39:41.893+0000] {logging_mixin.py:151} INFO - [2026-03-28T18:39:41.893+0000] {dagbag.py:539} INFO - Filling up the DagBag from /opt/airflow/dags/hourly_batch_data.py
[2026-03-28T18:39:42.270+0000] {processor.py:839} INFO - DAG(s) dict_keys(['hourly_batch_load_silver']) retrieved from /opt/airflow/dags/hourly_batch_data.py
[2026-03-28T18:39:42.389+0000] {logging_mixin.py:151} INFO - [2026-03-28T18:39:42.389+0000] {security.py:708} INFO - Not syncing DAG-level permissions for DAG 'DAG:hourly_batch_load_silver' as access control is unset.
[2026-03-28T18:39:42.390+0000] {logging_mixin.py:151} INFO - [2026-03-28T18:39:42.390+0000] {dag.py:2915} INFO - Sync 1 DAGs
[2026-03-28T18:39:42.404+0000] {logging_mixin.py:151} INFO - [2026-03-28T18:39:42.404+0000] {dag.py:3696} INFO - Setting next_dagrun for hourly_batch_load_silver to 2026-03-28T17:00:00+00:00, run_after=2026-03-28T18:00:00+00:00
[2026-03-28T18:39:42.421+0000] {processor.py:179} INFO - Processing /opt/airflow/dags/hourly_batch_data.py took 0.542 seconds
[2026-03-28T18:40:12.970+0000] {processor.py:157} INFO - Started process (PID=992) to work on /opt/airflow/dags/hourly_batch_data.py
[2026-03-28T18:40:12.975+0000] {processor.py:829} INFO - Processing file /opt/airflow/dags/hourly_batch_data.py for tasks to queue
[2026-03-28T18:40:12.979+0000] {logging_mixin.py:151} INFO - [2026-03-28T18:40:12.978+0000] {dagbag.py:539} INFO - Filling up the DagBag from /opt/airflow/dags/hourly_batch_data.py
[2026-03-28T18:40:13.667+0000] {processor.py:839} INFO - DAG(s) dict_keys(['hourly_batch_load_silver']) retrieved from /opt/airflow/dags/hourly_batch_data.py
[2026-03-28T18:40:13.700+0000] {logging_mixin.py:151} INFO - [2026-03-28T18:40:13.700+0000] {dag.py:2915} INFO - Sync 1 DAGs
[2026-03-28T18:40:13.720+0000] {logging_mixin.py:151} INFO - [2026-03-28T18:40:13.720+0000] {dag.py:3696} INFO - Setting next_dagrun for hourly_batch_load_silver to 2026-03-28T17:00:00+00:00, run_after=2026-03-28T18:00:00+00:00
[2026-03-28T18:40:13.730+0000] {processor.py:179} INFO - Processing /opt/airflow/dags/hourly_batch_data.py took 0.783 seconds
[2026-03-28T18:40:44.125+0000] {processor.py:157} INFO - Started process (PID=1014) to work on /opt/airflow/dags/hourly_batch_data.py
[2026-03-28T18:40:44.128+0000] {processor.py:829} INFO - Processing file /opt/airflow/dags/hourly_batch_data.py for tasks to queue
[2026-03-28T18:40:44.129+0000] {logging_mixin.py:151} INFO - [2026-03-28T18:40:44.129+0000] {dagbag.py:539} INFO - Filling up the DagBag from /opt/airflow/dags/hourly_batch_data.py
[2026-03-28T18:40:44.462+0000] {processor.py:839} INFO - DAG(s) dict_keys(['hourly_batch_load_silver']) retrieved from /opt/airflow/dags/hourly_batch_data.py
[2026-03-28T18:40:44.548+0000] {logging_mixin.py:151} INFO - [2026-03-28T18:40:44.548+0000] {security.py:708} INFO - Not syncing DAG-level permissions for DAG 'DAG:hourly_batch_load_silver' as access control is unset.
[2026-03-28T18:40:44.549+0000] {logging_mixin.py:151} INFO - [2026-03-28T18:40:44.549+0000] {dag.py:2915} INFO - Sync 1 DAGs
[2026-03-28T18:40:44.560+0000] {logging_mixin.py:151} INFO - [2026-03-28T18:40:44.560+0000] {dag.py:3696} INFO - Setting next_dagrun for hourly_batch_load_silver to 2026-03-28T17:00:00+00:00, run_after=2026-03-28T18:00:00+00:00
[2026-03-28T18:40:44.578+0000] {processor.py:179} INFO - Processing /opt/airflow/dags/hourly_batch_data.py took 0.457 seconds
[2026-03-28T18:41:14.928+0000] {processor.py:157} INFO - Started process (PID=1036) to work on /opt/airflow/dags/hourly_batch_data.py
[2026-03-28T18:41:14.931+0000] {processor.py:829} INFO - Processing file /opt/airflow/dags/hourly_batch_data.py for tasks to queue
[2026-03-28T18:41:14.934+0000] {logging_mixin.py:151} INFO - [2026-03-28T18:41:14.934+0000] {dagbag.py:539} INFO - Filling up the DagBag from /opt/airflow/dags/hourly_batch_data.py
[2026-03-28T18:41:15.237+0000] {processor.py:839} INFO - DAG(s) dict_keys(['hourly_batch_load_silver']) retrieved from /opt/airflow/dags/hourly_batch_data.py
[2026-03-28T18:41:15.256+0000] {logging_mixin.py:151} INFO - [2026-03-28T18:41:15.256+0000] {dag.py:2915} INFO - Sync 1 DAGs
[2026-03-28T18:41:15.268+0000] {logging_mixin.py:151} INFO - [2026-03-28T18:41:15.268+0000] {dag.py:3696} INFO - Setting next_dagrun for hourly_batch_load_silver to 2026-03-28T17:00:00+00:00, run_after=2026-03-28T18:00:00+00:00
[2026-03-28T18:41:15.278+0000] {processor.py:179} INFO - Processing /opt/airflow/dags/hourly_batch_data.py took 0.352 seconds
[2026-03-28T18:41:45.689+0000] {processor.py:157} INFO - Started process (PID=1058) to work on /opt/airflow/dags/hourly_batch_data.py
[2026-03-28T18:41:45.691+0000] {processor.py:829} INFO - Processing file /opt/airflow/dags/hourly_batch_data.py for tasks to queue
[2026-03-28T18:41:45.693+0000] {logging_mixin.py:151} INFO - [2026-03-28T18:41:45.693+0000] {dagbag.py:539} INFO - Filling up the DagBag from /opt/airflow/dags/hourly_batch_data.py
[2026-03-28T18:41:46.096+0000] {processor.py:839} INFO - DAG(s) dict_keys(['hourly_batch_load_silver']) retrieved from /opt/airflow/dags/hourly_batch_data.py
[2026-03-28T18:41:46.156+0000] {logging_mixin.py:151} INFO - [2026-03-28T18:41:46.156+0000] {security.py:708} INFO - Not syncing DAG-level permissions for DAG 'DAG:hourly_batch_load_silver' as access control is unset.
[2026-03-28T18:41:46.157+0000] {logging_mixin.py:151} INFO - [2026-03-28T18:41:46.157+0000] {dag.py:2915} INFO - Sync 1 DAGs
[2026-03-28T18:41:46.267+0000] {logging_mixin.py:151} INFO - [2026-03-28T18:41:46.267+0000] {dag.py:3696} INFO - Setting next_dagrun for hourly_batch_load_silver to 2026-03-28T17:00:00+00:00, run_after=2026-03-28T18:00:00+00:00
[2026-03-28T18:41:46.273+0000] {processor.py:179} INFO - Processing /opt/airflow/dags/hourly_batch_data.py took 0.597 seconds
[2026-03-28T18:42:16.634+0000] {processor.py:157} INFO - Started process (PID=1080) to work on /opt/airflow/dags/hourly_batch_data.py
[2026-03-28T18:42:16.635+0000] {processor.py:829} INFO - Processing file /opt/airflow/dags/hourly_batch_data.py for tasks to queue
[2026-03-28T18:42:16.636+0000] {logging_mixin.py:151} INFO - [2026-03-28T18:42:16.636+0000] {dagbag.py:539} INFO - Filling up the DagBag from /opt/airflow/dags/hourly_batch_data.py
[2026-03-28T18:42:17.019+0000] {processor.py:839} INFO - DAG(s) dict_keys(['hourly_batch_load_silver']) retrieved from /opt/airflow/dags/hourly_batch_data.py
[2026-03-28T18:42:17.048+0000] {logging_mixin.py:151} INFO - [2026-03-28T18:42:17.047+0000] {dag.py:2915} INFO - Sync 1 DAGs
[2026-03-28T18:42:17.063+0000] {logging_mixin.py:151} INFO - [2026-03-28T18:42:17.063+0000] {dag.py:3696} INFO - Setting next_dagrun for hourly_batch_load_silver to 2026-03-28T17:00:00+00:00, run_after=2026-03-28T18:00:00+00:00
[2026-03-28T18:42:17.071+0000] {processor.py:179} INFO - Processing /opt/airflow/dags/hourly_batch_data.py took 0.441 seconds
[2026-03-28T18:42:47.702+0000] {processor.py:157} INFO - Started process (PID=1102) to work on /opt/airflow/dags/hourly_batch_data.py
[2026-03-28T18:42:47.703+0000] {processor.py:829} INFO - Processing file /opt/airflow/dags/hourly_batch_data.py for tasks to queue
[2026-03-28T18:42:47.705+0000] {logging_mixin.py:151} INFO - [2026-03-28T18:42:47.704+0000] {dagbag.py:539} INFO - Filling up the DagBag from /opt/airflow/dags/hourly_batch_data.py
[2026-03-28T18:42:48.067+0000] {processor.py:839} INFO - DAG(s) dict_keys(['hourly_batch_load_silver']) retrieved from /opt/airflow/dags/hourly_batch_data.py
[2026-03-28T18:42:48.135+0000] {logging_mixin.py:151} INFO - [2026-03-28T18:42:48.134+0000] {security.py:708} INFO - Not syncing DAG-level permissions for DAG 'DAG:hourly_batch_load_silver' as access control is unset.
[2026-03-28T18:42:48.135+0000] {logging_mixin.py:151} INFO - [2026-03-28T18:42:48.135+0000] {dag.py:2915} INFO - Sync 1 DAGs
[2026-03-28T18:42:48.147+0000] {logging_mixin.py:151} INFO - [2026-03-28T18:42:48.147+0000] {dag.py:3696} INFO - Setting next_dagrun for hourly_batch_load_silver to 2026-03-28T17:00:00+00:00, run_after=2026-03-28T18:00:00+00:00
[2026-03-28T18:42:48.164+0000] {processor.py:179} INFO - Processing /opt/airflow/dags/hourly_batch_data.py took 0.466 seconds
[2026-03-28T18:43:18.709+0000] {processor.py:157} INFO - Started process (PID=1124) to work on /opt/airflow/dags/hourly_batch_data.py
[2026-03-28T18:43:18.710+0000] {processor.py:829} INFO - Processing file /opt/airflow/dags/hourly_batch_data.py for tasks to queue
[2026-03-28T18:43:18.711+0000] {logging_mixin.py:151} INFO - [2026-03-28T18:43:18.711+0000] {dagbag.py:539} INFO - Filling up the DagBag from /opt/airflow/dags/hourly_batch_data.py
[2026-03-28T18:43:19.156+0000] {processor.py:839} INFO - DAG(s) dict_keys(['hourly_batch_load_silver']) retrieved from /opt/airflow/dags/hourly_batch_data.py
[2026-03-28T18:43:19.188+0000] {logging_mixin.py:151} INFO - [2026-03-28T18:43:19.187+0000] {dag.py:2915} INFO - Sync 1 DAGs
[2026-03-28T18:43:19.206+0000] {logging_mixin.py:151} INFO - [2026-03-28T18:43:19.206+0000] {dag.py:3696} INFO - Setting next_dagrun for hourly_batch_load_silver to 2026-03-28T17:00:00+00:00, run_after=2026-03-28T18:00:00+00:00
[2026-03-28T18:43:19.217+0000] {processor.py:179} INFO - Processing /opt/airflow/dags/hourly_batch_data.py took 0.512 seconds
[2026-03-28T18:43:49.837+0000] {processor.py:157} INFO - Started process (PID=1146) to work on /opt/airflow/dags/hourly_batch_data.py
[2026-03-28T18:43:49.837+0000] {processor.py:829} INFO - Processing file /opt/airflow/dags/hourly_batch_data.py for tasks to queue
[2026-03-28T18:43:49.838+0000] {logging_mixin.py:151} INFO - [2026-03-28T18:43:49.838+0000] {dagbag.py:539} INFO - Filling up the DagBag from /opt/airflow/dags/hourly_batch_data.py
[2026-03-28T18:43:50.142+0000] {processor.py:839} INFO - DAG(s) dict_keys(['hourly_batch_load_silver']) retrieved from /opt/airflow/dags/hourly_batch_data.py
[2026-03-28T18:43:50.210+0000] {logging_mixin.py:151} INFO - [2026-03-28T18:43:50.210+0000] {security.py:708} INFO - Not syncing DAG-level permissions for DAG 'DAG:hourly_batch_load_silver' as access control is unset.
[2026-03-28T18:43:50.211+0000] {logging_mixin.py:151} INFO - [2026-03-28T18:43:50.210+0000] {dag.py:2915} INFO - Sync 1 DAGs
[2026-03-28T18:43:50.342+0000] {logging_mixin.py:151} INFO - [2026-03-28T18:43:50.341+0000] {dag.py:3696} INFO - Setting next_dagrun for hourly_batch_load_silver to 2026-03-28T17:00:00+00:00, run_after=2026-03-28T18:00:00+00:00
[2026-03-28T18:43:50.349+0000] {processor.py:179} INFO - Processing /opt/airflow/dags/hourly_batch_data.py took 0.519 seconds
[2026-03-28T18:44:20.709+0000] {processor.py:157} INFO - Started process (PID=1168) to work on /opt/airflow/dags/hourly_batch_data.py
[2026-03-28T18:44:20.712+0000] {processor.py:829} INFO - Processing file /opt/airflow/dags/hourly_batch_data.py for tasks to queue
[2026-03-28T18:44:20.712+0000] {logging_mixin.py:151} INFO - [2026-03-28T18:44:20.712+0000] {dagbag.py:539} INFO - Filling up the DagBag from /opt/airflow/dags/hourly_batch_data.py
[2026-03-28T18:44:21.180+0000] {processor.py:839} INFO - DAG(s) dict_keys(['hourly_batch_load_silver']) retrieved from /opt/airflow/dags/hourly_batch_data.py
[2026-03-28T18:44:21.220+0000] {logging_mixin.py:151} INFO - [2026-03-28T18:44:21.220+0000] {dag.py:2915} INFO - Sync 1 DAGs
[2026-03-28T18:44:21.249+0000] {logging_mixin.py:151} INFO - [2026-03-28T18:44:21.249+0000] {dag.py:3696} INFO - Setting next_dagrun for hourly_batch_load_silver to 2026-03-28T17:00:00+00:00, run_after=2026-03-28T18:00:00+00:00
[2026-03-28T18:44:21.261+0000] {processor.py:179} INFO - Processing /opt/airflow/dags/hourly_batch_data.py took 0.561 seconds
[2026-03-28T18:44:52.027+0000] {processor.py:157} INFO - Started process (PID=1190) to work on /opt/airflow/dags/hourly_batch_data.py
[2026-03-28T18:44:52.028+0000] {processor.py:829} INFO - Processing file /opt/airflow/dags/hourly_batch_data.py for tasks to queue
[2026-03-28T18:44:52.029+0000] {logging_mixin.py:151} INFO - [2026-03-28T18:44:52.028+0000] {dagbag.py:539} INFO - Filling up the DagBag from /opt/airflow/dags/hourly_batch_data.py
[2026-03-28T18:44:52.432+0000] {processor.py:839} INFO - DAG(s) dict_keys(['hourly_batch_load_silver']) retrieved from /opt/airflow/dags/hourly_batch_data.py
[2026-03-28T18:44:52.498+0000] {logging_mixin.py:151} INFO - [2026-03-28T18:44:52.498+0000] {security.py:708} INFO - Not syncing DAG-level permissions for DAG 'DAG:hourly_batch_load_silver' as access control is unset.
[2026-03-28T18:44:52.500+0000] {logging_mixin.py:151} INFO - [2026-03-28T18:44:52.499+0000] {dag.py:2915} INFO - Sync 1 DAGs
[2026-03-28T18:44:52.517+0000] {logging_mixin.py:151} INFO - [2026-03-28T18:44:52.517+0000] {dag.py:3696} INFO - Setting next_dagrun for hourly_batch_load_silver to 2026-03-28T17:00:00+00:00, run_after=2026-03-28T18:00:00+00:00
[2026-03-28T18:44:52.530+0000] {processor.py:179} INFO - Processing /opt/airflow/dags/hourly_batch_data.py took 0.505 seconds
[2026-03-28T18:45:22.851+0000] {processor.py:157} INFO - Started process (PID=1212) to work on /opt/airflow/dags/hourly_batch_data.py
[2026-03-28T18:45:22.852+0000] {processor.py:829} INFO - Processing file /opt/airflow/dags/hourly_batch_data.py for tasks to queue
[2026-03-28T18:45:22.852+0000] {logging_mixin.py:151} INFO - [2026-03-28T18:45:22.852+0000] {dagbag.py:539} INFO - Filling up the DagBag from /opt/airflow/dags/hourly_batch_data.py
[2026-03-28T18:45:23.103+0000] {processor.py:839} INFO - DAG(s) dict_keys(['hourly_batch_load_silver']) retrieved from /opt/airflow/dags/hourly_batch_data.py
[2026-03-28T18:45:23.118+0000] {logging_mixin.py:151} INFO - [2026-03-28T18:45:23.118+0000] {dag.py:2915} INFO - Sync 1 DAGs
[2026-03-28T18:45:23.134+0000] {logging_mixin.py:151} INFO - [2026-03-28T18:45:23.133+0000] {dag.py:3696} INFO - Setting next_dagrun for hourly_batch_load_silver to 2026-03-28T17:00:00+00:00, run_after=2026-03-28T18:00:00+00:00
[2026-03-28T18:45:23.148+0000] {processor.py:179} INFO - Processing /opt/airflow/dags/hourly_batch_data.py took 0.307 seconds
[2026-03-28T18:45:53.698+0000] {processor.py:157} INFO - Started process (PID=1233) to work on /opt/airflow/dags/hourly_batch_data.py
[2026-03-28T18:45:53.700+0000] {processor.py:829} INFO - Processing file /opt/airflow/dags/hourly_batch_data.py for tasks to queue
[2026-03-28T18:45:53.701+0000] {logging_mixin.py:151} INFO - [2026-03-28T18:45:53.701+0000] {dagbag.py:539} INFO - Filling up the DagBag from /opt/airflow/dags/hourly_batch_data.py
[2026-03-28T18:45:54.126+0000] {processor.py:839} INFO - DAG(s) dict_keys(['hourly_batch_load_silver']) retrieved from /opt/airflow/dags/hourly_batch_data.py
[2026-03-28T18:45:54.197+0000] {logging_mixin.py:151} INFO - [2026-03-28T18:45:54.197+0000] {security.py:708} INFO - Not syncing DAG-level permissions for DAG 'DAG:hourly_batch_load_silver' as access control is unset.
[2026-03-28T18:45:54.198+0000] {logging_mixin.py:151} INFO - [2026-03-28T18:45:54.198+0000] {dag.py:2915} INFO - Sync 1 DAGs
[2026-03-28T18:45:54.360+0000] {logging_mixin.py:151} INFO - [2026-03-28T18:45:54.360+0000] {dag.py:3696} INFO - Setting next_dagrun for hourly_batch_load_silver to 2026-03-28T17:00:00+00:00, run_after=2026-03-28T18:00:00+00:00
[2026-03-28T18:45:54.366+0000] {processor.py:179} INFO - Processing /opt/airflow/dags/hourly_batch_data.py took 0.679 seconds
[2026-03-28T18:46:24.715+0000] {processor.py:157} INFO - Started process (PID=1256) to work on /opt/airflow/dags/hourly_batch_data.py
[2026-03-28T18:46:24.718+0000] {processor.py:829} INFO - Processing file /opt/airflow/dags/hourly_batch_data.py for tasks to queue
[2026-03-28T18:46:24.720+0000] {logging_mixin.py:151} INFO - [2026-03-28T18:46:24.719+0000] {dagbag.py:539} INFO - Filling up the DagBag from /opt/airflow/dags/hourly_batch_data.py
[2026-03-28T18:46:25.221+0000] {processor.py:839} INFO - DAG(s) dict_keys(['hourly_batch_load_silver']) retrieved from /opt/airflow/dags/hourly_batch_data.py
[2026-03-28T18:46:25.248+0000] {logging_mixin.py:151} INFO - [2026-03-28T18:46:25.247+0000] {dag.py:2915} INFO - Sync 1 DAGs
[2026-03-28T18:46:25.264+0000] {logging_mixin.py:151} INFO - [2026-03-28T18:46:25.264+0000] {dag.py:3696} INFO - Setting next_dagrun for hourly_batch_load_silver to 2026-03-28T17:00:00+00:00, run_after=2026-03-28T18:00:00+00:00
[2026-03-28T18:46:25.275+0000] {processor.py:179} INFO - Processing /opt/airflow/dags/hourly_batch_data.py took 0.572 seconds
[2026-03-28T18:46:55.830+0000] {processor.py:157} INFO - Started process (PID=1278) to work on /opt/airflow/dags/hourly_batch_data.py
[2026-03-28T18:46:55.835+0000] {processor.py:829} INFO - Processing file /opt/airflow/dags/hourly_batch_data.py for tasks to queue
[2026-03-28T18:46:55.836+0000] {logging_mixin.py:151} INFO - [2026-03-28T18:46:55.835+0000] {dagbag.py:539} INFO - Filling up the DagBag from /opt/airflow/dags/hourly_batch_data.py
[2026-03-28T18:46:56.224+0000] {processor.py:839} INFO - DAG(s) dict_keys(['hourly_batch_load_silver']) retrieved from /opt/airflow/dags/hourly_batch_data.py
[2026-03-28T18:46:56.295+0000] {logging_mixin.py:151} INFO - [2026-03-28T18:46:56.294+0000] {security.py:708} INFO - Not syncing DAG-level permissions for DAG 'DAG:hourly_batch_load_silver' as access control is unset.
[2026-03-28T18:46:56.295+0000] {logging_mixin.py:151} INFO - [2026-03-28T18:46:56.295+0000] {dag.py:2915} INFO - Sync 1 DAGs
[2026-03-28T18:46:56.313+0000] {logging_mixin.py:151} INFO - [2026-03-28T18:46:56.313+0000] {dag.py:3696} INFO - Setting next_dagrun for hourly_batch_load_silver to 2026-03-28T17:00:00+00:00, run_after=2026-03-28T18:00:00+00:00
[2026-03-28T18:46:56.330+0000] {processor.py:179} INFO - Processing /opt/airflow/dags/hourly_batch_data.py took 0.522 seconds
[2026-03-28T18:47:26.744+0000] {processor.py:157} INFO - Started process (PID=1300) to work on /opt/airflow/dags/hourly_batch_data.py
[2026-03-28T18:47:26.745+0000] {processor.py:829} INFO - Processing file /opt/airflow/dags/hourly_batch_data.py for tasks to queue
[2026-03-28T18:47:26.746+0000] {logging_mixin.py:151} INFO - [2026-03-28T18:47:26.746+0000] {dagbag.py:539} INFO - Filling up the DagBag from /opt/airflow/dags/hourly_batch_data.py
[2026-03-28T18:47:27.143+0000] {processor.py:839} INFO - DAG(s) dict_keys(['hourly_batch_load_silver']) retrieved from /opt/airflow/dags/hourly_batch_data.py
[2026-03-28T18:47:27.164+0000] {logging_mixin.py:151} INFO - [2026-03-28T18:47:27.163+0000] {dag.py:2915} INFO - Sync 1 DAGs
[2026-03-28T18:47:27.179+0000] {logging_mixin.py:151} INFO - [2026-03-28T18:47:27.179+0000] {dag.py:3696} INFO - Setting next_dagrun for hourly_batch_load_silver to 2026-03-28T17:00:00+00:00, run_after=2026-03-28T18:00:00+00:00
[2026-03-28T18:47:27.189+0000] {processor.py:179} INFO - Processing /opt/airflow/dags/hourly_batch_data.py took 0.448 seconds
[2026-03-28T18:47:58.107+0000] {processor.py:157} INFO - Started process (PID=1322) to work on /opt/airflow/dags/hourly_batch_data.py
[2026-03-28T18:47:58.108+0000] {processor.py:829} INFO - Processing file /opt/airflow/dags/hourly_batch_data.py for tasks to queue
[2026-03-28T18:47:58.108+0000] {logging_mixin.py:151} INFO - [2026-03-28T18:47:58.108+0000] {dagbag.py:539} INFO - Filling up the DagBag from /opt/airflow/dags/hourly_batch_data.py
[2026-03-28T18:47:58.566+0000] {processor.py:839} INFO - DAG(s) dict_keys(['hourly_batch_load_silver']) retrieved from /opt/airflow/dags/hourly_batch_data.py
[2026-03-28T18:47:58.646+0000] {logging_mixin.py:151} INFO - [2026-03-28T18:47:58.646+0000] {security.py:708} INFO - Not syncing DAG-level permissions for DAG 'DAG:hourly_batch_load_silver' as access control is unset.
[2026-03-28T18:47:58.647+0000] {logging_mixin.py:151} INFO - [2026-03-28T18:47:58.646+0000] {dag.py:2915} INFO - Sync 1 DAGs
[2026-03-28T18:47:58.791+0000] {logging_mixin.py:151} INFO - [2026-03-28T18:47:58.791+0000] {dag.py:3696} INFO - Setting next_dagrun for hourly_batch_load_silver to 2026-03-28T17:00:00+00:00, run_after=2026-03-28T18:00:00+00:00
[2026-03-28T18:47:58.800+0000] {processor.py:179} INFO - Processing /opt/airflow/dags/hourly_batch_data.py took 0.696 seconds
[2026-03-28T18:48:29.064+0000] {processor.py:157} INFO - Started process (PID=1344) to work on /opt/airflow/dags/hourly_batch_data.py
[2026-03-28T18:48:29.069+0000] {processor.py:829} INFO - Processing file /opt/airflow/dags/hourly_batch_data.py for tasks to queue
[2026-03-28T18:48:29.072+0000] {logging_mixin.py:151} INFO - [2026-03-28T18:48:29.071+0000] {dagbag.py:539} INFO - Filling up the DagBag from /opt/airflow/dags/hourly_batch_data.py
[2026-03-28T18:48:29.512+0000] {processor.py:839} INFO - DAG(s) dict_keys(['hourly_batch_load_silver']) retrieved from /opt/airflow/dags/hourly_batch_data.py
[2026-03-28T18:48:29.531+0000] {logging_mixin.py:151} INFO - [2026-03-28T18:48:29.531+0000] {dag.py:2915} INFO - Sync 1 DAGs
[2026-03-28T18:48:29.551+0000] {logging_mixin.py:151} INFO - [2026-03-28T18:48:29.551+0000] {dag.py:3696} INFO - Setting next_dagrun for hourly_batch_load_silver to 2026-03-28T17:00:00+00:00, run_after=2026-03-28T18:00:00+00:00
[2026-03-28T18:48:29.567+0000] {processor.py:179} INFO - Processing /opt/airflow/dags/hourly_batch_data.py took 0.507 seconds
[2026-03-28T18:49:00.024+0000] {processor.py:157} INFO - Started process (PID=1366) to work on /opt/airflow/dags/hourly_batch_data.py
[2026-03-28T18:49:00.029+0000] {processor.py:829} INFO - Processing file /opt/airflow/dags/hourly_batch_data.py for tasks to queue
[2026-03-28T18:49:00.030+0000] {logging_mixin.py:151} INFO - [2026-03-28T18:49:00.030+0000] {dagbag.py:539} INFO - Filling up the DagBag from /opt/airflow/dags/hourly_batch_data.py
[2026-03-28T18:49:00.344+0000] {processor.py:839} INFO - DAG(s) dict_keys(['hourly_batch_load_silver']) retrieved from /opt/airflow/dags/hourly_batch_data.py
[2026-03-28T18:49:00.410+0000] {logging_mixin.py:151} INFO - [2026-03-28T18:49:00.409+0000] {security.py:708} INFO - Not syncing DAG-level permissions for DAG 'DAG:hourly_batch_load_silver' as access control is unset.
[2026-03-28T18:49:00.410+0000] {logging_mixin.py:151} INFO - [2026-03-28T18:49:00.410+0000] {dag.py:2915} INFO - Sync 1 DAGs
[2026-03-28T18:49:00.422+0000] {logging_mixin.py:151} INFO - [2026-03-28T18:49:00.422+0000] {dag.py:3696} INFO - Setting next_dagrun for hourly_batch_load_silver to 2026-03-28T17:00:00+00:00, run_after=2026-03-28T18:00:00+00:00
[2026-03-28T18:49:00.441+0000] {processor.py:179} INFO - Processing /opt/airflow/dags/hourly_batch_data.py took 0.434 seconds
[2026-03-28T18:49:30.793+0000] {processor.py:157} INFO - Started process (PID=1388) to work on /opt/airflow/dags/hourly_batch_data.py
[2026-03-28T18:49:30.795+0000] {processor.py:829} INFO - Processing file /opt/airflow/dags/hourly_batch_data.py for tasks to queue
[2026-03-28T18:49:30.796+0000] {logging_mixin.py:151} INFO - [2026-03-28T18:49:30.795+0000] {dagbag.py:539} INFO - Filling up the DagBag from /opt/airflow/dags/hourly_batch_data.py
[2026-03-28T18:49:31.130+0000] {processor.py:839} INFO - DAG(s) dict_keys(['hourly_batch_load_silver']) retrieved from /opt/airflow/dags/hourly_batch_data.py
[2026-03-28T18:49:31.147+0000] {logging_mixin.py:151} INFO - [2026-03-28T18:49:31.147+0000] {dag.py:2915} INFO - Sync 1 DAGs
[2026-03-28T18:49:31.163+0000] {logging_mixin.py:151} INFO - [2026-03-28T18:49:31.163+0000] {dag.py:3696} INFO - Setting next_dagrun for hourly_batch_load_silver to 2026-03-28T17:00:00+00:00, run_after=2026-03-28T18:00:00+00:00
[2026-03-28T18:49:31.172+0000] {processor.py:179} INFO - Processing /opt/airflow/dags/hourly_batch_data.py took 0.384 seconds
[2026-03-28T18:50:01.647+0000] {processor.py:157} INFO - Started process (PID=1410) to work on /opt/airflow/dags/hourly_batch_data.py
[2026-03-28T18:50:01.650+0000] {processor.py:829} INFO - Processing file /opt/airflow/dags/hourly_batch_data.py for tasks to queue
[2026-03-28T18:50:01.652+0000] {logging_mixin.py:151} INFO - [2026-03-28T18:50:01.652+0000] {dagbag.py:539} INFO - Filling up the DagBag from /opt/airflow/dags/hourly_batch_data.py
[2026-03-28T18:50:02.072+0000] {processor.py:839} INFO - DAG(s) dict_keys(['hourly_batch_load_silver']) retrieved from /opt/airflow/dags/hourly_batch_data.py
[2026-03-28T18:50:02.152+0000] {logging_mixin.py:151} INFO - [2026-03-28T18:50:02.152+0000] {security.py:708} INFO - Not syncing DAG-level permissions for DAG 'DAG:hourly_batch_load_silver' as access control is unset.
[2026-03-28T18:50:02.154+0000] {logging_mixin.py:151} INFO - [2026-03-28T18:50:02.154+0000] {dag.py:2915} INFO - Sync 1 DAGs
[2026-03-28T18:50:02.164+0000] {logging_mixin.py:151} INFO - [2026-03-28T18:50:02.164+0000] {dag.py:3696} INFO - Setting next_dagrun for hourly_batch_load_silver to 2026-03-28T17:00:00+00:00, run_after=2026-03-28T18:00:00+00:00
[2026-03-28T18:50:02.272+0000] {processor.py:179} INFO - Processing /opt/airflow/dags/hourly_batch_data.py took 0.630 seconds
