[2026-03-28T18:21:03.030+0000] {processor.py:157} INFO - Started process (PID=173) to work on /opt/airflow/dags/medalion_dag.py
[2026-03-28T18:21:03.034+0000] {processor.py:829} INFO - Processing file /opt/airflow/dags/medalion_dag.py for tasks to queue
[2026-03-28T18:21:03.041+0000] {logging_mixin.py:151} INFO - [2026-03-28T18:21:03.040+0000] {dagbag.py:539} INFO - Filling up the DagBag from /opt/airflow/dags/medalion_dag.py
[2026-03-28T18:21:03.637+0000] {processor.py:839} INFO - DAG(s) dict_keys(['hourly_batch_load_silver']) retrieved from /opt/airflow/dags/medalion_dag.py
[2026-03-28T18:21:03.665+0000] {logging_mixin.py:151} INFO - [2026-03-28T18:21:03.664+0000] {dag.py:2915} INFO - Sync 1 DAGs
[2026-03-28T18:21:03.682+0000] {logging_mixin.py:151} INFO - [2026-03-28T18:21:03.682+0000] {dag.py:3696} INFO - Setting next_dagrun for hourly_batch_load_silver to 2026-03-28T17:00:00+00:00, run_after=2026-03-28T18:00:00+00:00
[2026-03-28T18:21:03.721+0000] {processor.py:179} INFO - Processing /opt/airflow/dags/medalion_dag.py took 0.712 seconds
[2026-03-28T18:21:34.172+0000] {processor.py:157} INFO - Started process (PID=195) to work on /opt/airflow/dags/medalion_dag.py
[2026-03-28T18:21:34.173+0000] {processor.py:829} INFO - Processing file /opt/airflow/dags/medalion_dag.py for tasks to queue
[2026-03-28T18:21:34.174+0000] {logging_mixin.py:151} INFO - [2026-03-28T18:21:34.174+0000] {dagbag.py:539} INFO - Filling up the DagBag from /opt/airflow/dags/medalion_dag.py
[2026-03-28T18:21:35.186+0000] {processor.py:839} INFO - DAG(s) dict_keys(['hourly_batch_load_silver']) retrieved from /opt/airflow/dags/medalion_dag.py
[2026-03-28T18:21:35.330+0000] {logging_mixin.py:151} INFO - [2026-03-28T18:21:35.329+0000] {security.py:708} INFO - Not syncing DAG-level permissions for DAG 'DAG:hourly_batch_load_silver' as access control is unset.
[2026-03-28T18:21:35.332+0000] {logging_mixin.py:151} INFO - [2026-03-28T18:21:35.332+0000] {dag.py:2915} INFO - Sync 1 DAGs
[2026-03-28T18:21:35.353+0000] {logging_mixin.py:151} INFO - [2026-03-28T18:21:35.353+0000] {dag.py:3696} INFO - Setting next_dagrun for hourly_batch_load_silver to 2026-03-28T17:00:00+00:00, run_after=2026-03-28T18:00:00+00:00
[2026-03-28T18:21:35.371+0000] {processor.py:179} INFO - Processing /opt/airflow/dags/medalion_dag.py took 1.204 seconds
[2026-03-28T18:22:05.713+0000] {processor.py:157} INFO - Started process (PID=219) to work on /opt/airflow/dags/medalion_dag.py
[2026-03-28T18:22:05.713+0000] {processor.py:829} INFO - Processing file /opt/airflow/dags/medalion_dag.py for tasks to queue
[2026-03-28T18:22:05.714+0000] {logging_mixin.py:151} INFO - [2026-03-28T18:22:05.714+0000] {dagbag.py:539} INFO - Filling up the DagBag from /opt/airflow/dags/medalion_dag.py
[2026-03-28T18:22:06.924+0000] {processor.py:839} INFO - DAG(s) dict_keys(['hourly_batch_load_silver']) retrieved from /opt/airflow/dags/medalion_dag.py
[2026-03-28T18:22:06.977+0000] {logging_mixin.py:151} INFO - [2026-03-28T18:22:06.977+0000] {dag.py:2915} INFO - Sync 1 DAGs
[2026-03-28T18:22:07.018+0000] {logging_mixin.py:151} INFO - [2026-03-28T18:22:07.018+0000] {dag.py:3696} INFO - Setting next_dagrun for hourly_batch_load_silver to 2026-03-28T17:00:00+00:00, run_after=2026-03-28T18:00:00+00:00
[2026-03-28T18:22:07.029+0000] {processor.py:179} INFO - Processing /opt/airflow/dags/medalion_dag.py took 1.319 seconds
[2026-03-28T18:22:37.461+0000] {processor.py:157} INFO - Started process (PID=241) to work on /opt/airflow/dags/medalion_dag.py
[2026-03-28T18:22:37.463+0000] {processor.py:829} INFO - Processing file /opt/airflow/dags/medalion_dag.py for tasks to queue
[2026-03-28T18:22:37.466+0000] {logging_mixin.py:151} INFO - [2026-03-28T18:22:37.465+0000] {dagbag.py:539} INFO - Filling up the DagBag from /opt/airflow/dags/medalion_dag.py
[2026-03-28T18:22:38.027+0000] {processor.py:839} INFO - DAG(s) dict_keys(['hourly_batch_load_silver']) retrieved from /opt/airflow/dags/medalion_dag.py
[2026-03-28T18:22:38.097+0000] {logging_mixin.py:151} INFO - [2026-03-28T18:22:38.096+0000] {security.py:708} INFO - Not syncing DAG-level permissions for DAG 'DAG:hourly_batch_load_silver' as access control is unset.
[2026-03-28T18:22:38.098+0000] {logging_mixin.py:151} INFO - [2026-03-28T18:22:38.098+0000] {dag.py:2915} INFO - Sync 1 DAGs
[2026-03-28T18:22:38.108+0000] {logging_mixin.py:151} INFO - [2026-03-28T18:22:38.108+0000] {dag.py:3696} INFO - Setting next_dagrun for hourly_batch_load_silver to 2026-03-28T17:00:00+00:00, run_after=2026-03-28T18:00:00+00:00
[2026-03-28T18:22:38.124+0000] {processor.py:179} INFO - Processing /opt/airflow/dags/medalion_dag.py took 0.678 seconds
[2026-03-28T18:23:08.438+0000] {processor.py:157} INFO - Started process (PID=263) to work on /opt/airflow/dags/medalion_dag.py
[2026-03-28T18:23:08.440+0000] {processor.py:829} INFO - Processing file /opt/airflow/dags/medalion_dag.py for tasks to queue
[2026-03-28T18:23:08.440+0000] {logging_mixin.py:151} INFO - [2026-03-28T18:23:08.440+0000] {dagbag.py:539} INFO - Filling up the DagBag from /opt/airflow/dags/medalion_dag.py
[2026-03-28T18:23:09.084+0000] {processor.py:839} INFO - DAG(s) dict_keys(['hourly_batch_load_silver']) retrieved from /opt/airflow/dags/medalion_dag.py
[2026-03-28T18:23:09.110+0000] {logging_mixin.py:151} INFO - [2026-03-28T18:23:09.109+0000] {dag.py:2915} INFO - Sync 1 DAGs
[2026-03-28T18:23:09.140+0000] {logging_mixin.py:151} INFO - [2026-03-28T18:23:09.140+0000] {dag.py:3696} INFO - Setting next_dagrun for hourly_batch_load_silver to 2026-03-28T17:00:00+00:00, run_after=2026-03-28T18:00:00+00:00
[2026-03-28T18:23:09.151+0000] {processor.py:179} INFO - Processing /opt/airflow/dags/medalion_dag.py took 0.718 seconds
[2026-03-28T18:23:39.569+0000] {processor.py:157} INFO - Started process (PID=285) to work on /opt/airflow/dags/medalion_dag.py
[2026-03-28T18:23:39.571+0000] {processor.py:829} INFO - Processing file /opt/airflow/dags/medalion_dag.py for tasks to queue
[2026-03-28T18:23:39.572+0000] {logging_mixin.py:151} INFO - [2026-03-28T18:23:39.572+0000] {dagbag.py:539} INFO - Filling up the DagBag from /opt/airflow/dags/medalion_dag.py
[2026-03-28T18:23:40.154+0000] {processor.py:839} INFO - DAG(s) dict_keys(['hourly_batch_load_silver']) retrieved from /opt/airflow/dags/medalion_dag.py
[2026-03-28T18:23:40.225+0000] {logging_mixin.py:151} INFO - [2026-03-28T18:23:40.225+0000] {security.py:708} INFO - Not syncing DAG-level permissions for DAG 'DAG:hourly_batch_load_silver' as access control is unset.
[2026-03-28T18:23:40.226+0000] {logging_mixin.py:151} INFO - [2026-03-28T18:23:40.226+0000] {dag.py:2915} INFO - Sync 1 DAGs
[2026-03-28T18:23:40.238+0000] {logging_mixin.py:151} INFO - [2026-03-28T18:23:40.238+0000] {dag.py:3696} INFO - Setting next_dagrun for hourly_batch_load_silver to 2026-03-28T17:00:00+00:00, run_after=2026-03-28T18:00:00+00:00
[2026-03-28T18:23:40.253+0000] {processor.py:179} INFO - Processing /opt/airflow/dags/medalion_dag.py took 0.698 seconds
[2026-03-28T18:24:10.725+0000] {processor.py:157} INFO - Started process (PID=307) to work on /opt/airflow/dags/medalion_dag.py
[2026-03-28T18:24:10.763+0000] {processor.py:829} INFO - Processing file /opt/airflow/dags/medalion_dag.py for tasks to queue
[2026-03-28T18:24:10.768+0000] {logging_mixin.py:151} INFO - [2026-03-28T18:24:10.766+0000] {dagbag.py:539} INFO - Filling up the DagBag from /opt/airflow/dags/medalion_dag.py
[2026-03-28T18:24:11.699+0000] {processor.py:839} INFO - DAG(s) dict_keys(['hourly_batch_load_silver']) retrieved from /opt/airflow/dags/medalion_dag.py
[2026-03-28T18:24:11.717+0000] {logging_mixin.py:151} INFO - [2026-03-28T18:24:11.717+0000] {dag.py:2915} INFO - Sync 1 DAGs
[2026-03-28T18:24:11.734+0000] {logging_mixin.py:151} INFO - [2026-03-28T18:24:11.734+0000] {dag.py:3696} INFO - Setting next_dagrun for hourly_batch_load_silver to 2026-03-28T17:00:00+00:00, run_after=2026-03-28T18:00:00+00:00
[2026-03-28T18:24:11.745+0000] {processor.py:179} INFO - Processing /opt/airflow/dags/medalion_dag.py took 1.085 seconds
[2026-03-28T18:24:42.243+0000] {processor.py:157} INFO - Started process (PID=329) to work on /opt/airflow/dags/medalion_dag.py
[2026-03-28T18:24:42.244+0000] {processor.py:829} INFO - Processing file /opt/airflow/dags/medalion_dag.py for tasks to queue
[2026-03-28T18:24:42.245+0000] {logging_mixin.py:151} INFO - [2026-03-28T18:24:42.245+0000] {dagbag.py:539} INFO - Filling up the DagBag from /opt/airflow/dags/medalion_dag.py
[2026-03-28T18:24:42.968+0000] {processor.py:839} INFO - DAG(s) dict_keys(['hourly_batch_load_silver']) retrieved from /opt/airflow/dags/medalion_dag.py
[2026-03-28T18:24:43.060+0000] {logging_mixin.py:151} INFO - [2026-03-28T18:24:43.059+0000] {security.py:708} INFO - Not syncing DAG-level permissions for DAG 'DAG:hourly_batch_load_silver' as access control is unset.
[2026-03-28T18:24:43.064+0000] {logging_mixin.py:151} INFO - [2026-03-28T18:24:43.062+0000] {dag.py:2915} INFO - Sync 1 DAGs
[2026-03-28T18:24:43.087+0000] {logging_mixin.py:151} INFO - [2026-03-28T18:24:43.087+0000] {dag.py:3696} INFO - Setting next_dagrun for hourly_batch_load_silver to 2026-03-28T17:00:00+00:00, run_after=2026-03-28T18:00:00+00:00
[2026-03-28T18:24:43.107+0000] {processor.py:179} INFO - Processing /opt/airflow/dags/medalion_dag.py took 0.869 seconds
[2026-03-28T18:25:13.488+0000] {processor.py:157} INFO - Started process (PID=351) to work on /opt/airflow/dags/medalion_dag.py
[2026-03-28T18:25:13.491+0000] {processor.py:829} INFO - Processing file /opt/airflow/dags/medalion_dag.py for tasks to queue
[2026-03-28T18:25:13.492+0000] {logging_mixin.py:151} INFO - [2026-03-28T18:25:13.492+0000] {dagbag.py:539} INFO - Filling up the DagBag from /opt/airflow/dags/medalion_dag.py
[2026-03-28T18:25:13.998+0000] {processor.py:839} INFO - DAG(s) dict_keys(['hourly_batch_load_silver']) retrieved from /opt/airflow/dags/medalion_dag.py
[2026-03-28T18:25:14.014+0000] {logging_mixin.py:151} INFO - [2026-03-28T18:25:14.013+0000] {dag.py:2915} INFO - Sync 1 DAGs
[2026-03-28T18:25:14.028+0000] {logging_mixin.py:151} INFO - [2026-03-28T18:25:14.027+0000] {dag.py:3696} INFO - Setting next_dagrun for hourly_batch_load_silver to 2026-03-28T17:00:00+00:00, run_after=2026-03-28T18:00:00+00:00
[2026-03-28T18:25:14.036+0000] {processor.py:179} INFO - Processing /opt/airflow/dags/medalion_dag.py took 0.567 seconds
[2026-03-28T18:25:44.693+0000] {processor.py:157} INFO - Started process (PID=373) to work on /opt/airflow/dags/medalion_dag.py
[2026-03-28T18:25:44.695+0000] {processor.py:829} INFO - Processing file /opt/airflow/dags/medalion_dag.py for tasks to queue
[2026-03-28T18:25:44.696+0000] {logging_mixin.py:151} INFO - [2026-03-28T18:25:44.695+0000] {dagbag.py:539} INFO - Filling up the DagBag from /opt/airflow/dags/medalion_dag.py
[2026-03-28T18:25:45.094+0000] {processor.py:839} INFO - DAG(s) dict_keys(['hourly_batch_load_silver']) retrieved from /opt/airflow/dags/medalion_dag.py
[2026-03-28T18:25:45.147+0000] {logging_mixin.py:151} INFO - [2026-03-28T18:25:45.146+0000] {security.py:708} INFO - Not syncing DAG-level permissions for DAG 'DAG:hourly_batch_load_silver' as access control is unset.
[2026-03-28T18:25:45.147+0000] {logging_mixin.py:151} INFO - [2026-03-28T18:25:45.147+0000] {dag.py:2915} INFO - Sync 1 DAGs
[2026-03-28T18:25:45.159+0000] {logging_mixin.py:151} INFO - [2026-03-28T18:25:45.158+0000] {dag.py:3696} INFO - Setting next_dagrun for hourly_batch_load_silver to 2026-03-28T17:00:00+00:00, run_after=2026-03-28T18:00:00+00:00
[2026-03-28T18:25:45.174+0000] {processor.py:179} INFO - Processing /opt/airflow/dags/medalion_dag.py took 0.485 seconds
[2026-03-28T18:26:15.526+0000] {processor.py:157} INFO - Started process (PID=395) to work on /opt/airflow/dags/medalion_dag.py
[2026-03-28T18:26:15.527+0000] {processor.py:829} INFO - Processing file /opt/airflow/dags/medalion_dag.py for tasks to queue
[2026-03-28T18:26:15.528+0000] {logging_mixin.py:151} INFO - [2026-03-28T18:26:15.528+0000] {dagbag.py:539} INFO - Filling up the DagBag from /opt/airflow/dags/medalion_dag.py
[2026-03-28T18:26:15.996+0000] {processor.py:839} INFO - DAG(s) dict_keys(['hourly_batch_load_silver']) retrieved from /opt/airflow/dags/medalion_dag.py
[2026-03-28T18:26:16.015+0000] {logging_mixin.py:151} INFO - [2026-03-28T18:26:16.014+0000] {dag.py:2915} INFO - Sync 1 DAGs
[2026-03-28T18:26:16.030+0000] {logging_mixin.py:151} INFO - [2026-03-28T18:26:16.030+0000] {dag.py:3696} INFO - Setting next_dagrun for hourly_batch_load_silver to 2026-03-28T17:00:00+00:00, run_after=2026-03-28T18:00:00+00:00
[2026-03-28T18:26:16.039+0000] {processor.py:179} INFO - Processing /opt/airflow/dags/medalion_dag.py took 0.519 seconds
[2026-03-28T18:26:46.332+0000] {processor.py:157} INFO - Started process (PID=417) to work on /opt/airflow/dags/medalion_dag.py
[2026-03-28T18:26:46.333+0000] {processor.py:829} INFO - Processing file /opt/airflow/dags/medalion_dag.py for tasks to queue
[2026-03-28T18:26:46.334+0000] {logging_mixin.py:151} INFO - [2026-03-28T18:26:46.334+0000] {dagbag.py:539} INFO - Filling up the DagBag from /opt/airflow/dags/medalion_dag.py
[2026-03-28T18:26:46.581+0000] {processor.py:839} INFO - DAG(s) dict_keys(['hourly_batch_load_silver']) retrieved from /opt/airflow/dags/medalion_dag.py
[2026-03-28T18:26:46.639+0000] {logging_mixin.py:151} INFO - [2026-03-28T18:26:46.638+0000] {security.py:708} INFO - Not syncing DAG-level permissions for DAG 'DAG:hourly_batch_load_silver' as access control is unset.
[2026-03-28T18:26:46.639+0000] {logging_mixin.py:151} INFO - [2026-03-28T18:26:46.639+0000] {dag.py:2915} INFO - Sync 1 DAGs
[2026-03-28T18:26:46.651+0000] {logging_mixin.py:151} INFO - [2026-03-28T18:26:46.651+0000] {dag.py:3696} INFO - Setting next_dagrun for hourly_batch_load_silver to 2026-03-28T17:00:00+00:00, run_after=2026-03-28T18:00:00+00:00
[2026-03-28T18:26:46.663+0000] {processor.py:179} INFO - Processing /opt/airflow/dags/medalion_dag.py took 0.332 seconds
[2026-03-28T18:27:17.009+0000] {processor.py:157} INFO - Started process (PID=439) to work on /opt/airflow/dags/medalion_dag.py
[2026-03-28T18:27:17.010+0000] {processor.py:829} INFO - Processing file /opt/airflow/dags/medalion_dag.py for tasks to queue
[2026-03-28T18:27:17.010+0000] {logging_mixin.py:151} INFO - [2026-03-28T18:27:17.010+0000] {dagbag.py:539} INFO - Filling up the DagBag from /opt/airflow/dags/medalion_dag.py
[2026-03-28T18:27:17.399+0000] {processor.py:839} INFO - DAG(s) dict_keys(['hourly_batch_load_silver']) retrieved from /opt/airflow/dags/medalion_dag.py
[2026-03-28T18:27:17.423+0000] {logging_mixin.py:151} INFO - [2026-03-28T18:27:17.423+0000] {dag.py:2915} INFO - Sync 1 DAGs
[2026-03-28T18:27:17.440+0000] {logging_mixin.py:151} INFO - [2026-03-28T18:27:17.440+0000] {dag.py:3696} INFO - Setting next_dagrun for hourly_batch_load_silver to 2026-03-28T17:00:00+00:00, run_after=2026-03-28T18:00:00+00:00
[2026-03-28T18:27:17.450+0000] {processor.py:179} INFO - Processing /opt/airflow/dags/medalion_dag.py took 0.444 seconds
[2026-03-28T18:27:47.772+0000] {processor.py:157} INFO - Started process (PID=461) to work on /opt/airflow/dags/medalion_dag.py
[2026-03-28T18:27:47.772+0000] {processor.py:829} INFO - Processing file /opt/airflow/dags/medalion_dag.py for tasks to queue
[2026-03-28T18:27:47.773+0000] {logging_mixin.py:151} INFO - [2026-03-28T18:27:47.773+0000] {dagbag.py:539} INFO - Filling up the DagBag from /opt/airflow/dags/medalion_dag.py
[2026-03-28T18:27:48.495+0000] {processor.py:839} INFO - DAG(s) dict_keys(['hourly_batch_load_silver']) retrieved from /opt/airflow/dags/medalion_dag.py
[2026-03-28T18:27:48.671+0000] {logging_mixin.py:151} INFO - [2026-03-28T18:27:48.670+0000] {security.py:708} INFO - Not syncing DAG-level permissions for DAG 'DAG:hourly_batch_load_silver' as access control is unset.
[2026-03-28T18:27:48.671+0000] {logging_mixin.py:151} INFO - [2026-03-28T18:27:48.671+0000] {dag.py:2915} INFO - Sync 1 DAGs
[2026-03-28T18:27:48.695+0000] {logging_mixin.py:151} INFO - [2026-03-28T18:27:48.695+0000] {dag.py:3696} INFO - Setting next_dagrun for hourly_batch_load_silver to 2026-03-28T17:00:00+00:00, run_after=2026-03-28T18:00:00+00:00
[2026-03-28T18:27:48.713+0000] {processor.py:179} INFO - Processing /opt/airflow/dags/medalion_dag.py took 0.945 seconds
[2026-03-28T18:28:18.921+0000] {processor.py:157} INFO - Started process (PID=483) to work on /opt/airflow/dags/medalion_dag.py
[2026-03-28T18:28:18.922+0000] {processor.py:829} INFO - Processing file /opt/airflow/dags/medalion_dag.py for tasks to queue
[2026-03-28T18:28:18.923+0000] {logging_mixin.py:151} INFO - [2026-03-28T18:28:18.923+0000] {dagbag.py:539} INFO - Filling up the DagBag from /opt/airflow/dags/medalion_dag.py
[2026-03-28T18:28:19.171+0000] {processor.py:839} INFO - DAG(s) dict_keys(['hourly_batch_load_silver']) retrieved from /opt/airflow/dags/medalion_dag.py
[2026-03-28T18:28:19.186+0000] {logging_mixin.py:151} INFO - [2026-03-28T18:28:19.186+0000] {dag.py:2915} INFO - Sync 1 DAGs
[2026-03-28T18:28:19.198+0000] {logging_mixin.py:151} INFO - [2026-03-28T18:28:19.197+0000] {dag.py:3696} INFO - Setting next_dagrun for hourly_batch_load_silver to 2026-03-28T17:00:00+00:00, run_after=2026-03-28T18:00:00+00:00
[2026-03-28T18:28:19.205+0000] {processor.py:179} INFO - Processing /opt/airflow/dags/medalion_dag.py took 0.288 seconds
[2026-03-28T18:28:49.757+0000] {processor.py:157} INFO - Started process (PID=505) to work on /opt/airflow/dags/medalion_dag.py
[2026-03-28T18:28:49.761+0000] {processor.py:829} INFO - Processing file /opt/airflow/dags/medalion_dag.py for tasks to queue
[2026-03-28T18:28:49.762+0000] {logging_mixin.py:151} INFO - [2026-03-28T18:28:49.761+0000] {dagbag.py:539} INFO - Filling up the DagBag from /opt/airflow/dags/medalion_dag.py
[2026-03-28T18:28:50.136+0000] {processor.py:839} INFO - DAG(s) dict_keys(['hourly_batch_load_silver']) retrieved from /opt/airflow/dags/medalion_dag.py
[2026-03-28T18:28:50.221+0000] {logging_mixin.py:151} INFO - [2026-03-28T18:28:50.221+0000] {security.py:708} INFO - Not syncing DAG-level permissions for DAG 'DAG:hourly_batch_load_silver' as access control is unset.
[2026-03-28T18:28:50.222+0000] {logging_mixin.py:151} INFO - [2026-03-28T18:28:50.222+0000] {dag.py:2915} INFO - Sync 1 DAGs
[2026-03-28T18:28:50.236+0000] {logging_mixin.py:151} INFO - [2026-03-28T18:28:50.235+0000] {dag.py:3696} INFO - Setting next_dagrun for hourly_batch_load_silver to 2026-03-28T17:00:00+00:00, run_after=2026-03-28T18:00:00+00:00
[2026-03-28T18:28:50.252+0000] {processor.py:179} INFO - Processing /opt/airflow/dags/medalion_dag.py took 0.500 seconds
[2026-03-28T18:29:20.685+0000] {processor.py:157} INFO - Started process (PID=527) to work on /opt/airflow/dags/medalion_dag.py
[2026-03-28T18:29:20.686+0000] {processor.py:829} INFO - Processing file /opt/airflow/dags/medalion_dag.py for tasks to queue
[2026-03-28T18:29:20.687+0000] {logging_mixin.py:151} INFO - [2026-03-28T18:29:20.686+0000] {dagbag.py:539} INFO - Filling up the DagBag from /opt/airflow/dags/medalion_dag.py
[2026-03-28T18:29:20.969+0000] {processor.py:839} INFO - DAG(s) dict_keys(['hourly_batch_load_silver']) retrieved from /opt/airflow/dags/medalion_dag.py
[2026-03-28T18:29:20.990+0000] {logging_mixin.py:151} INFO - [2026-03-28T18:29:20.990+0000] {dag.py:2915} INFO - Sync 1 DAGs
[2026-03-28T18:29:21.002+0000] {logging_mixin.py:151} INFO - [2026-03-28T18:29:21.002+0000] {dag.py:3696} INFO - Setting next_dagrun for hourly_batch_load_silver to 2026-03-28T17:00:00+00:00, run_after=2026-03-28T18:00:00+00:00
[2026-03-28T18:29:21.010+0000] {processor.py:179} INFO - Processing /opt/airflow/dags/medalion_dag.py took 0.330 seconds
[2026-03-28T18:29:51.272+0000] {processor.py:157} INFO - Started process (PID=549) to work on /opt/airflow/dags/medalion_dag.py
[2026-03-28T18:29:51.273+0000] {processor.py:829} INFO - Processing file /opt/airflow/dags/medalion_dag.py for tasks to queue
[2026-03-28T18:29:51.274+0000] {logging_mixin.py:151} INFO - [2026-03-28T18:29:51.274+0000] {dagbag.py:539} INFO - Filling up the DagBag from /opt/airflow/dags/medalion_dag.py
[2026-03-28T18:29:51.524+0000] {processor.py:839} INFO - DAG(s) dict_keys(['hourly_batch_load_silver']) retrieved from /opt/airflow/dags/medalion_dag.py
[2026-03-28T18:29:51.585+0000] {logging_mixin.py:151} INFO - [2026-03-28T18:29:51.585+0000] {security.py:708} INFO - Not syncing DAG-level permissions for DAG 'DAG:hourly_batch_load_silver' as access control is unset.
[2026-03-28T18:29:51.587+0000] {logging_mixin.py:151} INFO - [2026-03-28T18:29:51.586+0000] {dag.py:2915} INFO - Sync 1 DAGs
[2026-03-28T18:29:51.597+0000] {logging_mixin.py:151} INFO - [2026-03-28T18:29:51.597+0000] {dag.py:3696} INFO - Setting next_dagrun for hourly_batch_load_silver to 2026-03-28T17:00:00+00:00, run_after=2026-03-28T18:00:00+00:00
[2026-03-28T18:29:51.610+0000] {processor.py:179} INFO - Processing /opt/airflow/dags/medalion_dag.py took 0.342 seconds
[2026-03-28T18:30:21.971+0000] {processor.py:157} INFO - Started process (PID=571) to work on /opt/airflow/dags/medalion_dag.py
[2026-03-28T18:30:21.972+0000] {processor.py:829} INFO - Processing file /opt/airflow/dags/medalion_dag.py for tasks to queue
[2026-03-28T18:30:21.972+0000] {logging_mixin.py:151} INFO - [2026-03-28T18:30:21.972+0000] {dagbag.py:539} INFO - Filling up the DagBag from /opt/airflow/dags/medalion_dag.py
[2026-03-28T18:30:22.357+0000] {processor.py:839} INFO - DAG(s) dict_keys(['hourly_batch_load_silver']) retrieved from /opt/airflow/dags/medalion_dag.py
[2026-03-28T18:30:22.379+0000] {logging_mixin.py:151} INFO - [2026-03-28T18:30:22.378+0000] {dag.py:2915} INFO - Sync 1 DAGs
[2026-03-28T18:30:22.394+0000] {logging_mixin.py:151} INFO - [2026-03-28T18:30:22.394+0000] {dag.py:3696} INFO - Setting next_dagrun for hourly_batch_load_silver to 2026-03-28T17:00:00+00:00, run_after=2026-03-28T18:00:00+00:00
[2026-03-28T18:30:22.405+0000] {processor.py:179} INFO - Processing /opt/airflow/dags/medalion_dag.py took 0.437 seconds
[2026-03-28T18:30:52.764+0000] {processor.py:157} INFO - Started process (PID=593) to work on /opt/airflow/dags/medalion_dag.py
[2026-03-28T18:30:52.768+0000] {processor.py:829} INFO - Processing file /opt/airflow/dags/medalion_dag.py for tasks to queue
[2026-03-28T18:30:52.771+0000] {logging_mixin.py:151} INFO - [2026-03-28T18:30:52.771+0000] {dagbag.py:539} INFO - Filling up the DagBag from /opt/airflow/dags/medalion_dag.py
[2026-03-28T18:30:53.484+0000] {processor.py:839} INFO - DAG(s) dict_keys(['hourly_batch_load_silver']) retrieved from /opt/airflow/dags/medalion_dag.py
[2026-03-28T18:30:53.577+0000] {logging_mixin.py:151} INFO - [2026-03-28T18:30:53.576+0000] {security.py:708} INFO - Not syncing DAG-level permissions for DAG 'DAG:hourly_batch_load_silver' as access control is unset.
[2026-03-28T18:30:53.578+0000] {logging_mixin.py:151} INFO - [2026-03-28T18:30:53.577+0000] {dag.py:2915} INFO - Sync 1 DAGs
[2026-03-28T18:30:53.594+0000] {logging_mixin.py:151} INFO - [2026-03-28T18:30:53.594+0000] {dag.py:3696} INFO - Setting next_dagrun for hourly_batch_load_silver to 2026-03-28T17:00:00+00:00, run_after=2026-03-28T18:00:00+00:00
[2026-03-28T18:30:53.615+0000] {processor.py:179} INFO - Processing /opt/airflow/dags/medalion_dag.py took 0.860 seconds
[2026-03-28T18:31:24.058+0000] {processor.py:157} INFO - Started process (PID=615) to work on /opt/airflow/dags/medalion_dag.py
[2026-03-28T18:31:24.059+0000] {processor.py:829} INFO - Processing file /opt/airflow/dags/medalion_dag.py for tasks to queue
[2026-03-28T18:31:24.059+0000] {logging_mixin.py:151} INFO - [2026-03-28T18:31:24.059+0000] {dagbag.py:539} INFO - Filling up the DagBag from /opt/airflow/dags/medalion_dag.py
[2026-03-28T18:31:24.416+0000] {processor.py:839} INFO - DAG(s) dict_keys(['hourly_batch_load_silver']) retrieved from /opt/airflow/dags/medalion_dag.py
[2026-03-28T18:31:24.433+0000] {logging_mixin.py:151} INFO - [2026-03-28T18:31:24.433+0000] {dag.py:2915} INFO - Sync 1 DAGs
[2026-03-28T18:31:24.452+0000] {logging_mixin.py:151} INFO - [2026-03-28T18:31:24.452+0000] {dag.py:3696} INFO - Setting next_dagrun for hourly_batch_load_silver to 2026-03-28T17:00:00+00:00, run_after=2026-03-28T18:00:00+00:00
[2026-03-28T18:31:24.471+0000] {processor.py:179} INFO - Processing /opt/airflow/dags/medalion_dag.py took 0.420 seconds
[2026-03-28T18:31:54.802+0000] {processor.py:157} INFO - Started process (PID=637) to work on /opt/airflow/dags/medalion_dag.py
[2026-03-28T18:31:54.803+0000] {processor.py:829} INFO - Processing file /opt/airflow/dags/medalion_dag.py for tasks to queue
[2026-03-28T18:31:54.803+0000] {logging_mixin.py:151} INFO - [2026-03-28T18:31:54.803+0000] {dagbag.py:539} INFO - Filling up the DagBag from /opt/airflow/dags/medalion_dag.py
[2026-03-28T18:31:55.099+0000] {processor.py:839} INFO - DAG(s) dict_keys(['hourly_batch_load_silver']) retrieved from /opt/airflow/dags/medalion_dag.py
[2026-03-28T18:31:55.173+0000] {logging_mixin.py:151} INFO - [2026-03-28T18:31:55.173+0000] {security.py:708} INFO - Not syncing DAG-level permissions for DAG 'DAG:hourly_batch_load_silver' as access control is unset.
[2026-03-28T18:31:55.174+0000] {logging_mixin.py:151} INFO - [2026-03-28T18:31:55.173+0000] {dag.py:2915} INFO - Sync 1 DAGs
[2026-03-28T18:31:55.185+0000] {logging_mixin.py:151} INFO - [2026-03-28T18:31:55.185+0000] {dag.py:3696} INFO - Setting next_dagrun for hourly_batch_load_silver to 2026-03-28T17:00:00+00:00, run_after=2026-03-28T18:00:00+00:00
[2026-03-28T18:31:55.205+0000] {processor.py:179} INFO - Processing /opt/airflow/dags/medalion_dag.py took 0.409 seconds
[2026-03-28T18:32:25.636+0000] {processor.py:157} INFO - Started process (PID=659) to work on /opt/airflow/dags/medalion_dag.py
[2026-03-28T18:32:25.638+0000] {processor.py:829} INFO - Processing file /opt/airflow/dags/medalion_dag.py for tasks to queue
[2026-03-28T18:32:25.639+0000] {logging_mixin.py:151} INFO - [2026-03-28T18:32:25.639+0000] {dagbag.py:539} INFO - Filling up the DagBag from /opt/airflow/dags/medalion_dag.py
[2026-03-28T18:32:26.049+0000] {processor.py:839} INFO - DAG(s) dict_keys(['hourly_batch_load_silver']) retrieved from /opt/airflow/dags/medalion_dag.py
[2026-03-28T18:32:26.074+0000] {logging_mixin.py:151} INFO - [2026-03-28T18:32:26.074+0000] {dag.py:2915} INFO - Sync 1 DAGs
[2026-03-28T18:32:26.097+0000] {logging_mixin.py:151} INFO - [2026-03-28T18:32:26.097+0000] {dag.py:3696} INFO - Setting next_dagrun for hourly_batch_load_silver to 2026-03-28T17:00:00+00:00, run_after=2026-03-28T18:00:00+00:00
[2026-03-28T18:32:26.110+0000] {processor.py:179} INFO - Processing /opt/airflow/dags/medalion_dag.py took 0.478 seconds
[2026-03-28T18:32:56.585+0000] {processor.py:157} INFO - Started process (PID=681) to work on /opt/airflow/dags/medalion_dag.py
[2026-03-28T18:32:56.586+0000] {processor.py:829} INFO - Processing file /opt/airflow/dags/medalion_dag.py for tasks to queue
[2026-03-28T18:32:56.587+0000] {logging_mixin.py:151} INFO - [2026-03-28T18:32:56.586+0000] {dagbag.py:539} INFO - Filling up the DagBag from /opt/airflow/dags/medalion_dag.py
[2026-03-28T18:32:56.896+0000] {processor.py:839} INFO - DAG(s) dict_keys(['hourly_batch_load_silver']) retrieved from /opt/airflow/dags/medalion_dag.py
[2026-03-28T18:32:56.963+0000] {logging_mixin.py:151} INFO - [2026-03-28T18:32:56.962+0000] {security.py:708} INFO - Not syncing DAG-level permissions for DAG 'DAG:hourly_batch_load_silver' as access control is unset.
[2026-03-28T18:32:56.965+0000] {logging_mixin.py:151} INFO - [2026-03-28T18:32:56.963+0000] {dag.py:2915} INFO - Sync 1 DAGs
[2026-03-28T18:32:56.977+0000] {logging_mixin.py:151} INFO - [2026-03-28T18:32:56.977+0000] {dag.py:3696} INFO - Setting next_dagrun for hourly_batch_load_silver to 2026-03-28T17:00:00+00:00, run_after=2026-03-28T18:00:00+00:00
[2026-03-28T18:32:56.993+0000] {processor.py:179} INFO - Processing /opt/airflow/dags/medalion_dag.py took 0.412 seconds
[2026-03-28T18:33:27.384+0000] {processor.py:157} INFO - Started process (PID=703) to work on /opt/airflow/dags/medalion_dag.py
[2026-03-28T18:33:27.385+0000] {processor.py:829} INFO - Processing file /opt/airflow/dags/medalion_dag.py for tasks to queue
[2026-03-28T18:33:27.386+0000] {logging_mixin.py:151} INFO - [2026-03-28T18:33:27.386+0000] {dagbag.py:539} INFO - Filling up the DagBag from /opt/airflow/dags/medalion_dag.py
[2026-03-28T18:33:27.748+0000] {processor.py:839} INFO - DAG(s) dict_keys(['hourly_batch_load_silver']) retrieved from /opt/airflow/dags/medalion_dag.py
[2026-03-28T18:33:27.769+0000] {logging_mixin.py:151} INFO - [2026-03-28T18:33:27.768+0000] {dag.py:2915} INFO - Sync 1 DAGs
[2026-03-28T18:33:27.789+0000] {logging_mixin.py:151} INFO - [2026-03-28T18:33:27.789+0000] {dag.py:3696} INFO - Setting next_dagrun for hourly_batch_load_silver to 2026-03-28T17:00:00+00:00, run_after=2026-03-28T18:00:00+00:00
[2026-03-28T18:33:27.806+0000] {processor.py:179} INFO - Processing /opt/airflow/dags/medalion_dag.py took 0.425 seconds
[2026-03-28T18:33:58.244+0000] {processor.py:157} INFO - Started process (PID=725) to work on /opt/airflow/dags/medalion_dag.py
[2026-03-28T18:33:58.247+0000] {processor.py:829} INFO - Processing file /opt/airflow/dags/medalion_dag.py for tasks to queue
[2026-03-28T18:33:58.248+0000] {logging_mixin.py:151} INFO - [2026-03-28T18:33:58.247+0000] {dagbag.py:539} INFO - Filling up the DagBag from /opt/airflow/dags/medalion_dag.py
[2026-03-28T18:33:58.609+0000] {processor.py:839} INFO - DAG(s) dict_keys(['hourly_batch_load_silver']) retrieved from /opt/airflow/dags/medalion_dag.py
[2026-03-28T18:33:58.680+0000] {logging_mixin.py:151} INFO - [2026-03-28T18:33:58.680+0000] {security.py:708} INFO - Not syncing DAG-level permissions for DAG 'DAG:hourly_batch_load_silver' as access control is unset.
[2026-03-28T18:33:58.681+0000] {logging_mixin.py:151} INFO - [2026-03-28T18:33:58.681+0000] {dag.py:2915} INFO - Sync 1 DAGs
[2026-03-28T18:33:58.694+0000] {logging_mixin.py:151} INFO - [2026-03-28T18:33:58.694+0000] {dag.py:3696} INFO - Setting next_dagrun for hourly_batch_load_silver to 2026-03-28T17:00:00+00:00, run_after=2026-03-28T18:00:00+00:00
[2026-03-28T18:33:58.713+0000] {processor.py:179} INFO - Processing /opt/airflow/dags/medalion_dag.py took 0.476 seconds
[2026-03-28T18:34:29.131+0000] {processor.py:157} INFO - Started process (PID=747) to work on /opt/airflow/dags/medalion_dag.py
[2026-03-28T18:34:29.133+0000] {processor.py:829} INFO - Processing file /opt/airflow/dags/medalion_dag.py for tasks to queue
[2026-03-28T18:34:29.134+0000] {logging_mixin.py:151} INFO - [2026-03-28T18:34:29.134+0000] {dagbag.py:539} INFO - Filling up the DagBag from /opt/airflow/dags/medalion_dag.py
[2026-03-28T18:34:29.546+0000] {processor.py:839} INFO - DAG(s) dict_keys(['hourly_batch_load_silver']) retrieved from /opt/airflow/dags/medalion_dag.py
[2026-03-28T18:34:29.573+0000] {logging_mixin.py:151} INFO - [2026-03-28T18:34:29.573+0000] {dag.py:2915} INFO - Sync 1 DAGs
[2026-03-28T18:34:29.597+0000] {logging_mixin.py:151} INFO - [2026-03-28T18:34:29.597+0000] {dag.py:3696} INFO - Setting next_dagrun for hourly_batch_load_silver to 2026-03-28T17:00:00+00:00, run_after=2026-03-28T18:00:00+00:00
[2026-03-28T18:34:29.609+0000] {processor.py:179} INFO - Processing /opt/airflow/dags/medalion_dag.py took 0.480 seconds
[2026-03-28T18:35:00.168+0000] {processor.py:157} INFO - Started process (PID=769) to work on /opt/airflow/dags/medalion_dag.py
[2026-03-28T18:35:00.169+0000] {processor.py:829} INFO - Processing file /opt/airflow/dags/medalion_dag.py for tasks to queue
[2026-03-28T18:35:00.171+0000] {logging_mixin.py:151} INFO - [2026-03-28T18:35:00.170+0000] {dagbag.py:539} INFO - Filling up the DagBag from /opt/airflow/dags/medalion_dag.py
[2026-03-28T18:35:00.573+0000] {processor.py:839} INFO - DAG(s) dict_keys(['hourly_batch_load_silver']) retrieved from /opt/airflow/dags/medalion_dag.py
[2026-03-28T18:35:00.635+0000] {logging_mixin.py:151} INFO - [2026-03-28T18:35:00.635+0000] {security.py:708} INFO - Not syncing DAG-level permissions for DAG 'DAG:hourly_batch_load_silver' as access control is unset.
[2026-03-28T18:35:00.639+0000] {logging_mixin.py:151} INFO - [2026-03-28T18:35:00.639+0000] {dag.py:2915} INFO - Sync 1 DAGs
[2026-03-28T18:35:00.649+0000] {logging_mixin.py:151} INFO - [2026-03-28T18:35:00.649+0000] {dag.py:3696} INFO - Setting next_dagrun for hourly_batch_load_silver to 2026-03-28T17:00:00+00:00, run_after=2026-03-28T18:00:00+00:00
[2026-03-28T18:35:00.665+0000] {processor.py:179} INFO - Processing /opt/airflow/dags/medalion_dag.py took 0.505 seconds
[2026-03-28T18:35:31.007+0000] {processor.py:157} INFO - Started process (PID=791) to work on /opt/airflow/dags/medalion_dag.py
[2026-03-28T18:35:31.008+0000] {processor.py:829} INFO - Processing file /opt/airflow/dags/medalion_dag.py for tasks to queue
[2026-03-28T18:35:31.009+0000] {logging_mixin.py:151} INFO - [2026-03-28T18:35:31.009+0000] {dagbag.py:539} INFO - Filling up the DagBag from /opt/airflow/dags/medalion_dag.py
[2026-03-28T18:35:31.335+0000] {processor.py:839} INFO - DAG(s) dict_keys(['hourly_batch_load_silver']) retrieved from /opt/airflow/dags/medalion_dag.py
[2026-03-28T18:35:31.358+0000] {logging_mixin.py:151} INFO - [2026-03-28T18:35:31.358+0000] {dag.py:2915} INFO - Sync 1 DAGs
[2026-03-28T18:35:31.381+0000] {logging_mixin.py:151} INFO - [2026-03-28T18:35:31.381+0000] {dag.py:3696} INFO - Setting next_dagrun for hourly_batch_load_silver to 2026-03-28T17:00:00+00:00, run_after=2026-03-28T18:00:00+00:00
[2026-03-28T18:35:31.392+0000] {processor.py:179} INFO - Processing /opt/airflow/dags/medalion_dag.py took 0.389 seconds
[2026-03-28T18:36:01.991+0000] {processor.py:157} INFO - Started process (PID=813) to work on /opt/airflow/dags/medalion_dag.py
[2026-03-28T18:36:01.993+0000] {processor.py:829} INFO - Processing file /opt/airflow/dags/medalion_dag.py for tasks to queue
[2026-03-28T18:36:01.995+0000] {logging_mixin.py:151} INFO - [2026-03-28T18:36:01.994+0000] {dagbag.py:539} INFO - Filling up the DagBag from /opt/airflow/dags/medalion_dag.py
[2026-03-28T18:36:03.597+0000] {processor.py:839} INFO - DAG(s) dict_keys(['hourly_batch_load_silver']) retrieved from /opt/airflow/dags/medalion_dag.py
[2026-03-28T18:36:03.727+0000] {logging_mixin.py:151} INFO - [2026-03-28T18:36:03.727+0000] {security.py:708} INFO - Not syncing DAG-level permissions for DAG 'DAG:hourly_batch_load_silver' as access control is unset.
[2026-03-28T18:36:03.729+0000] {logging_mixin.py:151} INFO - [2026-03-28T18:36:03.728+0000] {dag.py:2915} INFO - Sync 1 DAGs
[2026-03-28T18:36:03.747+0000] {logging_mixin.py:151} INFO - [2026-03-28T18:36:03.747+0000] {dag.py:3696} INFO - Setting next_dagrun for hourly_batch_load_silver to 2026-03-28T17:00:00+00:00, run_after=2026-03-28T18:00:00+00:00
[2026-03-28T18:36:03.770+0000] {processor.py:179} INFO - Processing /opt/airflow/dags/medalion_dag.py took 1.790 seconds
[2026-03-28T18:36:34.124+0000] {processor.py:157} INFO - Started process (PID=835) to work on /opt/airflow/dags/medalion_dag.py
[2026-03-28T18:36:34.125+0000] {processor.py:829} INFO - Processing file /opt/airflow/dags/medalion_dag.py for tasks to queue
[2026-03-28T18:36:34.126+0000] {logging_mixin.py:151} INFO - [2026-03-28T18:36:34.126+0000] {dagbag.py:539} INFO - Filling up the DagBag from /opt/airflow/dags/medalion_dag.py
[2026-03-28T18:36:35.035+0000] {processor.py:839} INFO - DAG(s) dict_keys(['hourly_batch_load_silver']) retrieved from /opt/airflow/dags/medalion_dag.py
[2026-03-28T18:36:35.085+0000] {logging_mixin.py:151} INFO - [2026-03-28T18:36:35.084+0000] {dag.py:2915} INFO - Sync 1 DAGs
[2026-03-28T18:36:35.105+0000] {logging_mixin.py:151} INFO - [2026-03-28T18:36:35.105+0000] {dag.py:3696} INFO - Setting next_dagrun for hourly_batch_load_silver to 2026-03-28T17:00:00+00:00, run_after=2026-03-28T18:00:00+00:00
[2026-03-28T18:36:35.131+0000] {processor.py:179} INFO - Processing /opt/airflow/dags/medalion_dag.py took 1.012 seconds
[2026-03-28T18:37:05.949+0000] {processor.py:157} INFO - Started process (PID=857) to work on /opt/airflow/dags/medalion_dag.py
[2026-03-28T18:37:05.953+0000] {processor.py:829} INFO - Processing file /opt/airflow/dags/medalion_dag.py for tasks to queue
[2026-03-28T18:37:05.954+0000] {logging_mixin.py:151} INFO - [2026-03-28T18:37:05.954+0000] {dagbag.py:539} INFO - Filling up the DagBag from /opt/airflow/dags/medalion_dag.py
[2026-03-28T18:37:07.057+0000] {processor.py:839} INFO - DAG(s) dict_keys(['hourly_batch_load_silver']) retrieved from /opt/airflow/dags/medalion_dag.py
[2026-03-28T18:37:07.260+0000] {logging_mixin.py:151} INFO - [2026-03-28T18:37:07.259+0000] {security.py:708} INFO - Not syncing DAG-level permissions for DAG 'DAG:hourly_batch_load_silver' as access control is unset.
[2026-03-28T18:37:07.260+0000] {logging_mixin.py:151} INFO - [2026-03-28T18:37:07.260+0000] {dag.py:2915} INFO - Sync 1 DAGs
[2026-03-28T18:37:07.283+0000] {logging_mixin.py:151} INFO - [2026-03-28T18:37:07.283+0000] {dag.py:3696} INFO - Setting next_dagrun for hourly_batch_load_silver to 2026-03-28T17:00:00+00:00, run_after=2026-03-28T18:00:00+00:00
[2026-03-28T18:37:07.306+0000] {processor.py:179} INFO - Processing /opt/airflow/dags/medalion_dag.py took 1.371 seconds
[2026-03-28T18:37:38.100+0000] {processor.py:157} INFO - Started process (PID=879) to work on /opt/airflow/dags/medalion_dag.py
[2026-03-28T18:37:38.104+0000] {processor.py:829} INFO - Processing file /opt/airflow/dags/medalion_dag.py for tasks to queue
[2026-03-28T18:37:38.106+0000] {logging_mixin.py:151} INFO - [2026-03-28T18:37:38.105+0000] {dagbag.py:539} INFO - Filling up the DagBag from /opt/airflow/dags/medalion_dag.py
[2026-03-28T18:37:38.650+0000] {processor.py:839} INFO - DAG(s) dict_keys(['hourly_batch_load_silver']) retrieved from /opt/airflow/dags/medalion_dag.py
[2026-03-28T18:37:38.696+0000] {logging_mixin.py:151} INFO - [2026-03-28T18:37:38.696+0000] {dag.py:2915} INFO - Sync 1 DAGs
[2026-03-28T18:37:38.713+0000] {logging_mixin.py:151} INFO - [2026-03-28T18:37:38.713+0000] {dag.py:3696} INFO - Setting next_dagrun for hourly_batch_load_silver to 2026-03-28T17:00:00+00:00, run_after=2026-03-28T18:00:00+00:00
[2026-03-28T18:37:38.724+0000] {processor.py:179} INFO - Processing /opt/airflow/dags/medalion_dag.py took 0.634 seconds
[2026-03-28T18:38:09.116+0000] {processor.py:157} INFO - Started process (PID=901) to work on /opt/airflow/dags/medalion_dag.py
[2026-03-28T18:38:09.117+0000] {processor.py:829} INFO - Processing file /opt/airflow/dags/medalion_dag.py for tasks to queue
[2026-03-28T18:38:09.117+0000] {logging_mixin.py:151} INFO - [2026-03-28T18:38:09.117+0000] {dagbag.py:539} INFO - Filling up the DagBag from /opt/airflow/dags/medalion_dag.py
[2026-03-28T18:38:09.465+0000] {processor.py:839} INFO - DAG(s) dict_keys(['hourly_batch_load_silver']) retrieved from /opt/airflow/dags/medalion_dag.py
[2026-03-28T18:38:09.527+0000] {logging_mixin.py:151} INFO - [2026-03-28T18:38:09.527+0000] {security.py:708} INFO - Not syncing DAG-level permissions for DAG 'DAG:hourly_batch_load_silver' as access control is unset.
[2026-03-28T18:38:09.528+0000] {logging_mixin.py:151} INFO - [2026-03-28T18:38:09.528+0000] {dag.py:2915} INFO - Sync 1 DAGs
[2026-03-28T18:38:09.538+0000] {logging_mixin.py:151} INFO - [2026-03-28T18:38:09.538+0000] {dag.py:3696} INFO - Setting next_dagrun for hourly_batch_load_silver to 2026-03-28T17:00:00+00:00, run_after=2026-03-28T18:00:00+00:00
[2026-03-28T18:38:09.554+0000] {processor.py:179} INFO - Processing /opt/airflow/dags/medalion_dag.py took 0.440 seconds
[2026-03-28T18:38:40.009+0000] {processor.py:157} INFO - Started process (PID=923) to work on /opt/airflow/dags/medalion_dag.py
[2026-03-28T18:38:40.012+0000] {processor.py:829} INFO - Processing file /opt/airflow/dags/medalion_dag.py for tasks to queue
[2026-03-28T18:38:40.015+0000] {logging_mixin.py:151} INFO - [2026-03-28T18:38:40.015+0000] {dagbag.py:539} INFO - Filling up the DagBag from /opt/airflow/dags/medalion_dag.py
[2026-03-28T18:38:40.448+0000] {processor.py:839} INFO - DAG(s) dict_keys(['hourly_batch_load_silver']) retrieved from /opt/airflow/dags/medalion_dag.py
[2026-03-28T18:38:40.472+0000] {logging_mixin.py:151} INFO - [2026-03-28T18:38:40.471+0000] {dag.py:2915} INFO - Sync 1 DAGs
[2026-03-28T18:38:40.490+0000] {logging_mixin.py:151} INFO - [2026-03-28T18:38:40.490+0000] {dag.py:3696} INFO - Setting next_dagrun for hourly_batch_load_silver to 2026-03-28T17:00:00+00:00, run_after=2026-03-28T18:00:00+00:00
[2026-03-28T18:38:40.500+0000] {processor.py:179} INFO - Processing /opt/airflow/dags/medalion_dag.py took 0.501 seconds
[2026-03-28T18:39:10.848+0000] {processor.py:157} INFO - Started process (PID=945) to work on /opt/airflow/dags/medalion_dag.py
[2026-03-28T18:39:10.850+0000] {processor.py:829} INFO - Processing file /opt/airflow/dags/medalion_dag.py for tasks to queue
[2026-03-28T18:39:10.851+0000] {logging_mixin.py:151} INFO - [2026-03-28T18:39:10.851+0000] {dagbag.py:539} INFO - Filling up the DagBag from /opt/airflow/dags/medalion_dag.py
[2026-03-28T18:39:11.227+0000] {processor.py:839} INFO - DAG(s) dict_keys(['hourly_batch_load_silver']) retrieved from /opt/airflow/dags/medalion_dag.py
[2026-03-28T18:39:11.293+0000] {logging_mixin.py:151} INFO - [2026-03-28T18:39:11.292+0000] {security.py:708} INFO - Not syncing DAG-level permissions for DAG 'DAG:hourly_batch_load_silver' as access control is unset.
[2026-03-28T18:39:11.293+0000] {logging_mixin.py:151} INFO - [2026-03-28T18:39:11.293+0000] {dag.py:2915} INFO - Sync 1 DAGs
[2026-03-28T18:39:11.305+0000] {logging_mixin.py:151} INFO - [2026-03-28T18:39:11.305+0000] {dag.py:3696} INFO - Setting next_dagrun for hourly_batch_load_silver to 2026-03-28T17:00:00+00:00, run_after=2026-03-28T18:00:00+00:00
[2026-03-28T18:39:11.319+0000] {processor.py:179} INFO - Processing /opt/airflow/dags/medalion_dag.py took 0.476 seconds
[2026-03-28T18:39:41.890+0000] {processor.py:157} INFO - Started process (PID=967) to work on /opt/airflow/dags/medalion_dag.py
[2026-03-28T18:39:41.892+0000] {processor.py:829} INFO - Processing file /opt/airflow/dags/medalion_dag.py for tasks to queue
[2026-03-28T18:39:41.894+0000] {logging_mixin.py:151} INFO - [2026-03-28T18:39:41.894+0000] {dagbag.py:539} INFO - Filling up the DagBag from /opt/airflow/dags/medalion_dag.py
[2026-03-28T18:39:42.269+0000] {processor.py:839} INFO - DAG(s) dict_keys(['hourly_batch_load_silver']) retrieved from /opt/airflow/dags/medalion_dag.py
[2026-03-28T18:39:42.332+0000] {logging_mixin.py:151} INFO - [2026-03-28T18:39:42.331+0000] {dag.py:2915} INFO - Sync 1 DAGs
[2026-03-28T18:39:42.351+0000] {logging_mixin.py:151} INFO - [2026-03-28T18:39:42.351+0000] {dag.py:3696} INFO - Setting next_dagrun for hourly_batch_load_silver to 2026-03-28T17:00:00+00:00, run_after=2026-03-28T18:00:00+00:00
[2026-03-28T18:39:42.365+0000] {processor.py:179} INFO - Processing /opt/airflow/dags/medalion_dag.py took 0.487 seconds
[2026-03-28T18:40:12.946+0000] {processor.py:157} INFO - Started process (PID=989) to work on /opt/airflow/dags/medalion_dag.py
[2026-03-28T18:40:12.957+0000] {processor.py:829} INFO - Processing file /opt/airflow/dags/medalion_dag.py for tasks to queue
[2026-03-28T18:40:12.961+0000] {logging_mixin.py:151} INFO - [2026-03-28T18:40:12.960+0000] {dagbag.py:539} INFO - Filling up the DagBag from /opt/airflow/dags/medalion_dag.py
[2026-03-28T18:40:13.666+0000] {processor.py:839} INFO - DAG(s) dict_keys(['hourly_batch_load_silver']) retrieved from /opt/airflow/dags/medalion_dag.py
[2026-03-28T18:40:13.752+0000] {logging_mixin.py:151} INFO - [2026-03-28T18:40:13.751+0000] {security.py:708} INFO - Not syncing DAG-level permissions for DAG 'DAG:hourly_batch_load_silver' as access control is unset.
[2026-03-28T18:40:13.752+0000] {logging_mixin.py:151} INFO - [2026-03-28T18:40:13.752+0000] {dag.py:2915} INFO - Sync 1 DAGs
[2026-03-28T18:40:13.766+0000] {logging_mixin.py:151} INFO - [2026-03-28T18:40:13.765+0000] {dag.py:3696} INFO - Setting next_dagrun for hourly_batch_load_silver to 2026-03-28T17:00:00+00:00, run_after=2026-03-28T18:00:00+00:00
[2026-03-28T18:40:13.781+0000] {processor.py:179} INFO - Processing /opt/airflow/dags/medalion_dag.py took 0.860 seconds
[2026-03-28T18:40:44.120+0000] {processor.py:157} INFO - Started process (PID=1011) to work on /opt/airflow/dags/medalion_dag.py
[2026-03-28T18:40:44.121+0000] {processor.py:829} INFO - Processing file /opt/airflow/dags/medalion_dag.py for tasks to queue
[2026-03-28T18:40:44.122+0000] {logging_mixin.py:151} INFO - [2026-03-28T18:40:44.122+0000] {dagbag.py:539} INFO - Filling up the DagBag from /opt/airflow/dags/medalion_dag.py
[2026-03-28T18:40:44.465+0000] {processor.py:839} INFO - DAG(s) dict_keys(['hourly_batch_load_silver']) retrieved from /opt/airflow/dags/medalion_dag.py
[2026-03-28T18:40:44.485+0000] {logging_mixin.py:151} INFO - [2026-03-28T18:40:44.485+0000] {dag.py:2915} INFO - Sync 1 DAGs
[2026-03-28T18:40:44.500+0000] {logging_mixin.py:151} INFO - [2026-03-28T18:40:44.500+0000] {dag.py:3696} INFO - Setting next_dagrun for hourly_batch_load_silver to 2026-03-28T17:00:00+00:00, run_after=2026-03-28T18:00:00+00:00
[2026-03-28T18:40:44.510+0000] {processor.py:179} INFO - Processing /opt/airflow/dags/medalion_dag.py took 0.397 seconds
[2026-03-28T18:41:14.925+0000] {processor.py:157} INFO - Started process (PID=1033) to work on /opt/airflow/dags/medalion_dag.py
[2026-03-28T18:41:14.927+0000] {processor.py:829} INFO - Processing file /opt/airflow/dags/medalion_dag.py for tasks to queue
[2026-03-28T18:41:14.929+0000] {logging_mixin.py:151} INFO - [2026-03-28T18:41:14.929+0000] {dagbag.py:539} INFO - Filling up the DagBag from /opt/airflow/dags/medalion_dag.py
[2026-03-28T18:41:15.237+0000] {processor.py:839} INFO - DAG(s) dict_keys(['hourly_batch_load_silver']) retrieved from /opt/airflow/dags/medalion_dag.py
[2026-03-28T18:41:15.295+0000] {logging_mixin.py:151} INFO - [2026-03-28T18:41:15.295+0000] {security.py:708} INFO - Not syncing DAG-level permissions for DAG 'DAG:hourly_batch_load_silver' as access control is unset.
[2026-03-28T18:41:15.295+0000] {logging_mixin.py:151} INFO - [2026-03-28T18:41:15.295+0000] {dag.py:2915} INFO - Sync 1 DAGs
[2026-03-28T18:41:15.305+0000] {logging_mixin.py:151} INFO - [2026-03-28T18:41:15.305+0000] {dag.py:3696} INFO - Setting next_dagrun for hourly_batch_load_silver to 2026-03-28T17:00:00+00:00, run_after=2026-03-28T18:00:00+00:00
[2026-03-28T18:41:15.611+0000] {processor.py:179} INFO - Processing /opt/airflow/dags/medalion_dag.py took 0.691 seconds
[2026-03-28T18:41:45.671+0000] {processor.py:157} INFO - Started process (PID=1055) to work on /opt/airflow/dags/medalion_dag.py
[2026-03-28T18:41:45.673+0000] {processor.py:829} INFO - Processing file /opt/airflow/dags/medalion_dag.py for tasks to queue
[2026-03-28T18:41:45.674+0000] {logging_mixin.py:151} INFO - [2026-03-28T18:41:45.673+0000] {dagbag.py:539} INFO - Filling up the DagBag from /opt/airflow/dags/medalion_dag.py
[2026-03-28T18:41:46.098+0000] {processor.py:839} INFO - DAG(s) dict_keys(['hourly_batch_load_silver']) retrieved from /opt/airflow/dags/medalion_dag.py
[2026-03-28T18:41:46.117+0000] {logging_mixin.py:151} INFO - [2026-03-28T18:41:46.117+0000] {dag.py:2915} INFO - Sync 1 DAGs
[2026-03-28T18:41:46.131+0000] {logging_mixin.py:151} INFO - [2026-03-28T18:41:46.131+0000] {dag.py:3696} INFO - Setting next_dagrun for hourly_batch_load_silver to 2026-03-28T17:00:00+00:00, run_after=2026-03-28T18:00:00+00:00
[2026-03-28T18:41:46.139+0000] {processor.py:179} INFO - Processing /opt/airflow/dags/medalion_dag.py took 0.473 seconds
[2026-03-28T18:42:16.624+0000] {processor.py:157} INFO - Started process (PID=1077) to work on /opt/airflow/dags/medalion_dag.py
[2026-03-28T18:42:16.628+0000] {processor.py:829} INFO - Processing file /opt/airflow/dags/medalion_dag.py for tasks to queue
[2026-03-28T18:42:16.629+0000] {logging_mixin.py:151} INFO - [2026-03-28T18:42:16.628+0000] {dagbag.py:539} INFO - Filling up the DagBag from /opt/airflow/dags/medalion_dag.py
[2026-03-28T18:42:17.019+0000] {processor.py:839} INFO - DAG(s) dict_keys(['hourly_batch_load_silver']) retrieved from /opt/airflow/dags/medalion_dag.py
[2026-03-28T18:42:17.100+0000] {logging_mixin.py:151} INFO - [2026-03-28T18:42:17.100+0000] {security.py:708} INFO - Not syncing DAG-level permissions for DAG 'DAG:hourly_batch_load_silver' as access control is unset.
[2026-03-28T18:42:17.101+0000] {logging_mixin.py:151} INFO - [2026-03-28T18:42:17.100+0000] {dag.py:2915} INFO - Sync 1 DAGs
[2026-03-28T18:42:17.110+0000] {logging_mixin.py:151} INFO - [2026-03-28T18:42:17.110+0000] {dag.py:3696} INFO - Setting next_dagrun for hourly_batch_load_silver to 2026-03-28T17:00:00+00:00, run_after=2026-03-28T18:00:00+00:00
[2026-03-28T18:42:17.125+0000] {processor.py:179} INFO - Processing /opt/airflow/dags/medalion_dag.py took 0.510 seconds
[2026-03-28T18:42:47.693+0000] {processor.py:157} INFO - Started process (PID=1099) to work on /opt/airflow/dags/medalion_dag.py
[2026-03-28T18:42:47.697+0000] {processor.py:829} INFO - Processing file /opt/airflow/dags/medalion_dag.py for tasks to queue
[2026-03-28T18:42:47.699+0000] {logging_mixin.py:151} INFO - [2026-03-28T18:42:47.699+0000] {dagbag.py:539} INFO - Filling up the DagBag from /opt/airflow/dags/medalion_dag.py
[2026-03-28T18:42:48.065+0000] {processor.py:839} INFO - DAG(s) dict_keys(['hourly_batch_load_silver']) retrieved from /opt/airflow/dags/medalion_dag.py
[2026-03-28T18:42:48.089+0000] {logging_mixin.py:151} INFO - [2026-03-28T18:42:48.089+0000] {dag.py:2915} INFO - Sync 1 DAGs
[2026-03-28T18:42:48.104+0000] {logging_mixin.py:151} INFO - [2026-03-28T18:42:48.104+0000] {dag.py:3696} INFO - Setting next_dagrun for hourly_batch_load_silver to 2026-03-28T17:00:00+00:00, run_after=2026-03-28T18:00:00+00:00
[2026-03-28T18:42:48.114+0000] {processor.py:179} INFO - Processing /opt/airflow/dags/medalion_dag.py took 0.430 seconds
[2026-03-28T18:43:18.705+0000] {processor.py:157} INFO - Started process (PID=1121) to work on /opt/airflow/dags/medalion_dag.py
[2026-03-28T18:43:18.708+0000] {processor.py:829} INFO - Processing file /opt/airflow/dags/medalion_dag.py for tasks to queue
[2026-03-28T18:43:18.709+0000] {logging_mixin.py:151} INFO - [2026-03-28T18:43:18.709+0000] {dagbag.py:539} INFO - Filling up the DagBag from /opt/airflow/dags/medalion_dag.py
[2026-03-28T18:43:19.156+0000] {processor.py:839} INFO - DAG(s) dict_keys(['hourly_batch_load_silver']) retrieved from /opt/airflow/dags/medalion_dag.py
[2026-03-28T18:43:19.236+0000] {logging_mixin.py:151} INFO - [2026-03-28T18:43:19.236+0000] {security.py:708} INFO - Not syncing DAG-level permissions for DAG 'DAG:hourly_batch_load_silver' as access control is unset.
[2026-03-28T18:43:19.237+0000] {logging_mixin.py:151} INFO - [2026-03-28T18:43:19.237+0000] {dag.py:2915} INFO - Sync 1 DAGs
[2026-03-28T18:43:19.253+0000] {logging_mixin.py:151} INFO - [2026-03-28T18:43:19.253+0000] {dag.py:3696} INFO - Setting next_dagrun for hourly_batch_load_silver to 2026-03-28T17:00:00+00:00, run_after=2026-03-28T18:00:00+00:00
[2026-03-28T18:43:19.420+0000] {processor.py:179} INFO - Processing /opt/airflow/dags/medalion_dag.py took 0.723 seconds
[2026-03-28T18:43:49.823+0000] {processor.py:157} INFO - Started process (PID=1143) to work on /opt/airflow/dags/medalion_dag.py
[2026-03-28T18:43:49.825+0000] {processor.py:829} INFO - Processing file /opt/airflow/dags/medalion_dag.py for tasks to queue
[2026-03-28T18:43:49.825+0000] {logging_mixin.py:151} INFO - [2026-03-28T18:43:49.825+0000] {dagbag.py:539} INFO - Filling up the DagBag from /opt/airflow/dags/medalion_dag.py
[2026-03-28T18:43:50.141+0000] {processor.py:839} INFO - DAG(s) dict_keys(['hourly_batch_load_silver']) retrieved from /opt/airflow/dags/medalion_dag.py
[2026-03-28T18:43:50.158+0000] {logging_mixin.py:151} INFO - [2026-03-28T18:43:50.158+0000] {dag.py:2915} INFO - Sync 1 DAGs
[2026-03-28T18:43:50.174+0000] {logging_mixin.py:151} INFO - [2026-03-28T18:43:50.174+0000] {dag.py:3696} INFO - Setting next_dagrun for hourly_batch_load_silver to 2026-03-28T17:00:00+00:00, run_after=2026-03-28T18:00:00+00:00
[2026-03-28T18:43:50.183+0000] {processor.py:179} INFO - Processing /opt/airflow/dags/medalion_dag.py took 0.363 seconds
[2026-03-28T18:44:20.696+0000] {processor.py:157} INFO - Started process (PID=1165) to work on /opt/airflow/dags/medalion_dag.py
[2026-03-28T18:44:20.702+0000] {processor.py:829} INFO - Processing file /opt/airflow/dags/medalion_dag.py for tasks to queue
[2026-03-28T18:44:20.705+0000] {logging_mixin.py:151} INFO - [2026-03-28T18:44:20.704+0000] {dagbag.py:539} INFO - Filling up the DagBag from /opt/airflow/dags/medalion_dag.py
[2026-03-28T18:44:21.182+0000] {processor.py:839} INFO - DAG(s) dict_keys(['hourly_batch_load_silver']) retrieved from /opt/airflow/dags/medalion_dag.py
[2026-03-28T18:44:21.288+0000] {logging_mixin.py:151} INFO - [2026-03-28T18:44:21.288+0000] {security.py:708} INFO - Not syncing DAG-level permissions for DAG 'DAG:hourly_batch_load_silver' as access control is unset.
[2026-03-28T18:44:21.290+0000] {logging_mixin.py:151} INFO - [2026-03-28T18:44:21.289+0000] {dag.py:2915} INFO - Sync 1 DAGs
[2026-03-28T18:44:21.304+0000] {logging_mixin.py:151} INFO - [2026-03-28T18:44:21.304+0000] {dag.py:3696} INFO - Setting next_dagrun for hourly_batch_load_silver to 2026-03-28T17:00:00+00:00, run_after=2026-03-28T18:00:00+00:00
[2026-03-28T18:44:21.320+0000] {processor.py:179} INFO - Processing /opt/airflow/dags/medalion_dag.py took 0.634 seconds
[2026-03-28T18:44:52.027+0000] {processor.py:157} INFO - Started process (PID=1187) to work on /opt/airflow/dags/medalion_dag.py
[2026-03-28T18:44:52.030+0000] {processor.py:829} INFO - Processing file /opt/airflow/dags/medalion_dag.py for tasks to queue
[2026-03-28T18:44:52.031+0000] {logging_mixin.py:151} INFO - [2026-03-28T18:44:52.031+0000] {dagbag.py:539} INFO - Filling up the DagBag from /opt/airflow/dags/medalion_dag.py
[2026-03-28T18:44:52.435+0000] {processor.py:839} INFO - DAG(s) dict_keys(['hourly_batch_load_silver']) retrieved from /opt/airflow/dags/medalion_dag.py
[2026-03-28T18:44:52.453+0000] {logging_mixin.py:151} INFO - [2026-03-28T18:44:52.453+0000] {dag.py:2915} INFO - Sync 1 DAGs
[2026-03-28T18:44:52.469+0000] {logging_mixin.py:151} INFO - [2026-03-28T18:44:52.469+0000] {dag.py:3696} INFO - Setting next_dagrun for hourly_batch_load_silver to 2026-03-28T17:00:00+00:00, run_after=2026-03-28T18:00:00+00:00
[2026-03-28T18:44:52.479+0000] {processor.py:179} INFO - Processing /opt/airflow/dags/medalion_dag.py took 0.466 seconds
[2026-03-28T18:45:22.840+0000] {processor.py:157} INFO - Started process (PID=1209) to work on /opt/airflow/dags/medalion_dag.py
[2026-03-28T18:45:22.841+0000] {processor.py:829} INFO - Processing file /opt/airflow/dags/medalion_dag.py for tasks to queue
[2026-03-28T18:45:22.845+0000] {logging_mixin.py:151} INFO - [2026-03-28T18:45:22.845+0000] {dagbag.py:539} INFO - Filling up the DagBag from /opt/airflow/dags/medalion_dag.py
[2026-03-28T18:45:23.101+0000] {processor.py:839} INFO - DAG(s) dict_keys(['hourly_batch_load_silver']) retrieved from /opt/airflow/dags/medalion_dag.py
[2026-03-28T18:45:23.179+0000] {logging_mixin.py:151} INFO - [2026-03-28T18:45:23.179+0000] {security.py:708} INFO - Not syncing DAG-level permissions for DAG 'DAG:hourly_batch_load_silver' as access control is unset.
[2026-03-28T18:45:23.179+0000] {logging_mixin.py:151} INFO - [2026-03-28T18:45:23.179+0000] {dag.py:2915} INFO - Sync 1 DAGs
[2026-03-28T18:45:23.191+0000] {logging_mixin.py:151} INFO - [2026-03-28T18:45:23.191+0000] {dag.py:3696} INFO - Setting next_dagrun for hourly_batch_load_silver to 2026-03-28T17:00:00+00:00, run_after=2026-03-28T18:00:00+00:00
[2026-03-28T18:45:23.350+0000] {processor.py:179} INFO - Processing /opt/airflow/dags/medalion_dag.py took 0.515 seconds
[2026-03-28T18:45:53.698+0000] {processor.py:157} INFO - Started process (PID=1231) to work on /opt/airflow/dags/medalion_dag.py
[2026-03-28T18:45:53.700+0000] {processor.py:829} INFO - Processing file /opt/airflow/dags/medalion_dag.py for tasks to queue
[2026-03-28T18:45:53.701+0000] {logging_mixin.py:151} INFO - [2026-03-28T18:45:53.700+0000] {dagbag.py:539} INFO - Filling up the DagBag from /opt/airflow/dags/medalion_dag.py
[2026-03-28T18:45:54.128+0000] {processor.py:839} INFO - DAG(s) dict_keys(['hourly_batch_load_silver']) retrieved from /opt/airflow/dags/medalion_dag.py
[2026-03-28T18:45:54.153+0000] {logging_mixin.py:151} INFO - [2026-03-28T18:45:54.153+0000] {dag.py:2915} INFO - Sync 1 DAGs
[2026-03-28T18:45:54.174+0000] {logging_mixin.py:151} INFO - [2026-03-28T18:45:54.174+0000] {dag.py:3696} INFO - Setting next_dagrun for hourly_batch_load_silver to 2026-03-28T17:00:00+00:00, run_after=2026-03-28T18:00:00+00:00
[2026-03-28T18:45:54.183+0000] {processor.py:179} INFO - Processing /opt/airflow/dags/medalion_dag.py took 0.496 seconds
[2026-03-28T18:46:24.701+0000] {processor.py:157} INFO - Started process (PID=1253) to work on /opt/airflow/dags/medalion_dag.py
[2026-03-28T18:46:24.702+0000] {processor.py:829} INFO - Processing file /opt/airflow/dags/medalion_dag.py for tasks to queue
[2026-03-28T18:46:24.704+0000] {logging_mixin.py:151} INFO - [2026-03-28T18:46:24.703+0000] {dagbag.py:539} INFO - Filling up the DagBag from /opt/airflow/dags/medalion_dag.py
[2026-03-28T18:46:25.221+0000] {processor.py:839} INFO - DAG(s) dict_keys(['hourly_batch_load_silver']) retrieved from /opt/airflow/dags/medalion_dag.py
[2026-03-28T18:46:25.300+0000] {logging_mixin.py:151} INFO - [2026-03-28T18:46:25.300+0000] {security.py:708} INFO - Not syncing DAG-level permissions for DAG 'DAG:hourly_batch_load_silver' as access control is unset.
[2026-03-28T18:46:25.301+0000] {logging_mixin.py:151} INFO - [2026-03-28T18:46:25.301+0000] {dag.py:2915} INFO - Sync 1 DAGs
[2026-03-28T18:46:25.318+0000] {logging_mixin.py:151} INFO - [2026-03-28T18:46:25.318+0000] {dag.py:3696} INFO - Setting next_dagrun for hourly_batch_load_silver to 2026-03-28T17:00:00+00:00, run_after=2026-03-28T18:00:00+00:00
[2026-03-28T18:46:25.335+0000] {processor.py:179} INFO - Processing /opt/airflow/dags/medalion_dag.py took 0.646 seconds
[2026-03-28T18:46:55.799+0000] {processor.py:157} INFO - Started process (PID=1275) to work on /opt/airflow/dags/medalion_dag.py
[2026-03-28T18:46:55.800+0000] {processor.py:829} INFO - Processing file /opt/airflow/dags/medalion_dag.py for tasks to queue
[2026-03-28T18:46:55.800+0000] {logging_mixin.py:151} INFO - [2026-03-28T18:46:55.800+0000] {dagbag.py:539} INFO - Filling up the DagBag from /opt/airflow/dags/medalion_dag.py
[2026-03-28T18:46:56.225+0000] {processor.py:839} INFO - DAG(s) dict_keys(['hourly_batch_load_silver']) retrieved from /opt/airflow/dags/medalion_dag.py
[2026-03-28T18:46:56.245+0000] {logging_mixin.py:151} INFO - [2026-03-28T18:46:56.245+0000] {dag.py:2915} INFO - Sync 1 DAGs
[2026-03-28T18:46:56.260+0000] {logging_mixin.py:151} INFO - [2026-03-28T18:46:56.260+0000] {dag.py:3696} INFO - Setting next_dagrun for hourly_batch_load_silver to 2026-03-28T17:00:00+00:00, run_after=2026-03-28T18:00:00+00:00
[2026-03-28T18:46:56.271+0000] {processor.py:179} INFO - Processing /opt/airflow/dags/medalion_dag.py took 0.475 seconds
[2026-03-28T18:47:26.742+0000] {processor.py:157} INFO - Started process (PID=1297) to work on /opt/airflow/dags/medalion_dag.py
[2026-03-28T18:47:26.743+0000] {processor.py:829} INFO - Processing file /opt/airflow/dags/medalion_dag.py for tasks to queue
[2026-03-28T18:47:26.744+0000] {logging_mixin.py:151} INFO - [2026-03-28T18:47:26.744+0000] {dagbag.py:539} INFO - Filling up the DagBag from /opt/airflow/dags/medalion_dag.py
[2026-03-28T18:47:27.143+0000] {processor.py:839} INFO - DAG(s) dict_keys(['hourly_batch_load_silver']) retrieved from /opt/airflow/dags/medalion_dag.py
[2026-03-28T18:47:27.208+0000] {logging_mixin.py:151} INFO - [2026-03-28T18:47:27.208+0000] {security.py:708} INFO - Not syncing DAG-level permissions for DAG 'DAG:hourly_batch_load_silver' as access control is unset.
[2026-03-28T18:47:27.209+0000] {logging_mixin.py:151} INFO - [2026-03-28T18:47:27.209+0000] {dag.py:2915} INFO - Sync 1 DAGs
[2026-03-28T18:47:27.223+0000] {logging_mixin.py:151} INFO - [2026-03-28T18:47:27.223+0000] {dag.py:3696} INFO - Setting next_dagrun for hourly_batch_load_silver to 2026-03-28T17:00:00+00:00, run_after=2026-03-28T18:00:00+00:00
[2026-03-28T18:47:27.239+0000] {processor.py:179} INFO - Processing /opt/airflow/dags/medalion_dag.py took 0.504 seconds
[2026-03-28T18:47:58.116+0000] {processor.py:157} INFO - Started process (PID=1319) to work on /opt/airflow/dags/medalion_dag.py
[2026-03-28T18:47:58.119+0000] {processor.py:829} INFO - Processing file /opt/airflow/dags/medalion_dag.py for tasks to queue
[2026-03-28T18:47:58.121+0000] {logging_mixin.py:151} INFO - [2026-03-28T18:47:58.120+0000] {dagbag.py:539} INFO - Filling up the DagBag from /opt/airflow/dags/medalion_dag.py
[2026-03-28T18:47:58.566+0000] {processor.py:839} INFO - DAG(s) dict_keys(['hourly_batch_load_silver']) retrieved from /opt/airflow/dags/medalion_dag.py
[2026-03-28T18:47:58.602+0000] {logging_mixin.py:151} INFO - [2026-03-28T18:47:58.601+0000] {dag.py:2915} INFO - Sync 1 DAGs
[2026-03-28T18:47:58.616+0000] {logging_mixin.py:151} INFO - [2026-03-28T18:47:58.616+0000] {dag.py:3696} INFO - Setting next_dagrun for hourly_batch_load_silver to 2026-03-28T17:00:00+00:00, run_after=2026-03-28T18:00:00+00:00
[2026-03-28T18:47:58.626+0000] {processor.py:179} INFO - Processing /opt/airflow/dags/medalion_dag.py took 0.518 seconds
[2026-03-28T18:48:29.055+0000] {processor.py:157} INFO - Started process (PID=1341) to work on /opt/airflow/dags/medalion_dag.py
[2026-03-28T18:48:29.060+0000] {processor.py:829} INFO - Processing file /opt/airflow/dags/medalion_dag.py for tasks to queue
[2026-03-28T18:48:29.067+0000] {logging_mixin.py:151} INFO - [2026-03-28T18:48:29.067+0000] {dagbag.py:539} INFO - Filling up the DagBag from /opt/airflow/dags/medalion_dag.py
[2026-03-28T18:48:29.512+0000] {processor.py:839} INFO - DAG(s) dict_keys(['hourly_batch_load_silver']) retrieved from /opt/airflow/dags/medalion_dag.py
[2026-03-28T18:48:29.589+0000] {logging_mixin.py:151} INFO - [2026-03-28T18:48:29.588+0000] {security.py:708} INFO - Not syncing DAG-level permissions for DAG 'DAG:hourly_batch_load_silver' as access control is unset.
[2026-03-28T18:48:29.592+0000] {logging_mixin.py:151} INFO - [2026-03-28T18:48:29.591+0000] {dag.py:2915} INFO - Sync 1 DAGs
[2026-03-28T18:48:29.714+0000] {logging_mixin.py:151} INFO - [2026-03-28T18:48:29.714+0000] {dag.py:3696} INFO - Setting next_dagrun for hourly_batch_load_silver to 2026-03-28T17:00:00+00:00, run_after=2026-03-28T18:00:00+00:00
[2026-03-28T18:48:29.721+0000] {processor.py:179} INFO - Processing /opt/airflow/dags/medalion_dag.py took 0.678 seconds
[2026-03-28T18:49:00.002+0000] {processor.py:157} INFO - Started process (PID=1363) to work on /opt/airflow/dags/medalion_dag.py
[2026-03-28T18:49:00.002+0000] {processor.py:829} INFO - Processing file /opt/airflow/dags/medalion_dag.py for tasks to queue
[2026-03-28T18:49:00.003+0000] {logging_mixin.py:151} INFO - [2026-03-28T18:49:00.003+0000] {dagbag.py:539} INFO - Filling up the DagBag from /opt/airflow/dags/medalion_dag.py
[2026-03-28T18:49:00.344+0000] {processor.py:839} INFO - DAG(s) dict_keys(['hourly_batch_load_silver']) retrieved from /opt/airflow/dags/medalion_dag.py
[2026-03-28T18:49:00.363+0000] {logging_mixin.py:151} INFO - [2026-03-28T18:49:00.362+0000] {dag.py:2915} INFO - Sync 1 DAGs
[2026-03-28T18:49:00.376+0000] {logging_mixin.py:151} INFO - [2026-03-28T18:49:00.376+0000] {dag.py:3696} INFO - Setting next_dagrun for hourly_batch_load_silver to 2026-03-28T17:00:00+00:00, run_after=2026-03-28T18:00:00+00:00
[2026-03-28T18:49:00.388+0000] {processor.py:179} INFO - Processing /opt/airflow/dags/medalion_dag.py took 0.391 seconds
[2026-03-28T18:49:30.782+0000] {processor.py:157} INFO - Started process (PID=1385) to work on /opt/airflow/dags/medalion_dag.py
[2026-03-28T18:49:30.784+0000] {processor.py:829} INFO - Processing file /opt/airflow/dags/medalion_dag.py for tasks to queue
[2026-03-28T18:49:30.784+0000] {logging_mixin.py:151} INFO - [2026-03-28T18:49:30.784+0000] {dagbag.py:539} INFO - Filling up the DagBag from /opt/airflow/dags/medalion_dag.py
[2026-03-28T18:49:31.128+0000] {processor.py:839} INFO - DAG(s) dict_keys(['hourly_batch_load_silver']) retrieved from /opt/airflow/dags/medalion_dag.py
[2026-03-28T18:49:31.193+0000] {logging_mixin.py:151} INFO - [2026-03-28T18:49:31.192+0000] {security.py:708} INFO - Not syncing DAG-level permissions for DAG 'DAG:hourly_batch_load_silver' as access control is unset.
[2026-03-28T18:49:31.193+0000] {logging_mixin.py:151} INFO - [2026-03-28T18:49:31.193+0000] {dag.py:2915} INFO - Sync 1 DAGs
[2026-03-28T18:49:31.207+0000] {logging_mixin.py:151} INFO - [2026-03-28T18:49:31.207+0000] {dag.py:3696} INFO - Setting next_dagrun for hourly_batch_load_silver to 2026-03-28T17:00:00+00:00, run_after=2026-03-28T18:00:00+00:00
[2026-03-28T18:49:31.221+0000] {processor.py:179} INFO - Processing /opt/airflow/dags/medalion_dag.py took 0.442 seconds
[2026-03-28T18:50:01.632+0000] {processor.py:157} INFO - Started process (PID=1407) to work on /opt/airflow/dags/medalion_dag.py
[2026-03-28T18:50:01.632+0000] {processor.py:829} INFO - Processing file /opt/airflow/dags/medalion_dag.py for tasks to queue
[2026-03-28T18:50:01.637+0000] {logging_mixin.py:151} INFO - [2026-03-28T18:50:01.636+0000] {dagbag.py:539} INFO - Filling up the DagBag from /opt/airflow/dags/medalion_dag.py
[2026-03-28T18:50:02.072+0000] {processor.py:839} INFO - DAG(s) dict_keys(['hourly_batch_load_silver']) retrieved from /opt/airflow/dags/medalion_dag.py
[2026-03-28T18:50:02.095+0000] {logging_mixin.py:151} INFO - [2026-03-28T18:50:02.095+0000] {dag.py:2915} INFO - Sync 1 DAGs
[2026-03-28T18:50:02.115+0000] {logging_mixin.py:151} INFO - [2026-03-28T18:50:02.115+0000] {dag.py:3696} INFO - Setting next_dagrun for hourly_batch_load_silver to 2026-03-28T17:00:00+00:00, run_after=2026-03-28T18:00:00+00:00
[2026-03-28T18:50:02.124+0000] {processor.py:179} INFO - Processing /opt/airflow/dags/medalion_dag.py took 0.495 seconds
