[2026-03-28T18:21:03.005+0000] {processor.py:157} INFO - Started process (PID=170) to work on /opt/airflow/dags/sentiment_dag.py
[2026-03-28T18:21:03.011+0000] {processor.py:829} INFO - Processing file /opt/airflow/dags/sentiment_dag.py for tasks to queue
[2026-03-28T18:21:03.018+0000] {logging_mixin.py:151} INFO - [2026-03-28T18:21:03.017+0000] {dagbag.py:539} INFO - Filling up the DagBag from /opt/airflow/dags/sentiment_dag.py
[2026-03-28T18:21:03.077+0000] {processor.py:839} INFO - DAG(s) dict_keys(['market_sentiment_daily']) retrieved from /opt/airflow/dags/sentiment_dag.py
[2026-03-28T18:21:03.164+0000] {logging_mixin.py:151} INFO - [2026-03-28T18:21:03.164+0000] {dag.py:2915} INFO - Sync 1 DAGs
[2026-03-28T18:21:03.206+0000] {logging_mixin.py:151} INFO - [2026-03-28T18:21:03.206+0000] {dag.py:3696} INFO - Setting next_dagrun for market_sentiment_daily to 2026-03-27T03:00:00+00:00, run_after=2026-03-28T03:00:00+00:00
[2026-03-28T18:21:03.221+0000] {processor.py:179} INFO - Processing /opt/airflow/dags/sentiment_dag.py took 0.227 seconds
[2026-03-28T18:21:34.162+0000] {processor.py:157} INFO - Started process (PID=192) to work on /opt/airflow/dags/sentiment_dag.py
[2026-03-28T18:21:34.163+0000] {processor.py:829} INFO - Processing file /opt/airflow/dags/sentiment_dag.py for tasks to queue
[2026-03-28T18:21:34.165+0000] {logging_mixin.py:151} INFO - [2026-03-28T18:21:34.164+0000] {dagbag.py:539} INFO - Filling up the DagBag from /opt/airflow/dags/sentiment_dag.py
[2026-03-28T18:21:34.189+0000] {processor.py:839} INFO - DAG(s) dict_keys(['market_sentiment_daily']) retrieved from /opt/airflow/dags/sentiment_dag.py
[2026-03-28T18:21:34.222+0000] {logging_mixin.py:151} INFO - [2026-03-28T18:21:34.221+0000] {dag.py:2915} INFO - Sync 1 DAGs
[2026-03-28T18:21:34.242+0000] {logging_mixin.py:151} INFO - [2026-03-28T18:21:34.242+0000] {dag.py:3696} INFO - Setting next_dagrun for market_sentiment_daily to 2026-03-27T03:00:00+00:00, run_after=2026-03-28T03:00:00+00:00
[2026-03-28T18:21:34.252+0000] {processor.py:179} INFO - Processing /opt/airflow/dags/sentiment_dag.py took 0.094 seconds
[2026-03-28T18:22:04.677+0000] {processor.py:157} INFO - Started process (PID=214) to work on /opt/airflow/dags/sentiment_dag.py
[2026-03-28T18:22:04.680+0000] {processor.py:829} INFO - Processing file /opt/airflow/dags/sentiment_dag.py for tasks to queue
[2026-03-28T18:22:04.684+0000] {logging_mixin.py:151} INFO - [2026-03-28T18:22:04.683+0000] {dagbag.py:539} INFO - Filling up the DagBag from /opt/airflow/dags/sentiment_dag.py
[2026-03-28T18:22:04.706+0000] {processor.py:839} INFO - DAG(s) dict_keys(['market_sentiment_daily']) retrieved from /opt/airflow/dags/sentiment_dag.py
[2026-03-28T18:22:04.730+0000] {logging_mixin.py:151} INFO - [2026-03-28T18:22:04.730+0000] {dag.py:2915} INFO - Sync 1 DAGs
[2026-03-28T18:22:04.743+0000] {logging_mixin.py:151} INFO - [2026-03-28T18:22:04.743+0000] {dag.py:3696} INFO - Setting next_dagrun for market_sentiment_daily to 2026-03-27T03:00:00+00:00, run_after=2026-03-28T03:00:00+00:00
[2026-03-28T18:22:04.752+0000] {processor.py:179} INFO - Processing /opt/airflow/dags/sentiment_dag.py took 0.083 seconds
[2026-03-28T18:22:35.375+0000] {processor.py:157} INFO - Started process (PID=236) to work on /opt/airflow/dags/sentiment_dag.py
[2026-03-28T18:22:35.376+0000] {processor.py:829} INFO - Processing file /opt/airflow/dags/sentiment_dag.py for tasks to queue
[2026-03-28T18:22:35.378+0000] {logging_mixin.py:151} INFO - [2026-03-28T18:22:35.377+0000] {dagbag.py:539} INFO - Filling up the DagBag from /opt/airflow/dags/sentiment_dag.py
[2026-03-28T18:22:35.403+0000] {processor.py:839} INFO - DAG(s) dict_keys(['market_sentiment_daily']) retrieved from /opt/airflow/dags/sentiment_dag.py
[2026-03-28T18:22:35.446+0000] {logging_mixin.py:151} INFO - [2026-03-28T18:22:35.446+0000] {dag.py:2915} INFO - Sync 1 DAGs
[2026-03-28T18:22:35.491+0000] {logging_mixin.py:151} INFO - [2026-03-28T18:22:35.491+0000] {dag.py:3696} INFO - Setting next_dagrun for market_sentiment_daily to 2026-03-27T03:00:00+00:00, run_after=2026-03-28T03:00:00+00:00
[2026-03-28T18:22:35.502+0000] {processor.py:179} INFO - Processing /opt/airflow/dags/sentiment_dag.py took 0.131 seconds
[2026-03-28T18:23:06.411+0000] {processor.py:157} INFO - Started process (PID=258) to work on /opt/airflow/dags/sentiment_dag.py
[2026-03-28T18:23:06.412+0000] {processor.py:829} INFO - Processing file /opt/airflow/dags/sentiment_dag.py for tasks to queue
[2026-03-28T18:23:06.413+0000] {logging_mixin.py:151} INFO - [2026-03-28T18:23:06.412+0000] {dagbag.py:539} INFO - Filling up the DagBag from /opt/airflow/dags/sentiment_dag.py
[2026-03-28T18:23:06.476+0000] {processor.py:839} INFO - DAG(s) dict_keys(['market_sentiment_daily']) retrieved from /opt/airflow/dags/sentiment_dag.py
[2026-03-28T18:23:06.513+0000] {logging_mixin.py:151} INFO - [2026-03-28T18:23:06.513+0000] {dag.py:2915} INFO - Sync 1 DAGs
[2026-03-28T18:23:06.543+0000] {logging_mixin.py:151} INFO - [2026-03-28T18:23:06.542+0000] {dag.py:3696} INFO - Setting next_dagrun for market_sentiment_daily to 2026-03-27T03:00:00+00:00, run_after=2026-03-28T03:00:00+00:00
[2026-03-28T18:23:06.560+0000] {processor.py:179} INFO - Processing /opt/airflow/dags/sentiment_dag.py took 0.155 seconds
[2026-03-28T18:23:37.538+0000] {processor.py:157} INFO - Started process (PID=280) to work on /opt/airflow/dags/sentiment_dag.py
[2026-03-28T18:23:37.539+0000] {processor.py:829} INFO - Processing file /opt/airflow/dags/sentiment_dag.py for tasks to queue
[2026-03-28T18:23:37.540+0000] {logging_mixin.py:151} INFO - [2026-03-28T18:23:37.540+0000] {dagbag.py:539} INFO - Filling up the DagBag from /opt/airflow/dags/sentiment_dag.py
[2026-03-28T18:23:37.562+0000] {processor.py:839} INFO - DAG(s) dict_keys(['market_sentiment_daily']) retrieved from /opt/airflow/dags/sentiment_dag.py
[2026-03-28T18:23:37.592+0000] {logging_mixin.py:151} INFO - [2026-03-28T18:23:37.592+0000] {dag.py:2915} INFO - Sync 1 DAGs
[2026-03-28T18:23:37.605+0000] {logging_mixin.py:151} INFO - [2026-03-28T18:23:37.605+0000] {dag.py:3696} INFO - Setting next_dagrun for market_sentiment_daily to 2026-03-27T03:00:00+00:00, run_after=2026-03-28T03:00:00+00:00
[2026-03-28T18:23:37.781+0000] {processor.py:179} INFO - Processing /opt/airflow/dags/sentiment_dag.py took 0.247 seconds
[2026-03-28T18:24:07.994+0000] {processor.py:157} INFO - Started process (PID=302) to work on /opt/airflow/dags/sentiment_dag.py
[2026-03-28T18:24:07.995+0000] {processor.py:829} INFO - Processing file /opt/airflow/dags/sentiment_dag.py for tasks to queue
[2026-03-28T18:24:07.995+0000] {logging_mixin.py:151} INFO - [2026-03-28T18:24:07.995+0000] {dagbag.py:539} INFO - Filling up the DagBag from /opt/airflow/dags/sentiment_dag.py
[2026-03-28T18:24:08.011+0000] {processor.py:839} INFO - DAG(s) dict_keys(['market_sentiment_daily']) retrieved from /opt/airflow/dags/sentiment_dag.py
[2026-03-28T18:24:08.050+0000] {logging_mixin.py:151} INFO - [2026-03-28T18:24:08.050+0000] {dag.py:2915} INFO - Sync 1 DAGs
[2026-03-28T18:24:08.259+0000] {logging_mixin.py:151} INFO - [2026-03-28T18:24:08.258+0000] {dag.py:3696} INFO - Setting next_dagrun for market_sentiment_daily to 2026-03-27T03:00:00+00:00, run_after=2026-03-28T03:00:00+00:00
[2026-03-28T18:24:08.266+0000] {processor.py:179} INFO - Processing /opt/airflow/dags/sentiment_dag.py took 0.279 seconds
[2026-03-28T18:24:39.208+0000] {processor.py:157} INFO - Started process (PID=324) to work on /opt/airflow/dags/sentiment_dag.py
[2026-03-28T18:24:39.210+0000] {processor.py:829} INFO - Processing file /opt/airflow/dags/sentiment_dag.py for tasks to queue
[2026-03-28T18:24:39.211+0000] {logging_mixin.py:151} INFO - [2026-03-28T18:24:39.210+0000] {dagbag.py:539} INFO - Filling up the DagBag from /opt/airflow/dags/sentiment_dag.py
[2026-03-28T18:24:39.241+0000] {processor.py:839} INFO - DAG(s) dict_keys(['market_sentiment_daily']) retrieved from /opt/airflow/dags/sentiment_dag.py
[2026-03-28T18:24:39.327+0000] {logging_mixin.py:151} INFO - [2026-03-28T18:24:39.327+0000] {dag.py:2915} INFO - Sync 1 DAGs
[2026-03-28T18:24:39.524+0000] {logging_mixin.py:151} INFO - [2026-03-28T18:24:39.524+0000] {dag.py:3696} INFO - Setting next_dagrun for market_sentiment_daily to 2026-03-27T03:00:00+00:00, run_after=2026-03-28T03:00:00+00:00
[2026-03-28T18:24:39.531+0000] {processor.py:179} INFO - Processing /opt/airflow/dags/sentiment_dag.py took 0.337 seconds
[2026-03-28T18:25:10.408+0000] {processor.py:157} INFO - Started process (PID=346) to work on /opt/airflow/dags/sentiment_dag.py
[2026-03-28T18:25:10.415+0000] {processor.py:829} INFO - Processing file /opt/airflow/dags/sentiment_dag.py for tasks to queue
[2026-03-28T18:25:10.418+0000] {logging_mixin.py:151} INFO - [2026-03-28T18:25:10.418+0000] {dagbag.py:539} INFO - Filling up the DagBag from /opt/airflow/dags/sentiment_dag.py
[2026-03-28T18:25:10.440+0000] {processor.py:839} INFO - DAG(s) dict_keys(['market_sentiment_daily']) retrieved from /opt/airflow/dags/sentiment_dag.py
[2026-03-28T18:25:10.685+0000] {logging_mixin.py:151} INFO - [2026-03-28T18:25:10.685+0000] {dag.py:2915} INFO - Sync 1 DAGs
[2026-03-28T18:25:10.694+0000] {logging_mixin.py:151} INFO - [2026-03-28T18:25:10.694+0000] {dag.py:3696} INFO - Setting next_dagrun for market_sentiment_daily to 2026-03-27T03:00:00+00:00, run_after=2026-03-28T03:00:00+00:00
[2026-03-28T18:25:10.701+0000] {processor.py:179} INFO - Processing /opt/airflow/dags/sentiment_dag.py took 0.299 seconds
[2026-03-28T18:25:41.537+0000] {processor.py:157} INFO - Started process (PID=368) to work on /opt/airflow/dags/sentiment_dag.py
[2026-03-28T18:25:41.538+0000] {processor.py:829} INFO - Processing file /opt/airflow/dags/sentiment_dag.py for tasks to queue
[2026-03-28T18:25:41.539+0000] {logging_mixin.py:151} INFO - [2026-03-28T18:25:41.539+0000] {dagbag.py:539} INFO - Filling up the DagBag from /opt/airflow/dags/sentiment_dag.py
[2026-03-28T18:25:41.737+0000] {processor.py:839} INFO - DAG(s) dict_keys(['market_sentiment_daily']) retrieved from /opt/airflow/dags/sentiment_dag.py
[2026-03-28T18:25:41.772+0000] {logging_mixin.py:151} INFO - [2026-03-28T18:25:41.772+0000] {dag.py:2915} INFO - Sync 1 DAGs
[2026-03-28T18:25:41.782+0000] {logging_mixin.py:151} INFO - [2026-03-28T18:25:41.782+0000] {dag.py:3696} INFO - Setting next_dagrun for market_sentiment_daily to 2026-03-27T03:00:00+00:00, run_after=2026-03-28T03:00:00+00:00
[2026-03-28T18:25:41.790+0000] {processor.py:179} INFO - Processing /opt/airflow/dags/sentiment_dag.py took 0.257 seconds
[2026-03-28T18:26:12.480+0000] {processor.py:157} INFO - Started process (PID=390) to work on /opt/airflow/dags/sentiment_dag.py
[2026-03-28T18:26:12.480+0000] {processor.py:829} INFO - Processing file /opt/airflow/dags/sentiment_dag.py for tasks to queue
[2026-03-28T18:26:12.481+0000] {logging_mixin.py:151} INFO - [2026-03-28T18:26:12.481+0000] {dagbag.py:539} INFO - Filling up the DagBag from /opt/airflow/dags/sentiment_dag.py
[2026-03-28T18:26:12.493+0000] {processor.py:839} INFO - DAG(s) dict_keys(['market_sentiment_daily']) retrieved from /opt/airflow/dags/sentiment_dag.py
[2026-03-28T18:26:12.513+0000] {logging_mixin.py:151} INFO - [2026-03-28T18:26:12.513+0000] {dag.py:2915} INFO - Sync 1 DAGs
[2026-03-28T18:26:12.525+0000] {logging_mixin.py:151} INFO - [2026-03-28T18:26:12.525+0000] {dag.py:3696} INFO - Setting next_dagrun for market_sentiment_daily to 2026-03-27T03:00:00+00:00, run_after=2026-03-28T03:00:00+00:00
[2026-03-28T18:26:12.534+0000] {processor.py:179} INFO - Processing /opt/airflow/dags/sentiment_dag.py took 0.057 seconds
[2026-03-28T18:26:43.319+0000] {processor.py:157} INFO - Started process (PID=412) to work on /opt/airflow/dags/sentiment_dag.py
[2026-03-28T18:26:43.322+0000] {processor.py:829} INFO - Processing file /opt/airflow/dags/sentiment_dag.py for tasks to queue
[2026-03-28T18:26:43.322+0000] {logging_mixin.py:151} INFO - [2026-03-28T18:26:43.322+0000] {dagbag.py:539} INFO - Filling up the DagBag from /opt/airflow/dags/sentiment_dag.py
[2026-03-28T18:26:43.336+0000] {processor.py:839} INFO - DAG(s) dict_keys(['market_sentiment_daily']) retrieved from /opt/airflow/dags/sentiment_dag.py
[2026-03-28T18:26:43.361+0000] {logging_mixin.py:151} INFO - [2026-03-28T18:26:43.361+0000] {dag.py:2915} INFO - Sync 1 DAGs
[2026-03-28T18:26:43.377+0000] {logging_mixin.py:151} INFO - [2026-03-28T18:26:43.377+0000] {dag.py:3696} INFO - Setting next_dagrun for market_sentiment_daily to 2026-03-27T03:00:00+00:00, run_after=2026-03-28T03:00:00+00:00
[2026-03-28T18:26:43.385+0000] {processor.py:179} INFO - Processing /opt/airflow/dags/sentiment_dag.py took 0.081 seconds
[2026-03-28T18:27:13.949+0000] {processor.py:157} INFO - Started process (PID=434) to work on /opt/airflow/dags/sentiment_dag.py
[2026-03-28T18:27:13.952+0000] {processor.py:829} INFO - Processing file /opt/airflow/dags/sentiment_dag.py for tasks to queue
[2026-03-28T18:27:13.955+0000] {logging_mixin.py:151} INFO - [2026-03-28T18:27:13.954+0000] {dagbag.py:539} INFO - Filling up the DagBag from /opt/airflow/dags/sentiment_dag.py
[2026-03-28T18:27:13.997+0000] {processor.py:839} INFO - DAG(s) dict_keys(['market_sentiment_daily']) retrieved from /opt/airflow/dags/sentiment_dag.py
[2026-03-28T18:27:14.074+0000] {logging_mixin.py:151} INFO - [2026-03-28T18:27:14.074+0000] {dag.py:2915} INFO - Sync 1 DAGs
[2026-03-28T18:27:14.095+0000] {logging_mixin.py:151} INFO - [2026-03-28T18:27:14.095+0000] {dag.py:3696} INFO - Setting next_dagrun for market_sentiment_daily to 2026-03-27T03:00:00+00:00, run_after=2026-03-28T03:00:00+00:00
[2026-03-28T18:27:14.116+0000] {processor.py:179} INFO - Processing /opt/airflow/dags/sentiment_dag.py took 0.173 seconds
[2026-03-28T18:27:44.738+0000] {processor.py:157} INFO - Started process (PID=456) to work on /opt/airflow/dags/sentiment_dag.py
[2026-03-28T18:27:44.739+0000] {processor.py:829} INFO - Processing file /opt/airflow/dags/sentiment_dag.py for tasks to queue
[2026-03-28T18:27:44.739+0000] {logging_mixin.py:151} INFO - [2026-03-28T18:27:44.739+0000] {dagbag.py:539} INFO - Filling up the DagBag from /opt/airflow/dags/sentiment_dag.py
[2026-03-28T18:27:44.758+0000] {processor.py:839} INFO - DAG(s) dict_keys(['market_sentiment_daily']) retrieved from /opt/airflow/dags/sentiment_dag.py
[2026-03-28T18:27:44.823+0000] {logging_mixin.py:151} INFO - [2026-03-28T18:27:44.823+0000] {dag.py:2915} INFO - Sync 1 DAGs
[2026-03-28T18:27:44.883+0000] {logging_mixin.py:151} INFO - [2026-03-28T18:27:44.883+0000] {dag.py:3696} INFO - Setting next_dagrun for market_sentiment_daily to 2026-03-27T03:00:00+00:00, run_after=2026-03-28T03:00:00+00:00
[2026-03-28T18:27:44.901+0000] {processor.py:179} INFO - Processing /opt/airflow/dags/sentiment_dag.py took 0.167 seconds
[2026-03-28T18:28:15.867+0000] {processor.py:157} INFO - Started process (PID=478) to work on /opt/airflow/dags/sentiment_dag.py
[2026-03-28T18:28:15.868+0000] {processor.py:829} INFO - Processing file /opt/airflow/dags/sentiment_dag.py for tasks to queue
[2026-03-28T18:28:15.868+0000] {logging_mixin.py:151} INFO - [2026-03-28T18:28:15.868+0000] {dagbag.py:539} INFO - Filling up the DagBag from /opt/airflow/dags/sentiment_dag.py
[2026-03-28T18:28:15.881+0000] {processor.py:839} INFO - DAG(s) dict_keys(['market_sentiment_daily']) retrieved from /opt/airflow/dags/sentiment_dag.py
[2026-03-28T18:28:15.898+0000] {logging_mixin.py:151} INFO - [2026-03-28T18:28:15.898+0000] {dag.py:2915} INFO - Sync 1 DAGs
[2026-03-28T18:28:15.909+0000] {logging_mixin.py:151} INFO - [2026-03-28T18:28:15.909+0000] {dag.py:3696} INFO - Setting next_dagrun for market_sentiment_daily to 2026-03-27T03:00:00+00:00, run_after=2026-03-28T03:00:00+00:00
[2026-03-28T18:28:15.918+0000] {processor.py:179} INFO - Processing /opt/airflow/dags/sentiment_dag.py took 0.055 seconds
[2026-03-28T18:28:46.576+0000] {processor.py:157} INFO - Started process (PID=500) to work on /opt/airflow/dags/sentiment_dag.py
[2026-03-28T18:28:46.577+0000] {processor.py:829} INFO - Processing file /opt/airflow/dags/sentiment_dag.py for tasks to queue
[2026-03-28T18:28:46.578+0000] {logging_mixin.py:151} INFO - [2026-03-28T18:28:46.578+0000] {dagbag.py:539} INFO - Filling up the DagBag from /opt/airflow/dags/sentiment_dag.py
[2026-03-28T18:28:46.595+0000] {processor.py:839} INFO - DAG(s) dict_keys(['market_sentiment_daily']) retrieved from /opt/airflow/dags/sentiment_dag.py
[2026-03-28T18:28:46.621+0000] {logging_mixin.py:151} INFO - [2026-03-28T18:28:46.621+0000] {dag.py:2915} INFO - Sync 1 DAGs
[2026-03-28T18:28:46.637+0000] {logging_mixin.py:151} INFO - [2026-03-28T18:28:46.636+0000] {dag.py:3696} INFO - Setting next_dagrun for market_sentiment_daily to 2026-03-27T03:00:00+00:00, run_after=2026-03-28T03:00:00+00:00
[2026-03-28T18:28:46.646+0000] {processor.py:179} INFO - Processing /opt/airflow/dags/sentiment_dag.py took 0.074 seconds
[2026-03-28T18:29:17.655+0000] {processor.py:157} INFO - Started process (PID=522) to work on /opt/airflow/dags/sentiment_dag.py
[2026-03-28T18:29:17.656+0000] {processor.py:829} INFO - Processing file /opt/airflow/dags/sentiment_dag.py for tasks to queue
[2026-03-28T18:29:17.657+0000] {logging_mixin.py:151} INFO - [2026-03-28T18:29:17.657+0000] {dagbag.py:539} INFO - Filling up the DagBag from /opt/airflow/dags/sentiment_dag.py
[2026-03-28T18:29:17.686+0000] {processor.py:839} INFO - DAG(s) dict_keys(['market_sentiment_daily']) retrieved from /opt/airflow/dags/sentiment_dag.py
[2026-03-28T18:29:17.724+0000] {logging_mixin.py:151} INFO - [2026-03-28T18:29:17.724+0000] {dag.py:2915} INFO - Sync 1 DAGs
[2026-03-28T18:29:17.761+0000] {logging_mixin.py:151} INFO - [2026-03-28T18:29:17.761+0000] {dag.py:3696} INFO - Setting next_dagrun for market_sentiment_daily to 2026-03-27T03:00:00+00:00, run_after=2026-03-28T03:00:00+00:00
[2026-03-28T18:29:17.771+0000] {processor.py:179} INFO - Processing /opt/airflow/dags/sentiment_dag.py took 0.121 seconds
[2026-03-28T18:29:48.230+0000] {processor.py:157} INFO - Started process (PID=544) to work on /opt/airflow/dags/sentiment_dag.py
[2026-03-28T18:29:48.231+0000] {processor.py:829} INFO - Processing file /opt/airflow/dags/sentiment_dag.py for tasks to queue
[2026-03-28T18:29:48.232+0000] {logging_mixin.py:151} INFO - [2026-03-28T18:29:48.231+0000] {dagbag.py:539} INFO - Filling up the DagBag from /opt/airflow/dags/sentiment_dag.py
[2026-03-28T18:29:48.276+0000] {processor.py:839} INFO - DAG(s) dict_keys(['market_sentiment_daily']) retrieved from /opt/airflow/dags/sentiment_dag.py
[2026-03-28T18:29:48.356+0000] {logging_mixin.py:151} INFO - [2026-03-28T18:29:48.356+0000] {dag.py:2915} INFO - Sync 1 DAGs
[2026-03-28T18:29:48.377+0000] {logging_mixin.py:151} INFO - [2026-03-28T18:29:48.376+0000] {dag.py:3696} INFO - Setting next_dagrun for market_sentiment_daily to 2026-03-27T03:00:00+00:00, run_after=2026-03-28T03:00:00+00:00
[2026-03-28T18:29:48.396+0000] {processor.py:179} INFO - Processing /opt/airflow/dags/sentiment_dag.py took 0.171 seconds
[2026-03-28T18:30:18.934+0000] {processor.py:157} INFO - Started process (PID=566) to work on /opt/airflow/dags/sentiment_dag.py
[2026-03-28T18:30:18.936+0000] {processor.py:829} INFO - Processing file /opt/airflow/dags/sentiment_dag.py for tasks to queue
[2026-03-28T18:30:18.937+0000] {logging_mixin.py:151} INFO - [2026-03-28T18:30:18.937+0000] {dagbag.py:539} INFO - Filling up the DagBag from /opt/airflow/dags/sentiment_dag.py
[2026-03-28T18:30:19.012+0000] {processor.py:839} INFO - DAG(s) dict_keys(['market_sentiment_daily']) retrieved from /opt/airflow/dags/sentiment_dag.py
[2026-03-28T18:30:19.057+0000] {logging_mixin.py:151} INFO - [2026-03-28T18:30:19.057+0000] {dag.py:2915} INFO - Sync 1 DAGs
[2026-03-28T18:30:19.085+0000] {logging_mixin.py:151} INFO - [2026-03-28T18:30:19.084+0000] {dag.py:3696} INFO - Setting next_dagrun for market_sentiment_daily to 2026-03-27T03:00:00+00:00, run_after=2026-03-28T03:00:00+00:00
[2026-03-28T18:30:19.101+0000] {processor.py:179} INFO - Processing /opt/airflow/dags/sentiment_dag.py took 0.173 seconds
[2026-03-28T18:30:49.720+0000] {processor.py:157} INFO - Started process (PID=588) to work on /opt/airflow/dags/sentiment_dag.py
[2026-03-28T18:30:49.721+0000] {processor.py:829} INFO - Processing file /opt/airflow/dags/sentiment_dag.py for tasks to queue
[2026-03-28T18:30:49.722+0000] {logging_mixin.py:151} INFO - [2026-03-28T18:30:49.722+0000] {dagbag.py:539} INFO - Filling up the DagBag from /opt/airflow/dags/sentiment_dag.py
[2026-03-28T18:30:49.746+0000] {processor.py:839} INFO - DAG(s) dict_keys(['market_sentiment_daily']) retrieved from /opt/airflow/dags/sentiment_dag.py
[2026-03-28T18:30:49.797+0000] {logging_mixin.py:151} INFO - [2026-03-28T18:30:49.797+0000] {dag.py:2915} INFO - Sync 1 DAGs
[2026-03-28T18:30:49.815+0000] {logging_mixin.py:151} INFO - [2026-03-28T18:30:49.815+0000] {dag.py:3696} INFO - Setting next_dagrun for market_sentiment_daily to 2026-03-27T03:00:00+00:00, run_after=2026-03-28T03:00:00+00:00
[2026-03-28T18:30:49.829+0000] {processor.py:179} INFO - Processing /opt/airflow/dags/sentiment_dag.py took 0.114 seconds
[2026-03-28T18:31:20.012+0000] {processor.py:157} INFO - Started process (PID=610) to work on /opt/airflow/dags/sentiment_dag.py
[2026-03-28T18:31:20.013+0000] {processor.py:829} INFO - Processing file /opt/airflow/dags/sentiment_dag.py for tasks to queue
[2026-03-28T18:31:20.015+0000] {logging_mixin.py:151} INFO - [2026-03-28T18:31:20.014+0000] {dagbag.py:539} INFO - Filling up the DagBag from /opt/airflow/dags/sentiment_dag.py
[2026-03-28T18:31:20.037+0000] {processor.py:839} INFO - DAG(s) dict_keys(['market_sentiment_daily']) retrieved from /opt/airflow/dags/sentiment_dag.py
[2026-03-28T18:31:20.069+0000] {logging_mixin.py:151} INFO - [2026-03-28T18:31:20.069+0000] {dag.py:2915} INFO - Sync 1 DAGs
[2026-03-28T18:31:20.088+0000] {logging_mixin.py:151} INFO - [2026-03-28T18:31:20.088+0000] {dag.py:3696} INFO - Setting next_dagrun for market_sentiment_daily to 2026-03-27T03:00:00+00:00, run_after=2026-03-28T03:00:00+00:00
[2026-03-28T18:31:20.098+0000] {processor.py:179} INFO - Processing /opt/airflow/dags/sentiment_dag.py took 0.092 seconds
[2026-03-28T18:31:50.755+0000] {processor.py:157} INFO - Started process (PID=632) to work on /opt/airflow/dags/sentiment_dag.py
[2026-03-28T18:31:50.759+0000] {processor.py:829} INFO - Processing file /opt/airflow/dags/sentiment_dag.py for tasks to queue
[2026-03-28T18:31:50.762+0000] {logging_mixin.py:151} INFO - [2026-03-28T18:31:50.761+0000] {dagbag.py:539} INFO - Filling up the DagBag from /opt/airflow/dags/sentiment_dag.py
[2026-03-28T18:31:50.798+0000] {processor.py:839} INFO - DAG(s) dict_keys(['market_sentiment_daily']) retrieved from /opt/airflow/dags/sentiment_dag.py
[2026-03-28T18:31:50.835+0000] {logging_mixin.py:151} INFO - [2026-03-28T18:31:50.834+0000] {dag.py:2915} INFO - Sync 1 DAGs
[2026-03-28T18:31:50.856+0000] {logging_mixin.py:151} INFO - [2026-03-28T18:31:50.856+0000] {dag.py:3696} INFO - Setting next_dagrun for market_sentiment_daily to 2026-03-27T03:00:00+00:00, run_after=2026-03-28T03:00:00+00:00
[2026-03-28T18:31:50.868+0000] {processor.py:179} INFO - Processing /opt/airflow/dags/sentiment_dag.py took 0.118 seconds
[2026-03-28T18:32:21.575+0000] {processor.py:157} INFO - Started process (PID=654) to work on /opt/airflow/dags/sentiment_dag.py
[2026-03-28T18:32:21.576+0000] {processor.py:829} INFO - Processing file /opt/airflow/dags/sentiment_dag.py for tasks to queue
[2026-03-28T18:32:21.577+0000] {logging_mixin.py:151} INFO - [2026-03-28T18:32:21.577+0000] {dagbag.py:539} INFO - Filling up the DagBag from /opt/airflow/dags/sentiment_dag.py
[2026-03-28T18:32:21.596+0000] {processor.py:839} INFO - DAG(s) dict_keys(['market_sentiment_daily']) retrieved from /opt/airflow/dags/sentiment_dag.py
[2026-03-28T18:32:21.627+0000] {logging_mixin.py:151} INFO - [2026-03-28T18:32:21.627+0000] {dag.py:2915} INFO - Sync 1 DAGs
[2026-03-28T18:32:21.649+0000] {logging_mixin.py:151} INFO - [2026-03-28T18:32:21.648+0000] {dag.py:3696} INFO - Setting next_dagrun for market_sentiment_daily to 2026-03-27T03:00:00+00:00, run_after=2026-03-28T03:00:00+00:00
[2026-03-28T18:32:21.659+0000] {processor.py:179} INFO - Processing /opt/airflow/dags/sentiment_dag.py took 0.089 seconds
[2026-03-28T18:32:52.549+0000] {processor.py:157} INFO - Started process (PID=676) to work on /opt/airflow/dags/sentiment_dag.py
[2026-03-28T18:32:52.551+0000] {processor.py:829} INFO - Processing file /opt/airflow/dags/sentiment_dag.py for tasks to queue
[2026-03-28T18:32:52.552+0000] {logging_mixin.py:151} INFO - [2026-03-28T18:32:52.552+0000] {dagbag.py:539} INFO - Filling up the DagBag from /opt/airflow/dags/sentiment_dag.py
[2026-03-28T18:32:52.584+0000] {processor.py:839} INFO - DAG(s) dict_keys(['market_sentiment_daily']) retrieved from /opt/airflow/dags/sentiment_dag.py
[2026-03-28T18:32:52.631+0000] {logging_mixin.py:151} INFO - [2026-03-28T18:32:52.631+0000] {dag.py:2915} INFO - Sync 1 DAGs
[2026-03-28T18:32:52.656+0000] {logging_mixin.py:151} INFO - [2026-03-28T18:32:52.656+0000] {dag.py:3696} INFO - Setting next_dagrun for market_sentiment_daily to 2026-03-27T03:00:00+00:00, run_after=2026-03-28T03:00:00+00:00
[2026-03-28T18:32:52.670+0000] {processor.py:179} INFO - Processing /opt/airflow/dags/sentiment_dag.py took 0.134 seconds
[2026-03-28T18:33:23.331+0000] {processor.py:157} INFO - Started process (PID=698) to work on /opt/airflow/dags/sentiment_dag.py
[2026-03-28T18:33:23.332+0000] {processor.py:829} INFO - Processing file /opt/airflow/dags/sentiment_dag.py for tasks to queue
[2026-03-28T18:33:23.332+0000] {logging_mixin.py:151} INFO - [2026-03-28T18:33:23.332+0000] {dagbag.py:539} INFO - Filling up the DagBag from /opt/airflow/dags/sentiment_dag.py
[2026-03-28T18:33:23.357+0000] {processor.py:839} INFO - DAG(s) dict_keys(['market_sentiment_daily']) retrieved from /opt/airflow/dags/sentiment_dag.py
[2026-03-28T18:33:23.390+0000] {logging_mixin.py:151} INFO - [2026-03-28T18:33:23.390+0000] {dag.py:2915} INFO - Sync 1 DAGs
[2026-03-28T18:33:23.415+0000] {logging_mixin.py:151} INFO - [2026-03-28T18:33:23.415+0000] {dag.py:3696} INFO - Setting next_dagrun for market_sentiment_daily to 2026-03-27T03:00:00+00:00, run_after=2026-03-28T03:00:00+00:00
[2026-03-28T18:33:23.437+0000] {processor.py:179} INFO - Processing /opt/airflow/dags/sentiment_dag.py took 0.112 seconds
[2026-03-28T18:33:54.201+0000] {processor.py:157} INFO - Started process (PID=720) to work on /opt/airflow/dags/sentiment_dag.py
[2026-03-28T18:33:54.202+0000] {processor.py:829} INFO - Processing file /opt/airflow/dags/sentiment_dag.py for tasks to queue
[2026-03-28T18:33:54.203+0000] {logging_mixin.py:151} INFO - [2026-03-28T18:33:54.202+0000] {dagbag.py:539} INFO - Filling up the DagBag from /opt/airflow/dags/sentiment_dag.py
[2026-03-28T18:33:54.227+0000] {processor.py:839} INFO - DAG(s) dict_keys(['market_sentiment_daily']) retrieved from /opt/airflow/dags/sentiment_dag.py
[2026-03-28T18:33:54.253+0000] {logging_mixin.py:151} INFO - [2026-03-28T18:33:54.253+0000] {dag.py:2915} INFO - Sync 1 DAGs
[2026-03-28T18:33:54.272+0000] {logging_mixin.py:151} INFO - [2026-03-28T18:33:54.272+0000] {dag.py:3696} INFO - Setting next_dagrun for market_sentiment_daily to 2026-03-27T03:00:00+00:00, run_after=2026-03-28T03:00:00+00:00
[2026-03-28T18:33:54.287+0000] {processor.py:179} INFO - Processing /opt/airflow/dags/sentiment_dag.py took 0.091 seconds
[2026-03-28T18:34:25.078+0000] {processor.py:157} INFO - Started process (PID=742) to work on /opt/airflow/dags/sentiment_dag.py
[2026-03-28T18:34:25.079+0000] {processor.py:829} INFO - Processing file /opt/airflow/dags/sentiment_dag.py for tasks to queue
[2026-03-28T18:34:25.080+0000] {logging_mixin.py:151} INFO - [2026-03-28T18:34:25.080+0000] {dagbag.py:539} INFO - Filling up the DagBag from /opt/airflow/dags/sentiment_dag.py
[2026-03-28T18:34:25.102+0000] {processor.py:839} INFO - DAG(s) dict_keys(['market_sentiment_daily']) retrieved from /opt/airflow/dags/sentiment_dag.py
[2026-03-28T18:34:25.140+0000] {logging_mixin.py:151} INFO - [2026-03-28T18:34:25.140+0000] {dag.py:2915} INFO - Sync 1 DAGs
[2026-03-28T18:34:25.177+0000] {logging_mixin.py:151} INFO - [2026-03-28T18:34:25.177+0000] {dag.py:3696} INFO - Setting next_dagrun for market_sentiment_daily to 2026-03-27T03:00:00+00:00, run_after=2026-03-28T03:00:00+00:00
[2026-03-28T18:34:25.189+0000] {processor.py:179} INFO - Processing /opt/airflow/dags/sentiment_dag.py took 0.120 seconds
[2026-03-28T18:34:56.089+0000] {processor.py:157} INFO - Started process (PID=764) to work on /opt/airflow/dags/sentiment_dag.py
[2026-03-28T18:34:56.089+0000] {processor.py:829} INFO - Processing file /opt/airflow/dags/sentiment_dag.py for tasks to queue
[2026-03-28T18:34:56.090+0000] {logging_mixin.py:151} INFO - [2026-03-28T18:34:56.090+0000] {dagbag.py:539} INFO - Filling up the DagBag from /opt/airflow/dags/sentiment_dag.py
[2026-03-28T18:34:56.112+0000] {processor.py:839} INFO - DAG(s) dict_keys(['market_sentiment_daily']) retrieved from /opt/airflow/dags/sentiment_dag.py
[2026-03-28T18:34:56.141+0000] {logging_mixin.py:151} INFO - [2026-03-28T18:34:56.140+0000] {dag.py:2915} INFO - Sync 1 DAGs
[2026-03-28T18:34:56.159+0000] {logging_mixin.py:151} INFO - [2026-03-28T18:34:56.159+0000] {dag.py:3696} INFO - Setting next_dagrun for market_sentiment_daily to 2026-03-27T03:00:00+00:00, run_after=2026-03-28T03:00:00+00:00
[2026-03-28T18:34:56.185+0000] {processor.py:179} INFO - Processing /opt/airflow/dags/sentiment_dag.py took 0.100 seconds
[2026-03-28T18:35:26.975+0000] {processor.py:157} INFO - Started process (PID=786) to work on /opt/airflow/dags/sentiment_dag.py
[2026-03-28T18:35:26.977+0000] {processor.py:829} INFO - Processing file /opt/airflow/dags/sentiment_dag.py for tasks to queue
[2026-03-28T18:35:26.981+0000] {logging_mixin.py:151} INFO - [2026-03-28T18:35:26.980+0000] {dagbag.py:539} INFO - Filling up the DagBag from /opt/airflow/dags/sentiment_dag.py
[2026-03-28T18:35:27.015+0000] {processor.py:839} INFO - DAG(s) dict_keys(['market_sentiment_daily']) retrieved from /opt/airflow/dags/sentiment_dag.py
[2026-03-28T18:35:27.076+0000] {logging_mixin.py:151} INFO - [2026-03-28T18:35:27.076+0000] {dag.py:2915} INFO - Sync 1 DAGs
[2026-03-28T18:35:27.104+0000] {logging_mixin.py:151} INFO - [2026-03-28T18:35:27.104+0000] {dag.py:3696} INFO - Setting next_dagrun for market_sentiment_daily to 2026-03-27T03:00:00+00:00, run_after=2026-03-28T03:00:00+00:00
[2026-03-28T18:35:27.125+0000] {processor.py:179} INFO - Processing /opt/airflow/dags/sentiment_dag.py took 0.161 seconds
[2026-03-28T18:35:57.894+0000] {processor.py:157} INFO - Started process (PID=808) to work on /opt/airflow/dags/sentiment_dag.py
[2026-03-28T18:35:57.896+0000] {processor.py:829} INFO - Processing file /opt/airflow/dags/sentiment_dag.py for tasks to queue
[2026-03-28T18:35:57.897+0000] {logging_mixin.py:151} INFO - [2026-03-28T18:35:57.896+0000] {dagbag.py:539} INFO - Filling up the DagBag from /opt/airflow/dags/sentiment_dag.py
[2026-03-28T18:35:57.917+0000] {processor.py:839} INFO - DAG(s) dict_keys(['market_sentiment_daily']) retrieved from /opt/airflow/dags/sentiment_dag.py
[2026-03-28T18:35:57.945+0000] {logging_mixin.py:151} INFO - [2026-03-28T18:35:57.945+0000] {dag.py:2915} INFO - Sync 1 DAGs
[2026-03-28T18:35:57.981+0000] {logging_mixin.py:151} INFO - [2026-03-28T18:35:57.980+0000] {dag.py:3696} INFO - Setting next_dagrun for market_sentiment_daily to 2026-03-27T03:00:00+00:00, run_after=2026-03-28T03:00:00+00:00
[2026-03-28T18:35:57.992+0000] {processor.py:179} INFO - Processing /opt/airflow/dags/sentiment_dag.py took 0.102 seconds
[2026-03-28T18:36:28.059+0000] {processor.py:157} INFO - Started process (PID=830) to work on /opt/airflow/dags/sentiment_dag.py
[2026-03-28T18:36:28.060+0000] {processor.py:829} INFO - Processing file /opt/airflow/dags/sentiment_dag.py for tasks to queue
[2026-03-28T18:36:28.061+0000] {logging_mixin.py:151} INFO - [2026-03-28T18:36:28.061+0000] {dagbag.py:539} INFO - Filling up the DagBag from /opt/airflow/dags/sentiment_dag.py
[2026-03-28T18:36:28.081+0000] {processor.py:839} INFO - DAG(s) dict_keys(['market_sentiment_daily']) retrieved from /opt/airflow/dags/sentiment_dag.py
[2026-03-28T18:36:28.133+0000] {logging_mixin.py:151} INFO - [2026-03-28T18:36:28.133+0000] {dag.py:2915} INFO - Sync 1 DAGs
[2026-03-28T18:36:28.151+0000] {logging_mixin.py:151} INFO - [2026-03-28T18:36:28.151+0000] {dag.py:3696} INFO - Setting next_dagrun for market_sentiment_daily to 2026-03-27T03:00:00+00:00, run_after=2026-03-28T03:00:00+00:00
[2026-03-28T18:36:28.162+0000] {processor.py:179} INFO - Processing /opt/airflow/dags/sentiment_dag.py took 0.111 seconds
[2026-03-28T18:36:58.867+0000] {processor.py:157} INFO - Started process (PID=852) to work on /opt/airflow/dags/sentiment_dag.py
[2026-03-28T18:36:58.884+0000] {processor.py:829} INFO - Processing file /opt/airflow/dags/sentiment_dag.py for tasks to queue
[2026-03-28T18:36:58.911+0000] {logging_mixin.py:151} INFO - [2026-03-28T18:36:58.910+0000] {dagbag.py:539} INFO - Filling up the DagBag from /opt/airflow/dags/sentiment_dag.py
[2026-03-28T18:36:58.977+0000] {processor.py:839} INFO - DAG(s) dict_keys(['market_sentiment_daily']) retrieved from /opt/airflow/dags/sentiment_dag.py
[2026-03-28T18:36:59.034+0000] {logging_mixin.py:151} INFO - [2026-03-28T18:36:59.034+0000] {dag.py:2915} INFO - Sync 1 DAGs
[2026-03-28T18:36:59.056+0000] {logging_mixin.py:151} INFO - [2026-03-28T18:36:59.056+0000] {dag.py:3696} INFO - Setting next_dagrun for market_sentiment_daily to 2026-03-27T03:00:00+00:00, run_after=2026-03-28T03:00:00+00:00
[2026-03-28T18:36:59.069+0000] {processor.py:179} INFO - Processing /opt/airflow/dags/sentiment_dag.py took 0.225 seconds
[2026-03-28T18:37:29.911+0000] {processor.py:157} INFO - Started process (PID=874) to work on /opt/airflow/dags/sentiment_dag.py
[2026-03-28T18:37:29.913+0000] {processor.py:829} INFO - Processing file /opt/airflow/dags/sentiment_dag.py for tasks to queue
[2026-03-28T18:37:29.914+0000] {logging_mixin.py:151} INFO - [2026-03-28T18:37:29.914+0000] {dagbag.py:539} INFO - Filling up the DagBag from /opt/airflow/dags/sentiment_dag.py
[2026-03-28T18:37:29.953+0000] {processor.py:839} INFO - DAG(s) dict_keys(['market_sentiment_daily']) retrieved from /opt/airflow/dags/sentiment_dag.py
[2026-03-28T18:37:29.997+0000] {logging_mixin.py:151} INFO - [2026-03-28T18:37:29.997+0000] {dag.py:2915} INFO - Sync 1 DAGs
[2026-03-28T18:37:30.014+0000] {logging_mixin.py:151} INFO - [2026-03-28T18:37:30.014+0000] {dag.py:3696} INFO - Setting next_dagrun for market_sentiment_daily to 2026-03-27T03:00:00+00:00, run_after=2026-03-28T03:00:00+00:00
[2026-03-28T18:37:30.025+0000] {processor.py:179} INFO - Processing /opt/airflow/dags/sentiment_dag.py took 0.120 seconds
[2026-03-28T18:38:01.050+0000] {processor.py:157} INFO - Started process (PID=896) to work on /opt/airflow/dags/sentiment_dag.py
[2026-03-28T18:38:01.051+0000] {processor.py:829} INFO - Processing file /opt/airflow/dags/sentiment_dag.py for tasks to queue
[2026-03-28T18:38:01.053+0000] {logging_mixin.py:151} INFO - [2026-03-28T18:38:01.052+0000] {dagbag.py:539} INFO - Filling up the DagBag from /opt/airflow/dags/sentiment_dag.py
[2026-03-28T18:38:01.106+0000] {processor.py:839} INFO - DAG(s) dict_keys(['market_sentiment_daily']) retrieved from /opt/airflow/dags/sentiment_dag.py
[2026-03-28T18:38:01.175+0000] {logging_mixin.py:151} INFO - [2026-03-28T18:38:01.175+0000] {dag.py:2915} INFO - Sync 1 DAGs
[2026-03-28T18:38:01.205+0000] {logging_mixin.py:151} INFO - [2026-03-28T18:38:01.205+0000] {dag.py:3696} INFO - Setting next_dagrun for market_sentiment_daily to 2026-03-27T03:00:00+00:00, run_after=2026-03-28T03:00:00+00:00
[2026-03-28T18:38:01.219+0000] {processor.py:179} INFO - Processing /opt/airflow/dags/sentiment_dag.py took 0.181 seconds
[2026-03-28T18:38:31.862+0000] {processor.py:157} INFO - Started process (PID=918) to work on /opt/airflow/dags/sentiment_dag.py
[2026-03-28T18:38:31.866+0000] {processor.py:829} INFO - Processing file /opt/airflow/dags/sentiment_dag.py for tasks to queue
[2026-03-28T18:38:31.868+0000] {logging_mixin.py:151} INFO - [2026-03-28T18:38:31.867+0000] {dagbag.py:539} INFO - Filling up the DagBag from /opt/airflow/dags/sentiment_dag.py
[2026-03-28T18:38:31.901+0000] {processor.py:839} INFO - DAG(s) dict_keys(['market_sentiment_daily']) retrieved from /opt/airflow/dags/sentiment_dag.py
[2026-03-28T18:38:31.943+0000] {logging_mixin.py:151} INFO - [2026-03-28T18:38:31.942+0000] {dag.py:2915} INFO - Sync 1 DAGs
[2026-03-28T18:38:31.966+0000] {logging_mixin.py:151} INFO - [2026-03-28T18:38:31.966+0000] {dag.py:3696} INFO - Setting next_dagrun for market_sentiment_daily to 2026-03-27T03:00:00+00:00, run_after=2026-03-28T03:00:00+00:00
[2026-03-28T18:38:31.978+0000] {processor.py:179} INFO - Processing /opt/airflow/dags/sentiment_dag.py took 0.121 seconds
[2026-03-28T18:39:02.770+0000] {processor.py:157} INFO - Started process (PID=940) to work on /opt/airflow/dags/sentiment_dag.py
[2026-03-28T18:39:02.770+0000] {processor.py:829} INFO - Processing file /opt/airflow/dags/sentiment_dag.py for tasks to queue
[2026-03-28T18:39:02.771+0000] {logging_mixin.py:151} INFO - [2026-03-28T18:39:02.771+0000] {dagbag.py:539} INFO - Filling up the DagBag from /opt/airflow/dags/sentiment_dag.py
[2026-03-28T18:39:02.795+0000] {processor.py:839} INFO - DAG(s) dict_keys(['market_sentiment_daily']) retrieved from /opt/airflow/dags/sentiment_dag.py
[2026-03-28T18:39:02.834+0000] {logging_mixin.py:151} INFO - [2026-03-28T18:39:02.834+0000] {dag.py:2915} INFO - Sync 1 DAGs
[2026-03-28T18:39:02.853+0000] {logging_mixin.py:151} INFO - [2026-03-28T18:39:02.853+0000] {dag.py:3696} INFO - Setting next_dagrun for market_sentiment_daily to 2026-03-27T03:00:00+00:00, run_after=2026-03-28T03:00:00+00:00
[2026-03-28T18:39:02.863+0000] {processor.py:179} INFO - Processing /opt/airflow/dags/sentiment_dag.py took 0.096 seconds
[2026-03-28T18:39:33.595+0000] {processor.py:157} INFO - Started process (PID=962) to work on /opt/airflow/dags/sentiment_dag.py
[2026-03-28T18:39:33.596+0000] {processor.py:829} INFO - Processing file /opt/airflow/dags/sentiment_dag.py for tasks to queue
[2026-03-28T18:39:33.597+0000] {logging_mixin.py:151} INFO - [2026-03-28T18:39:33.596+0000] {dagbag.py:539} INFO - Filling up the DagBag from /opt/airflow/dags/sentiment_dag.py
[2026-03-28T18:39:33.619+0000] {processor.py:839} INFO - DAG(s) dict_keys(['market_sentiment_daily']) retrieved from /opt/airflow/dags/sentiment_dag.py
[2026-03-28T18:39:33.651+0000] {logging_mixin.py:151} INFO - [2026-03-28T18:39:33.651+0000] {dag.py:2915} INFO - Sync 1 DAGs
[2026-03-28T18:39:33.667+0000] {logging_mixin.py:151} INFO - [2026-03-28T18:39:33.667+0000] {dag.py:3696} INFO - Setting next_dagrun for market_sentiment_daily to 2026-03-27T03:00:00+00:00, run_after=2026-03-28T03:00:00+00:00
[2026-03-28T18:39:33.682+0000] {processor.py:179} INFO - Processing /opt/airflow/dags/sentiment_dag.py took 0.093 seconds
[2026-03-28T18:40:04.804+0000] {processor.py:157} INFO - Started process (PID=984) to work on /opt/airflow/dags/sentiment_dag.py
[2026-03-28T18:40:04.806+0000] {processor.py:829} INFO - Processing file /opt/airflow/dags/sentiment_dag.py for tasks to queue
[2026-03-28T18:40:04.810+0000] {logging_mixin.py:151} INFO - [2026-03-28T18:40:04.809+0000] {dagbag.py:539} INFO - Filling up the DagBag from /opt/airflow/dags/sentiment_dag.py
[2026-03-28T18:40:04.885+0000] {processor.py:839} INFO - DAG(s) dict_keys(['market_sentiment_daily']) retrieved from /opt/airflow/dags/sentiment_dag.py
[2026-03-28T18:40:05.005+0000] {logging_mixin.py:151} INFO - [2026-03-28T18:40:05.004+0000] {dag.py:2915} INFO - Sync 1 DAGs
[2026-03-28T18:40:05.066+0000] {logging_mixin.py:151} INFO - [2026-03-28T18:40:05.066+0000] {dag.py:3696} INFO - Setting next_dagrun for market_sentiment_daily to 2026-03-27T03:00:00+00:00, run_after=2026-03-28T03:00:00+00:00
[2026-03-28T18:40:05.078+0000] {processor.py:179} INFO - Processing /opt/airflow/dags/sentiment_dag.py took 0.314 seconds
[2026-03-28T18:40:36.038+0000] {processor.py:157} INFO - Started process (PID=1006) to work on /opt/airflow/dags/sentiment_dag.py
[2026-03-28T18:40:36.040+0000] {processor.py:829} INFO - Processing file /opt/airflow/dags/sentiment_dag.py for tasks to queue
[2026-03-28T18:40:36.041+0000] {logging_mixin.py:151} INFO - [2026-03-28T18:40:36.040+0000] {dagbag.py:539} INFO - Filling up the DagBag from /opt/airflow/dags/sentiment_dag.py
[2026-03-28T18:40:36.071+0000] {processor.py:839} INFO - DAG(s) dict_keys(['market_sentiment_daily']) retrieved from /opt/airflow/dags/sentiment_dag.py
[2026-03-28T18:40:36.129+0000] {logging_mixin.py:151} INFO - [2026-03-28T18:40:36.129+0000] {dag.py:2915} INFO - Sync 1 DAGs
[2026-03-28T18:40:36.154+0000] {logging_mixin.py:151} INFO - [2026-03-28T18:40:36.154+0000] {dag.py:3696} INFO - Setting next_dagrun for market_sentiment_daily to 2026-03-27T03:00:00+00:00, run_after=2026-03-28T03:00:00+00:00
[2026-03-28T18:40:36.166+0000] {processor.py:179} INFO - Processing /opt/airflow/dags/sentiment_dag.py took 0.135 seconds
[2026-03-28T18:41:06.847+0000] {processor.py:157} INFO - Started process (PID=1028) to work on /opt/airflow/dags/sentiment_dag.py
[2026-03-28T18:41:06.850+0000] {processor.py:829} INFO - Processing file /opt/airflow/dags/sentiment_dag.py for tasks to queue
[2026-03-28T18:41:06.855+0000] {logging_mixin.py:151} INFO - [2026-03-28T18:41:06.853+0000] {dagbag.py:539} INFO - Filling up the DagBag from /opt/airflow/dags/sentiment_dag.py
[2026-03-28T18:41:06.875+0000] {processor.py:839} INFO - DAG(s) dict_keys(['market_sentiment_daily']) retrieved from /opt/airflow/dags/sentiment_dag.py
[2026-03-28T18:41:06.904+0000] {logging_mixin.py:151} INFO - [2026-03-28T18:41:06.904+0000] {dag.py:2915} INFO - Sync 1 DAGs
[2026-03-28T18:41:06.919+0000] {logging_mixin.py:151} INFO - [2026-03-28T18:41:06.918+0000] {dag.py:3696} INFO - Setting next_dagrun for market_sentiment_daily to 2026-03-27T03:00:00+00:00, run_after=2026-03-28T03:00:00+00:00
[2026-03-28T18:41:06.928+0000] {processor.py:179} INFO - Processing /opt/airflow/dags/sentiment_dag.py took 0.101 seconds
[2026-03-28T18:41:37.600+0000] {processor.py:157} INFO - Started process (PID=1050) to work on /opt/airflow/dags/sentiment_dag.py
[2026-03-28T18:41:37.601+0000] {processor.py:829} INFO - Processing file /opt/airflow/dags/sentiment_dag.py for tasks to queue
[2026-03-28T18:41:37.603+0000] {logging_mixin.py:151} INFO - [2026-03-28T18:41:37.602+0000] {dagbag.py:539} INFO - Filling up the DagBag from /opt/airflow/dags/sentiment_dag.py
[2026-03-28T18:41:37.634+0000] {processor.py:839} INFO - DAG(s) dict_keys(['market_sentiment_daily']) retrieved from /opt/airflow/dags/sentiment_dag.py
[2026-03-28T18:41:37.677+0000] {logging_mixin.py:151} INFO - [2026-03-28T18:41:37.677+0000] {dag.py:2915} INFO - Sync 1 DAGs
[2026-03-28T18:41:37.697+0000] {logging_mixin.py:151} INFO - [2026-03-28T18:41:37.696+0000] {dag.py:3696} INFO - Setting next_dagrun for market_sentiment_daily to 2026-03-27T03:00:00+00:00, run_after=2026-03-28T03:00:00+00:00
[2026-03-28T18:41:37.708+0000] {processor.py:179} INFO - Processing /opt/airflow/dags/sentiment_dag.py took 0.116 seconds
[2026-03-28T18:42:08.435+0000] {processor.py:157} INFO - Started process (PID=1072) to work on /opt/airflow/dags/sentiment_dag.py
[2026-03-28T18:42:08.437+0000] {processor.py:829} INFO - Processing file /opt/airflow/dags/sentiment_dag.py for tasks to queue
[2026-03-28T18:42:08.439+0000] {logging_mixin.py:151} INFO - [2026-03-28T18:42:08.439+0000] {dagbag.py:539} INFO - Filling up the DagBag from /opt/airflow/dags/sentiment_dag.py
[2026-03-28T18:42:08.455+0000] {processor.py:839} INFO - DAG(s) dict_keys(['market_sentiment_daily']) retrieved from /opt/airflow/dags/sentiment_dag.py
[2026-03-28T18:42:08.476+0000] {logging_mixin.py:151} INFO - [2026-03-28T18:42:08.475+0000] {dag.py:2915} INFO - Sync 1 DAGs
[2026-03-28T18:42:08.489+0000] {logging_mixin.py:151} INFO - [2026-03-28T18:42:08.489+0000] {dag.py:3696} INFO - Setting next_dagrun for market_sentiment_daily to 2026-03-27T03:00:00+00:00, run_after=2026-03-28T03:00:00+00:00
[2026-03-28T18:42:08.499+0000] {processor.py:179} INFO - Processing /opt/airflow/dags/sentiment_dag.py took 0.068 seconds
[2026-03-28T18:42:39.531+0000] {processor.py:157} INFO - Started process (PID=1094) to work on /opt/airflow/dags/sentiment_dag.py
[2026-03-28T18:42:39.533+0000] {processor.py:829} INFO - Processing file /opt/airflow/dags/sentiment_dag.py for tasks to queue
[2026-03-28T18:42:39.534+0000] {logging_mixin.py:151} INFO - [2026-03-28T18:42:39.533+0000] {dagbag.py:539} INFO - Filling up the DagBag from /opt/airflow/dags/sentiment_dag.py
[2026-03-28T18:42:39.569+0000] {processor.py:839} INFO - DAG(s) dict_keys(['market_sentiment_daily']) retrieved from /opt/airflow/dags/sentiment_dag.py
[2026-03-28T18:42:39.610+0000] {logging_mixin.py:151} INFO - [2026-03-28T18:42:39.610+0000] {dag.py:2915} INFO - Sync 1 DAGs
[2026-03-28T18:42:39.665+0000] {logging_mixin.py:151} INFO - [2026-03-28T18:42:39.665+0000] {dag.py:3696} INFO - Setting next_dagrun for market_sentiment_daily to 2026-03-27T03:00:00+00:00, run_after=2026-03-28T03:00:00+00:00
[2026-03-28T18:42:39.684+0000] {processor.py:179} INFO - Processing /opt/airflow/dags/sentiment_dag.py took 0.160 seconds
[2026-03-28T18:43:10.540+0000] {processor.py:157} INFO - Started process (PID=1116) to work on /opt/airflow/dags/sentiment_dag.py
[2026-03-28T18:43:10.541+0000] {processor.py:829} INFO - Processing file /opt/airflow/dags/sentiment_dag.py for tasks to queue
[2026-03-28T18:43:10.542+0000] {logging_mixin.py:151} INFO - [2026-03-28T18:43:10.542+0000] {dagbag.py:539} INFO - Filling up the DagBag from /opt/airflow/dags/sentiment_dag.py
[2026-03-28T18:43:10.565+0000] {processor.py:839} INFO - DAG(s) dict_keys(['market_sentiment_daily']) retrieved from /opt/airflow/dags/sentiment_dag.py
[2026-03-28T18:43:10.600+0000] {logging_mixin.py:151} INFO - [2026-03-28T18:43:10.599+0000] {dag.py:2915} INFO - Sync 1 DAGs
[2026-03-28T18:43:10.618+0000] {logging_mixin.py:151} INFO - [2026-03-28T18:43:10.618+0000] {dag.py:3696} INFO - Setting next_dagrun for market_sentiment_daily to 2026-03-27T03:00:00+00:00, run_after=2026-03-28T03:00:00+00:00
[2026-03-28T18:43:10.627+0000] {processor.py:179} INFO - Processing /opt/airflow/dags/sentiment_dag.py took 0.093 seconds
[2026-03-28T18:43:40.765+0000] {processor.py:157} INFO - Started process (PID=1138) to work on /opt/airflow/dags/sentiment_dag.py
[2026-03-28T18:43:40.766+0000] {processor.py:829} INFO - Processing file /opt/airflow/dags/sentiment_dag.py for tasks to queue
[2026-03-28T18:43:40.767+0000] {logging_mixin.py:151} INFO - [2026-03-28T18:43:40.767+0000] {dagbag.py:539} INFO - Filling up the DagBag from /opt/airflow/dags/sentiment_dag.py
[2026-03-28T18:43:40.792+0000] {processor.py:839} INFO - DAG(s) dict_keys(['market_sentiment_daily']) retrieved from /opt/airflow/dags/sentiment_dag.py
[2026-03-28T18:43:40.840+0000] {logging_mixin.py:151} INFO - [2026-03-28T18:43:40.840+0000] {dag.py:2915} INFO - Sync 1 DAGs
[2026-03-28T18:43:40.858+0000] {logging_mixin.py:151} INFO - [2026-03-28T18:43:40.858+0000] {dag.py:3696} INFO - Setting next_dagrun for market_sentiment_daily to 2026-03-27T03:00:00+00:00, run_after=2026-03-28T03:00:00+00:00
[2026-03-28T18:43:40.867+0000] {processor.py:179} INFO - Processing /opt/airflow/dags/sentiment_dag.py took 0.109 seconds
[2026-03-28T18:44:11.491+0000] {processor.py:157} INFO - Started process (PID=1160) to work on /opt/airflow/dags/sentiment_dag.py
[2026-03-28T18:44:11.492+0000] {processor.py:829} INFO - Processing file /opt/airflow/dags/sentiment_dag.py for tasks to queue
[2026-03-28T18:44:11.493+0000] {logging_mixin.py:151} INFO - [2026-03-28T18:44:11.493+0000] {dagbag.py:539} INFO - Filling up the DagBag from /opt/airflow/dags/sentiment_dag.py
[2026-03-28T18:44:11.519+0000] {processor.py:839} INFO - DAG(s) dict_keys(['market_sentiment_daily']) retrieved from /opt/airflow/dags/sentiment_dag.py
[2026-03-28T18:44:11.575+0000] {logging_mixin.py:151} INFO - [2026-03-28T18:44:11.575+0000] {dag.py:2915} INFO - Sync 1 DAGs
[2026-03-28T18:44:11.595+0000] {logging_mixin.py:151} INFO - [2026-03-28T18:44:11.595+0000] {dag.py:3696} INFO - Setting next_dagrun for market_sentiment_daily to 2026-03-27T03:00:00+00:00, run_after=2026-03-28T03:00:00+00:00
[2026-03-28T18:44:11.608+0000] {processor.py:179} INFO - Processing /opt/airflow/dags/sentiment_dag.py took 0.127 seconds
[2026-03-28T18:44:41.925+0000] {processor.py:157} INFO - Started process (PID=1182) to work on /opt/airflow/dags/sentiment_dag.py
[2026-03-28T18:44:41.927+0000] {processor.py:829} INFO - Processing file /opt/airflow/dags/sentiment_dag.py for tasks to queue
[2026-03-28T18:44:41.928+0000] {logging_mixin.py:151} INFO - [2026-03-28T18:44:41.927+0000] {dagbag.py:539} INFO - Filling up the DagBag from /opt/airflow/dags/sentiment_dag.py
[2026-03-28T18:44:41.958+0000] {processor.py:839} INFO - DAG(s) dict_keys(['market_sentiment_daily']) retrieved from /opt/airflow/dags/sentiment_dag.py
[2026-03-28T18:44:42.009+0000] {logging_mixin.py:151} INFO - [2026-03-28T18:44:42.009+0000] {dag.py:2915} INFO - Sync 1 DAGs
[2026-03-28T18:44:42.040+0000] {logging_mixin.py:151} INFO - [2026-03-28T18:44:42.040+0000] {dag.py:3696} INFO - Setting next_dagrun for market_sentiment_daily to 2026-03-27T03:00:00+00:00, run_after=2026-03-28T03:00:00+00:00
[2026-03-28T18:44:42.051+0000] {processor.py:179} INFO - Processing /opt/airflow/dags/sentiment_dag.py took 0.137 seconds
[2026-03-28T18:45:12.725+0000] {processor.py:157} INFO - Started process (PID=1204) to work on /opt/airflow/dags/sentiment_dag.py
[2026-03-28T18:45:12.726+0000] {processor.py:829} INFO - Processing file /opt/airflow/dags/sentiment_dag.py for tasks to queue
[2026-03-28T18:45:12.727+0000] {logging_mixin.py:151} INFO - [2026-03-28T18:45:12.727+0000] {dagbag.py:539} INFO - Filling up the DagBag from /opt/airflow/dags/sentiment_dag.py
[2026-03-28T18:45:12.741+0000] {processor.py:839} INFO - DAG(s) dict_keys(['market_sentiment_daily']) retrieved from /opt/airflow/dags/sentiment_dag.py
[2026-03-28T18:45:12.760+0000] {logging_mixin.py:151} INFO - [2026-03-28T18:45:12.760+0000] {dag.py:2915} INFO - Sync 1 DAGs
[2026-03-28T18:45:12.773+0000] {logging_mixin.py:151} INFO - [2026-03-28T18:45:12.773+0000] {dag.py:3696} INFO - Setting next_dagrun for market_sentiment_daily to 2026-03-27T03:00:00+00:00, run_after=2026-03-28T03:00:00+00:00
[2026-03-28T18:45:12.782+0000] {processor.py:179} INFO - Processing /opt/airflow/dags/sentiment_dag.py took 0.059 seconds
[2026-03-28T18:45:43.558+0000] {processor.py:157} INFO - Started process (PID=1226) to work on /opt/airflow/dags/sentiment_dag.py
[2026-03-28T18:45:43.560+0000] {processor.py:829} INFO - Processing file /opt/airflow/dags/sentiment_dag.py for tasks to queue
[2026-03-28T18:45:43.562+0000] {logging_mixin.py:151} INFO - [2026-03-28T18:45:43.561+0000] {dagbag.py:539} INFO - Filling up the DagBag from /opt/airflow/dags/sentiment_dag.py
[2026-03-28T18:45:43.601+0000] {processor.py:839} INFO - DAG(s) dict_keys(['market_sentiment_daily']) retrieved from /opt/airflow/dags/sentiment_dag.py
[2026-03-28T18:45:43.685+0000] {logging_mixin.py:151} INFO - [2026-03-28T18:45:43.684+0000] {dag.py:2915} INFO - Sync 1 DAGs
[2026-03-28T18:45:43.727+0000] {logging_mixin.py:151} INFO - [2026-03-28T18:45:43.726+0000] {dag.py:3696} INFO - Setting next_dagrun for market_sentiment_daily to 2026-03-27T03:00:00+00:00, run_after=2026-03-28T03:00:00+00:00
[2026-03-28T18:45:43.742+0000] {processor.py:179} INFO - Processing /opt/airflow/dags/sentiment_dag.py took 0.192 seconds
[2026-03-28T18:46:14.546+0000] {processor.py:157} INFO - Started process (PID=1248) to work on /opt/airflow/dags/sentiment_dag.py
[2026-03-28T18:46:14.548+0000] {processor.py:829} INFO - Processing file /opt/airflow/dags/sentiment_dag.py for tasks to queue
[2026-03-28T18:46:14.549+0000] {logging_mixin.py:151} INFO - [2026-03-28T18:46:14.549+0000] {dagbag.py:539} INFO - Filling up the DagBag from /opt/airflow/dags/sentiment_dag.py
[2026-03-28T18:46:14.571+0000] {processor.py:839} INFO - DAG(s) dict_keys(['market_sentiment_daily']) retrieved from /opt/airflow/dags/sentiment_dag.py
[2026-03-28T18:46:14.596+0000] {logging_mixin.py:151} INFO - [2026-03-28T18:46:14.596+0000] {dag.py:2915} INFO - Sync 1 DAGs
[2026-03-28T18:46:14.612+0000] {logging_mixin.py:151} INFO - [2026-03-28T18:46:14.612+0000] {dag.py:3696} INFO - Setting next_dagrun for market_sentiment_daily to 2026-03-27T03:00:00+00:00, run_after=2026-03-28T03:00:00+00:00
[2026-03-28T18:46:14.624+0000] {processor.py:179} INFO - Processing /opt/airflow/dags/sentiment_dag.py took 0.084 seconds
[2026-03-28T18:46:44.726+0000] {processor.py:157} INFO - Started process (PID=1270) to work on /opt/airflow/dags/sentiment_dag.py
[2026-03-28T18:46:44.727+0000] {processor.py:829} INFO - Processing file /opt/airflow/dags/sentiment_dag.py for tasks to queue
[2026-03-28T18:46:44.729+0000] {logging_mixin.py:151} INFO - [2026-03-28T18:46:44.728+0000] {dagbag.py:539} INFO - Filling up the DagBag from /opt/airflow/dags/sentiment_dag.py
[2026-03-28T18:46:44.806+0000] {processor.py:839} INFO - DAG(s) dict_keys(['market_sentiment_daily']) retrieved from /opt/airflow/dags/sentiment_dag.py
[2026-03-28T18:46:44.860+0000] {logging_mixin.py:151} INFO - [2026-03-28T18:46:44.859+0000] {dag.py:2915} INFO - Sync 1 DAGs
[2026-03-28T18:46:44.886+0000] {logging_mixin.py:151} INFO - [2026-03-28T18:46:44.886+0000] {dag.py:3696} INFO - Setting next_dagrun for market_sentiment_daily to 2026-03-27T03:00:00+00:00, run_after=2026-03-28T03:00:00+00:00
[2026-03-28T18:46:44.911+0000] {processor.py:179} INFO - Processing /opt/airflow/dags/sentiment_dag.py took 0.193 seconds
[2026-03-28T18:47:15.595+0000] {processor.py:157} INFO - Started process (PID=1292) to work on /opt/airflow/dags/sentiment_dag.py
[2026-03-28T18:47:15.596+0000] {processor.py:829} INFO - Processing file /opt/airflow/dags/sentiment_dag.py for tasks to queue
[2026-03-28T18:47:15.597+0000] {logging_mixin.py:151} INFO - [2026-03-28T18:47:15.597+0000] {dagbag.py:539} INFO - Filling up the DagBag from /opt/airflow/dags/sentiment_dag.py
[2026-03-28T18:47:15.623+0000] {processor.py:839} INFO - DAG(s) dict_keys(['market_sentiment_daily']) retrieved from /opt/airflow/dags/sentiment_dag.py
[2026-03-28T18:47:15.673+0000] {logging_mixin.py:151} INFO - [2026-03-28T18:47:15.673+0000] {dag.py:2915} INFO - Sync 1 DAGs
[2026-03-28T18:47:15.691+0000] {logging_mixin.py:151} INFO - [2026-03-28T18:47:15.691+0000] {dag.py:3696} INFO - Setting next_dagrun for market_sentiment_daily to 2026-03-27T03:00:00+00:00, run_after=2026-03-28T03:00:00+00:00
[2026-03-28T18:47:15.701+0000] {processor.py:179} INFO - Processing /opt/airflow/dags/sentiment_dag.py took 0.111 seconds
[2026-03-28T18:47:45.977+0000] {processor.py:157} INFO - Started process (PID=1314) to work on /opt/airflow/dags/sentiment_dag.py
[2026-03-28T18:47:45.978+0000] {processor.py:829} INFO - Processing file /opt/airflow/dags/sentiment_dag.py for tasks to queue
[2026-03-28T18:47:45.989+0000] {logging_mixin.py:151} INFO - [2026-03-28T18:47:45.989+0000] {dagbag.py:539} INFO - Filling up the DagBag from /opt/airflow/dags/sentiment_dag.py
[2026-03-28T18:47:46.016+0000] {processor.py:839} INFO - DAG(s) dict_keys(['market_sentiment_daily']) retrieved from /opt/airflow/dags/sentiment_dag.py
[2026-03-28T18:47:46.047+0000] {logging_mixin.py:151} INFO - [2026-03-28T18:47:46.047+0000] {dag.py:2915} INFO - Sync 1 DAGs
[2026-03-28T18:47:46.067+0000] {logging_mixin.py:151} INFO - [2026-03-28T18:47:46.067+0000] {dag.py:3696} INFO - Setting next_dagrun for market_sentiment_daily to 2026-03-27T03:00:00+00:00, run_after=2026-03-28T03:00:00+00:00
[2026-03-28T18:47:46.078+0000] {processor.py:179} INFO - Processing /opt/airflow/dags/sentiment_dag.py took 0.105 seconds
[2026-03-28T18:48:16.919+0000] {processor.py:157} INFO - Started process (PID=1336) to work on /opt/airflow/dags/sentiment_dag.py
[2026-03-28T18:48:16.921+0000] {processor.py:829} INFO - Processing file /opt/airflow/dags/sentiment_dag.py for tasks to queue
[2026-03-28T18:48:16.924+0000] {logging_mixin.py:151} INFO - [2026-03-28T18:48:16.924+0000] {dagbag.py:539} INFO - Filling up the DagBag from /opt/airflow/dags/sentiment_dag.py
[2026-03-28T18:48:16.952+0000] {processor.py:839} INFO - DAG(s) dict_keys(['market_sentiment_daily']) retrieved from /opt/airflow/dags/sentiment_dag.py
[2026-03-28T18:48:16.991+0000] {logging_mixin.py:151} INFO - [2026-03-28T18:48:16.991+0000] {dag.py:2915} INFO - Sync 1 DAGs
[2026-03-28T18:48:17.006+0000] {logging_mixin.py:151} INFO - [2026-03-28T18:48:17.006+0000] {dag.py:3696} INFO - Setting next_dagrun for market_sentiment_daily to 2026-03-27T03:00:00+00:00, run_after=2026-03-28T03:00:00+00:00
[2026-03-28T18:48:17.017+0000] {processor.py:179} INFO - Processing /opt/airflow/dags/sentiment_dag.py took 0.105 seconds
[2026-03-28T18:48:47.899+0000] {processor.py:157} INFO - Started process (PID=1358) to work on /opt/airflow/dags/sentiment_dag.py
[2026-03-28T18:48:47.906+0000] {processor.py:829} INFO - Processing file /opt/airflow/dags/sentiment_dag.py for tasks to queue
[2026-03-28T18:48:47.912+0000] {logging_mixin.py:151} INFO - [2026-03-28T18:48:47.908+0000] {dagbag.py:539} INFO - Filling up the DagBag from /opt/airflow/dags/sentiment_dag.py
[2026-03-28T18:48:47.972+0000] {processor.py:839} INFO - DAG(s) dict_keys(['market_sentiment_daily']) retrieved from /opt/airflow/dags/sentiment_dag.py
[2026-03-28T18:48:48.008+0000] {logging_mixin.py:151} INFO - [2026-03-28T18:48:48.007+0000] {dag.py:2915} INFO - Sync 1 DAGs
[2026-03-28T18:48:48.031+0000] {logging_mixin.py:151} INFO - [2026-03-28T18:48:48.030+0000] {dag.py:3696} INFO - Setting next_dagrun for market_sentiment_daily to 2026-03-27T03:00:00+00:00, run_after=2026-03-28T03:00:00+00:00
[2026-03-28T18:48:48.044+0000] {processor.py:179} INFO - Processing /opt/airflow/dags/sentiment_dag.py took 0.152 seconds
[2026-03-28T18:49:18.661+0000] {processor.py:157} INFO - Started process (PID=1380) to work on /opt/airflow/dags/sentiment_dag.py
[2026-03-28T18:49:18.663+0000] {processor.py:829} INFO - Processing file /opt/airflow/dags/sentiment_dag.py for tasks to queue
[2026-03-28T18:49:18.664+0000] {logging_mixin.py:151} INFO - [2026-03-28T18:49:18.663+0000] {dagbag.py:539} INFO - Filling up the DagBag from /opt/airflow/dags/sentiment_dag.py
[2026-03-28T18:49:18.692+0000] {processor.py:839} INFO - DAG(s) dict_keys(['market_sentiment_daily']) retrieved from /opt/airflow/dags/sentiment_dag.py
[2026-03-28T18:49:18.738+0000] {logging_mixin.py:151} INFO - [2026-03-28T18:49:18.738+0000] {dag.py:2915} INFO - Sync 1 DAGs
[2026-03-28T18:49:18.781+0000] {logging_mixin.py:151} INFO - [2026-03-28T18:49:18.780+0000] {dag.py:3696} INFO - Setting next_dagrun for market_sentiment_daily to 2026-03-27T03:00:00+00:00, run_after=2026-03-28T03:00:00+00:00
[2026-03-28T18:49:18.791+0000] {processor.py:179} INFO - Processing /opt/airflow/dags/sentiment_dag.py took 0.141 seconds
[2026-03-28T18:49:49.548+0000] {processor.py:157} INFO - Started process (PID=1402) to work on /opt/airflow/dags/sentiment_dag.py
[2026-03-28T18:49:49.549+0000] {processor.py:829} INFO - Processing file /opt/airflow/dags/sentiment_dag.py for tasks to queue
[2026-03-28T18:49:49.550+0000] {logging_mixin.py:151} INFO - [2026-03-28T18:49:49.550+0000] {dagbag.py:539} INFO - Filling up the DagBag from /opt/airflow/dags/sentiment_dag.py
[2026-03-28T18:49:49.569+0000] {processor.py:839} INFO - DAG(s) dict_keys(['market_sentiment_daily']) retrieved from /opt/airflow/dags/sentiment_dag.py
[2026-03-28T18:49:49.596+0000] {logging_mixin.py:151} INFO - [2026-03-28T18:49:49.595+0000] {dag.py:2915} INFO - Sync 1 DAGs
[2026-03-28T18:49:49.627+0000] {logging_mixin.py:151} INFO - [2026-03-28T18:49:49.627+0000] {dag.py:3696} INFO - Setting next_dagrun for market_sentiment_daily to 2026-03-27T03:00:00+00:00, run_after=2026-03-28T03:00:00+00:00
[2026-03-28T18:49:49.637+0000] {processor.py:179} INFO - Processing /opt/airflow/dags/sentiment_dag.py took 0.093 seconds
